 svn version 1750:
 
damp cf_1 = 1.0, cf_2=0.5, r_damp=0.97			
correct! 04/28/2014		PME coef = 0.000015	
r_vdw_mg=2.0 e_vdw_mg=-0.3			
ind_dip_conv = 0.0001			

 
 1.500    -19.276410   325.159    325.160
 1.550    -34.260602   248.656    248.659
 1.600    -46.041166   190.725    190.730
 1.650    -55.383852   144.996    145.538
 1.700    -62.768587   106.644    106.645
 1.750    -68.469769    72.540     72.539
 1.800    -72.637269    41.237     41.235
 1.850    -75.382010    12.721     12.718
 1.900    -76.829652   -12.299    -12.305
 1.950    -77.148718   -33.062    -33.065
 2.000    -76.537316   -49.233    -49.238
 2.050    -75.204341   -60.984    -60.990
 2.100    -73.344554   -68.858    -68.864
 2.150    -71.125024   -73.563    -73.570
 2.200    -68.680172   -75.816    -75.823
 2.250    -66.113716   -76.247    -76.251
 2.300    -63.500716   -75.369    -75.373
 2.350    -60.896552   -73.582    -73.585
 2.400    -58.339461   -71.185    -71.188
 2.450    -55.855289   -68.399    -68.402
 2.500    -53.460273   -65.384    -65.389
 2.550    -51.165445   -62.258    -62.263
 2.600    -48.975541   -59.103    -59.108
 2.650    -46.892360   -55.977    -55.981
 2.700    -44.915274   -52.919    -52.923
 2.750    -43.041971   -49.957    -49.960
 2.800    -41.269008   -47.107    -47.111
 2.850    -39.592218   -44.380    -44.383
 2.900    -38.007007   -41.781    -41.784
 2.950    -36.508570   -39.310    -39.312
 3.000    -35.092050   -36.966    -36.968
 3.050    -33.752644   -34.745    -34.747
 3.100    -32.485682   -32.644    -32.646
 3.150    -31.286677   -30.656    -30.658
 3.200    -30.151354   -28.777    -28.778
 3.250    -29.075670   -27.000    -27.001
 3.300    -28.055818   -25.319    -25.320
 3.350    -27.088231   -23.729    -23.730
 3.400    -26.169574   -22.223    -22.225
 3.450    -25.296736   -20.798    -20.799
 3.500    -24.466821   -19.447    -19.448
 3.550    -23.677136   -18.166    -18.167
 3.600    -22.924988   -16.949    -16.951
 3.650    -22.208442   -15.795    -15.796
 3.700    -21.525136   -14.697    -14.699
 3.750    -20.873063   -13.653    -13.655
 3.800    -20.250361   -12.660    -12.661
 3.850    -19.655296   -11.713    -11.714
 3.900    -19.086261   -10.811    -10.812
 3.950    -18.541756    -9.950     -9.951
 4.000    -18.020390    -9.128     -9.129
 4.050    -17.520864    -8.342     -8.343
 4.100    -17.041968    -7.591     -7.592
 4.150    -16.582577    -6.872     -6.873
 4.200    -16.141636    -6.184     -6.185
 4.250    -15.718164    -5.525     -5.525
 4.300    -15.311241    -4.892     -4.893
 4.350    -14.920010    -4.286     -4.286
 4.400    -14.543665    -3.703     -3.704
 4.450    -14.181454    -3.144     -3.145
 4.500    -13.832670    -2.606     -2.607
 4.550    -13.496650    -2.089     -2.090
 4.600    -13.172774    -1.592     -1.592
 4.650    -12.860455    -1.112     -1.113
 4.700    -12.559145    -0.651     -0.651
 4.750    -12.268326    -0.206     -0.207
 4.800    -11.987512     0.223      0.222
 4.850    -11.716243     0.636      0.729
 4.900    -11.453999     1.036      1.035
 4.950    -11.200551     1.422      1.421
 5.000    -10.955423     1.794      1.794
 