1.5 13.6168
1.55 -11.5821
1.6 -30.3307
1.65 -44.1066
1.7 -54.0399
1.75 -61.0009
1.8 -65.6643
1.85 -68.5559
1.9 -70.0866
1.95 -70.5784
2.0 -70.2838
2.05 -69.4007
2.1 -68.0843
2.15 -66.4559
2.2 -64.6099
2.25 -62.6201
2.3 -60.5434
2.35 -58.4241
2.4 -56.2958
2.45 -54.1843
2.5 -52.1091
2.55 -50.0845
2.6 -48.1207
2.65 -46.2249
2.7 -44.4016
2.75 -42.6536
2.8 -40.9817
2.85 -39.3858
2.9 -37.8648
2.95 -36.4167
3.0 -35.0394
3.05 -33.7301
3.1 -32.486
3.15 -31.3039
3.2 -30.1809
3.25 -29.1138
3.3 -28.0997
3.35 -27.1357
3.4 -26.2188
3.45 -25.3465
3.5 -24.5161
3.55 -23.7252
3.6 -22.9715
3.65 -22.2529
3.7 -21.5673
3.75 -20.9127
3.8 -20.2875
3.85 -19.6899
3.9 -19.1183
3.95 -18.5714
4.0 -18.0476
4.05 -17.5458
4.1 -17.0647
4.15 -16.6033
4.2 -16.1604
4.25 -15.735
4.3 -15.3264
4.35 -14.9335
4.4 -14.5556
4.45 -14.1919
4.5 -13.8418
4.55 -13.5045
4.6 -13.1794
4.65 -12.866
4.7 -12.5636
4.75 -12.2719
4.8 -11.9901
4.85 -11.718
4.9 -11.4551
4.95 -11.2009
5.0 -10.9551
