C:\Program Files (x86)\Microsoft Visual Studio\2019\Professional\MSBuild\Microsoft\VC\v160\Microsoft.CppBuild.targets(477,5): warning MSB8004: Output Directory does not end with a trailing slash.  This build instance will add the slash as it is required to allow proper evaluation of the Output Directory.
  Performing Custom Build Tools
..\PNPS\src\pnpsapp.h(140): warning 454: Setting a pointer/reference variable may leak memory.
  buildworldni.cpp
  contworld.cpp
  tinyxml.cpp
  tinyxmlerror.cpp
  tinyxmlparser.cpp
  mapio.cpp
  nernstplanksolver.cpp
  pbwithljsolver.cpp
  pnpinterfaces.cpp
  pnps.cpp
  pnpsapp.cpp
  pnpstructs.cpp
  pnputil.cpp
C:\MYPROG\HAPACK\PNPS\src\mapio.cpp(9,10): fatal error C1083: Cannot open include file: 'zlib.h': No such file or directory
  poissonboltzmannsolver.cpp
C:\MYPROG\HAPACK\PNPS\src\mapio.h(4,10): fatal error C1083: Cannot open include file: 'zlib.h': No such file or directory (compiling source file ..\PNPS\src\nernstplanksolver.cpp)
  poissonnernstplancksolver.cpp
C:\MYPROG\HAPACK\PNPS\src\contworld.h(18,10): fatal error C1083: Cannot open include file: 'zlib.h': No such file or directory (compiling source file ..\PNPS\src\contworld.cpp)
  poissonsolver.cpp
C:\MYPROG\HAPACK\PNPS\src\contworld.h(18,10): fatal error C1083: Cannot open include file: 'zlib.h': No such file or directory (compiling source file ..\PNPS\src\pnputil.cpp)
  sissgausps.cpp
C:\MYPROG\HAPACK\PNPS\src\mapio.h(4,10): fatal error C1083: Cannot open include file: 'zlib.h': No such file or directory (compiling source file ..\PNPS\src\poissonnernstplancksolver.cpp)
C:\MYPROG\HAPACK\PNPS\src\contworld.h(18,10): fatal error C1083: Cannot open include file: 'zlib.h': No such file or directory (compiling source file ..\PNPS\src\buildworldni.cpp)
C:\MYPROG\HAPACK\PNPS\src\contworld.h(18,10): fatal error C1083: Cannot open include file: 'zlib.h': No such file or directory (compiling source file ..\PNPS\src\pbwithljsolver.cpp)
C:\MYPROG\HAPACK\PNPS\src\pnpsapp.h(29,10): fatal error C1083: Cannot open include file: 'zlib.h': No such file or directory (compiling source file ..\PNPS\src\pnpsapp.cpp)
C:\MYPROG\HAPACK\PNPS\src\contworld.h(18,10): fatal error C1083: Cannot open include file: 'zlib.h': No such file or directory (compiling source file ..\PNPS\src\poissonboltzmannsolver.cpp)
C:\MYPROG\HAPACK\PNPS\src\contworld.h(18,10): fatal error C1083: Cannot open include file: 'zlib.h': No such file or directory (compiling source file ..\PNPS\src\poissonsolver.cpp)
C:\MYPROG\HAPACK\PNPS\src\contworld.h(18,10): fatal error C1083: Cannot open include file: 'zlib.h': No such file or directory (compiling source file ..\PNPS\src\sissgausps.cpp)
