c:\myprog\hapack\mswin\obj\debug_x64\harlem_lib_vs\dialogs_wx_2.obj
c:\myprog\hapack\mswin\obj\debug_x64\harlem_lib_vs\haintengine.obj
c:\myprog\hapack\mswin\obj\debug_x64\harlem_lib_vs\hamolset.obj
c:\myprog\hapack\mswin\obj\debug_x64\harlem_lib_vs\mm_traj_anal.obj
c:\myprog\hapack\mswin\obj\debug_x64\harlem_lib_vs\trajanal.obj
c:\myprog\hapack\mswin\obj\debug_x64\harlem_lib_vs\ha_mort_mol.obj
c:\myprog\hapack\mswin\obj\debug_x64\harlem_lib_vs\hacolors.obj
c:\myprog\hapack\mswin\obj\debug_x64\harlem_lib_vs\hamolmech.obj
c:\myprog\hapack\mswin\obj\debug_x64\harlem_lib_vs\hazindo.obj
c:\myprog\hapack\mswin\obj\debug_x64\harlem_lib_vs\mm_model.obj
c:\myprog\hapack\mswin\obj\debug_x64\harlem_lib_vs\elmod.obj
c:\myprog\hapack\mswin\obj\debug_x64\harlem_lib_vs\haintcrd.obj
c:\myprog\hapack\mswin\obj\debug_x64\harlem_lib_vs\haresdb.obj
c:\myprog\hapack\mswin\obj\debug_x64\harlem_lib_vs\mm_driver_amber.obj
c:\myprog\hapack\mswin\obj\debug_x64\harlem_lib_vs\wx_prot_redox_dlg.obj
c:\myprog\hapack\mswin\obj\debug_x64\harlem_lib_vs\ha_mort_mm.obj
c:\myprog\hapack\mswin\obj\debug_x64\harlem_lib_vs\hagaussian.obj
c:\myprog\hapack\mswin\obj\debug_x64\harlem_lib_vs\harpavec.obj
c:\myprog\hapack\mswin\obj\debug_x64\harlem_lib_vs\hasurface.obj
c:\myprog\hapack\mswin\obj\debug_x64\harlem_lib_vs\mm_force_field.obj
c:\myprog\hapack\mswin\obj\debug_x64\harlem_lib_vs\transfor.obj
c:\myprog\hapack\mswin\obj\debug_x64\harlem_lib_vs\command.obj
c:\myprog\hapack\mswin\obj\debug_x64\harlem_lib_vs\hacompmod.obj
c:\myprog\hapack\mswin\obj\debug_x64\harlem_lib_vs\halocorb.obj
c:\myprog\hapack\mswin\obj\debug_x64\harlem_lib_vs\hampi.obj
c:\myprog\hapack\mswin\obj\debug_x64\harlem_lib_vs\mm_driver_gromacs.obj
c:\myprog\hapack\mswin\obj\debug_x64\harlem_lib_vs\object3d.obj
c:\myprog\hapack\mswin\obj\debug_x64\harlem_lib_vs\stmmod.obj
c:\myprog\hapack\mswin\obj\debug_x64\harlem_lib_vs\etcoupl.obj
c:\myprog\hapack\mswin\obj\debug_x64\harlem_lib_vs\hadalton.obj
c:\myprog\hapack\mswin\obj\debug_x64\harlem_lib_vs\haintermol.obj
c:\myprog\hapack\mswin\obj\debug_x64\harlem_lib_vs\haqchem.obj
c:\myprog\hapack\mswin\obj\debug_x64\harlem_lib_vs\mm_dialogs_wx.obj
c:\myprog\hapack\mswin\obj\debug_x64\harlem_lib_vs\rigidbodycoord.obj
c:\myprog\hapack\mswin\obj\debug_x64\harlem_lib_vs\vec3d.obj
c:\myprog\hapack\mswin\obj\debug_x64\harlem_lib_vs\abstree.obj
c:\myprog\hapack\mswin\obj\debug_x64\harlem_lib_vs\haatom.obj
c:\myprog\hapack\mswin\obj\debug_x64\harlem_lib_vs\halocexcit.obj
c:\myprog\hapack\mswin\obj\debug_x64\harlem_lib_vs\hamolview.obj
c:\myprog\hapack\mswin\obj\debug_x64\harlem_lib_vs\harlemapp_wx.obj
c:\myprog\hapack\mswin\obj\debug_x64\harlem_lib_vs\ndo.obj
c:\myprog\hapack\mswin\obj\debug_x64\harlem_lib_vs\protonredox.obj
c:\myprog\hapack\mswin\obj\debug_x64\harlem_lib_vs\canvas3d.obj
c:\myprog\hapack\mswin\obj\debug_x64\harlem_lib_vs\haatgroup.obj
c:\myprog\hapack\mswin\obj\debug_x64\harlem_lib_vs\hamainframe_wx.obj
c:\myprog\hapack\mswin\obj\debug_x64\harlem_lib_vs\mm_params.obj
c:\myprog\hapack\mswin\obj\debug_x64\harlem_lib_vs\nuclacidmod.obj
c:\myprog\hapack\mswin\obj\debug_x64\harlem_lib_vs\wxmolflex.obj
c:\myprog\hapack\mswin\obj\debug_x64\harlem_lib_vs\atom_mapping.obj
c:\myprog\hapack\mswin\obj\debug_x64\harlem_lib_vs\haatombasis.obj
c:\myprog\hapack\mswin\obj\debug_x64\harlem_lib_vs\hamatdb.obj
c:\myprog\hapack\mswin\obj\debug_x64\harlem_lib_vs\harlemapp.obj
c:\myprog\hapack\mswin\obj\debug_x64\harlem_lib_vs\outfile.obj
c:\myprog\hapack\mswin\obj\debug_x64\harlem_lib_vs\apbsmod.obj
c:\myprog\hapack\mswin\obj\debug_x64\harlem_lib_vs\haatbasdb.obj
c:\myprog\hapack\mswin\obj\debug_x64\harlem_lib_vs\haflexmod.obj
c:\myprog\hapack\mswin\obj\debug_x64\harlem_lib_vs\hamultipole.obj
c:\myprog\hapack\mswin\obj\debug_x64\harlem_lib_vs\harpaham.obj
c:\myprog\hapack\mswin\obj\debug_x64\harlem_lib_vs\hasimulator.obj
c:\myprog\hapack\mswin\obj\debug_x64\harlem_lib_vs\mm_elements.obj
c:\myprog\hapack\mswin\obj\debug_x64\harlem_lib_vs\repres.obj
c:\myprog\hapack\mswin\obj\debug_x64\harlem_lib_vs\electrostmod.obj
c:\myprog\hapack\mswin\obj\debug_x64\harlem_lib_vs\habond.obj
c:\myprog\hapack\mswin\obj\debug_x64\harlem_lib_vs\haempirical.obj
c:\myprog\hapack\mswin\obj\debug_x64\harlem_lib_vs\hamolecule.obj
c:\myprog\hapack\mswin\obj\debug_x64\harlem_lib_vs\hascattermod.obj
c:\myprog\hapack\mswin\obj\debug_x64\harlem_lib_vs\infile.obj
c:\myprog\hapack\mswin\obj\debug_x64\harlem_lib_vs\script.obj
c:\myprog\hapack\mswin\obj\debug_x64\harlem_lib_vs\wxmoled.obj
c:\myprog\hapack\mswin\obj\debug_x64\harlem_lib_vs\dialogs_wx_1.obj
c:\myprog\hapack\mswin\obj\debug_x64\harlem_lib_vs\haproteined.obj
c:\myprog\hapack\mswin\obj\debug_x64\harlem_lib_vs\hatests.obj
c:\myprog\hapack\mswin\obj\debug_x64\harlem_lib_vs\moleditor.obj
c:\myprog\hapack\mswin\obj\debug_x64\harlem_lib_vs\qc_dialogs_wx.obj
c:\myprog\hapack\mswin\obj\debug_x64\harlem_lib_vs\ha_wx_aux_1.obj
c:\myprog\hapack\mswin\obj\debug_x64\harlem_lib_vs\hawx_add.obj
c:\myprog\hapack\mswin\obj\debug_x64\harlem_lib_vs\mm_driver_tinker.obj
c:\myprog\hapack\mswin\obj\debug_x64\harlem_lib_vs\ha_wx_ed_wdr.obj
c:\myprog\hapack\mswin\obj\debug_x64\harlem_lib_vs\hatypes.obj
c:\myprog\hapack\mswin\obj\debug_x64\harlem_lib_vs\manual.obj
c:\myprog\hapack\mswin\obj\debug_x64\harlem_lib_vs\march_cube.obj
c:\myprog\hapack\mswin\obj\debug_x64\harlem_lib_vs\halinalg.obj
c:\myprog\hapack\mswin\obj\debug_x64\harlem_lib_vs\tinyxmlerror.obj
c:\myprog\hapack\mswin\obj\debug_x64\harlem_lib_vs\ha_wx_res_2_wdr.obj
c:\myprog\hapack\mswin\obj\debug_x64\harlem_lib_vs\hachart.obj
c:\myprog\hapack\mswin\obj\debug_x64\harlem_lib_vs\wxpymod.obj
c:\myprog\hapack\mswin\obj\debug_x64\harlem_lib_vs\ha_wx_res_wdr.obj
c:\myprog\hapack\mswin\obj\debug_x64\harlem_lib_vs\haxml.obj
c:\myprog\hapack\mswin\obj\debug_x64\harlem_lib_vs\gaufile.obj
c:\myprog\hapack\mswin\obj\debug_x64\harlem_lib_vs\haio.obj
c:\myprog\hapack\mswin\obj\debug_x64\harlem_lib_vs\hastring.obj
c:\myprog\hapack\mswin\obj\debug_x64\harlem_lib_vs\ha_wx_res_molflex_wdr.obj
c:\myprog\hapack\mswin\obj\debug_x64\harlem_lib_vs\hahbhp.obj
c:\myprog\hapack\mswin\obj\debug_x64\harlem_lib_vs\haobject.obj
c:\myprog\hapack\mswin\obj\debug_x64\harlem_lib_vs\hapseudopot.obj
c:\myprog\hapack\mswin\obj\debug_x64\harlem_lib_vs\qc_params.obj
c:\myprog\hapack\mswin\obj\debug_x64\harlem_lib_vs\tinyxmlparser.obj
c:\myprog\hapack\mswin\obj\debug_x64\harlem_lib_vs\ha_wx_res_mikola_wdr.obj
c:\myprog\hapack\mswin\obj\debug_x64\harlem_lib_vs\hachart_wx.obj
c:\myprog\hapack\mswin\obj\debug_x64\harlem_lib_vs\fminbr.obj
c:\myprog\hapack\mswin\obj\debug_x64\harlem_lib_vs\haconsts.obj
c:\myprog\hapack\mswin\obj\debug_x64\harlem_lib_vs\hacoord.obj
c:\myprog\hapack\mswin\obj\debug_x64\harlem_lib_vs\hastl.obj
c:\myprog\hapack\mswin\obj\debug_x64\harlem_lib_vs\hasvnrev.obj
c:\myprog\hapack\mswin\obj\debug_x64\harlem_lib_vs\tinyxml.obj
c:\myprog\hapack\mswin\obj\debug_x64\harlem_lib_vs\hamolset_wrap.obj
c:\myprog\hapack\mswin\obj\debug_x64\harlem_lib_vs\gmathc.obj
c:\myprog\hapack\mswin\obj\debug_x64\harlem_lib_vs\hamolset_wrap.cpp
c:\myprog\hapack\mswin\debug_x64\molset\_molsetc_d.lib
c:\myprog\hapack\mswin\debug_x64\molset\_molsetc_d.exp
c:\myprog\hapack\mswin\obj\debug_x64\harlem_lib_vs\vcpkg.applocal.log
c:\myprog\hapack\mswin\debug_x64\molset\zlibd1.dll
c:\myprog\hapack\mswin\debug_x64\molset\boost_filesystem-vc142-mt-gd-x64-1_70.dll
c:\myprog\hapack\mswin\debug_x64\molset\python38_d.dll
c:\myprog\hapack\mswin\debug_x64\molset\_molsetc_d.ilk
c:\myprog\hapack\mswin\debug_x64\molset\_molsetc_d.pyd
c:\myprog\hapack\mswin\debug_x64\molset\_molsetc_d.pdb
c:\myprog\hapack\mswin\obj\debug_x64\harlem_lib_vs\harlemwin.res
c:\myprog\hapack\mswin\obj\debug_x64\harlem_lib_vs\harlem_lib_vs.tlog\cl.command.1.tlog
c:\myprog\hapack\mswin\obj\debug_x64\harlem_lib_vs\harlem_lib_vs.tlog\cl.read.1.tlog
c:\myprog\hapack\mswin\obj\debug_x64\harlem_lib_vs\harlem_lib_vs.tlog\cl.write.1.tlog
c:\myprog\hapack\mswin\obj\debug_x64\harlem_lib_vs\harlem_lib_vs.tlog\custombuild.command.1.tlog
c:\myprog\hapack\mswin\obj\debug_x64\harlem_lib_vs\harlem_lib_vs.tlog\custombuild.read.1.tlog
c:\myprog\hapack\mswin\obj\debug_x64\harlem_lib_vs\harlem_lib_vs.tlog\custombuild.write.1.tlog
c:\myprog\hapack\mswin\obj\debug_x64\harlem_lib_vs\harlem_lib_vs.tlog\harlem_lib_vs.write.1u.tlog
c:\myprog\hapack\mswin\obj\debug_x64\harlem_lib_vs\harlem_lib_vs.tlog\link.command.1.tlog
c:\myprog\hapack\mswin\obj\debug_x64\harlem_lib_vs\harlem_lib_vs.tlog\link.read.1.tlog
c:\myprog\hapack\mswin\obj\debug_x64\harlem_lib_vs\harlem_lib_vs.tlog\link.write.1.tlog
c:\myprog\hapack\mswin\obj\debug_x64\harlem_lib_vs\harlem_lib_vs.tlog\rc.command.1.tlog
c:\myprog\hapack\mswin\obj\debug_x64\harlem_lib_vs\harlem_lib_vs.tlog\rc.read.1.tlog
c:\myprog\hapack\mswin\obj\debug_x64\harlem_lib_vs\harlem_lib_vs.tlog\rc.write.1.tlog
