  determinant.cpp
  diagonalize.cpp
  inverse.cpp
  stringc.cpp
  svd.cpp
  xtime.cpp
C:\MYPROG\HAPACK\WOLFGANG\DO_LIB\include\stringc.h(201,24): warning C4267: 'return': conversion from 'size_t' to 'int', possible loss of data (compiling source file ..\WOLFGANG\DO_LIB\diagonalize.cpp)
C:\MYPROG\HAPACK\WOLFGANG\DO_LIB\xtime.cpp(54,2): warning C4996: 'strcpy': This function or variable may be unsafe. Consider using strcpy_s instead. To disable deprecation, use _CRT_SECURE_NO_WARNINGS. See online help for details.
C:\MYPROG\HAPACK\WOLFGANG\DO_LIB\xtime.cpp(81,13): warning C4996: 'strdup': The POSIX name for this item is deprecated. Instead, use the ISO C and C++ conformant name: _strdup. See online help for details.
C:\MYPROG\HAPACK\WOLFGANG\DO_LIB\xtime.cpp(133,7): warning C4996: 'sprintf': This function or variable may be unsafe. Consider using sprintf_s instead. To disable deprecation, use _CRT_SECURE_NO_WARNINGS. See online help for details.
C:\MYPROG\HAPACK\WOLFGANG\DO_LIB\include\stringc.h(201,24): warning C4267: 'return': conversion from 'size_t' to 'int', possible loss of data (compiling source file ..\WOLFGANG\DO_LIB\stringc.cpp)
C:\MYPROG\HAPACK\WOLFGANG\DO_LIB\stringc.cpp(33,25): warning C4267: 'initializing': conversion from 'size_t' to 'int', possible loss of data
C:\MYPROG\HAPACK\WOLFGANG\DO_LIB\stringc.cpp(35,4): warning C4996: 'strcpy': This function or variable may be unsafe. Consider using strcpy_s instead. To disable deprecation, use _CRT_SECURE_NO_WARNINGS. See online help for details.
C:\MYPROG\HAPACK\WOLFGANG\DO_LIB\stringc.cpp(92,11): warning C4244: 'return': conversion from '__int64' to 'int', possible loss of data
C:\MYPROG\HAPACK\WOLFGANG\DO_LIB\stringc.cpp(157,5): warning C4996: 'strcpy': This function or variable may be unsafe. Consider using strcpy_s instead. To disable deprecation, use _CRT_SECURE_NO_WARNINGS. See online help for details.
C:\MYPROG\HAPACK\WOLFGANG\DO_LIB\stringc.cpp(158,14): warning C4996: 'strcat': This function or variable may be unsafe. Consider using strcat_s instead. To disable deprecation, use _CRT_SECURE_NO_WARNINGS. See online help for details.
C:\MYPROG\HAPACK\WOLFGANG\DO_LIB\stringc.cpp(162,14): warning C4996: 'strcpy': This function or variable may be unsafe. Consider using strcpy_s instead. To disable deprecation, use _CRT_SECURE_NO_WARNINGS. See online help for details.
C:\MYPROG\HAPACK\WOLFGANG\DO_LIB\stringc.cpp(175,4): warning C4996: 'sprintf': This function or variable may be unsafe. Consider using sprintf_s instead. To disable deprecation, use _CRT_SECURE_NO_WARNINGS. See online help for details.
C:\MYPROG\HAPACK\WOLFGANG\DO_LIB\include\stringc.h(201,24): warning C4267: 'return': conversion from 'size_t' to 'int', possible loss of data (compiling source file ..\WOLFGANG\DO_LIB\determinant.cpp)
C:\MYPROG\HAPACK\WOLFGANG\DO_LIB\include\stringc.h(201,24): warning C4267: 'return': conversion from 'size_t' to 'int', possible loss of data (compiling source file ..\WOLFGANG\DO_LIB\svd.cpp)
C:\MYPROG\HAPACK\WOLFGANG\DO_LIB\include\stringc.h(201,24): warning C4267: 'return': conversion from 'size_t' to 'int', possible loss of data (compiling source file ..\WOLFGANG\DO_LIB\inverse.cpp)
C:\MYPROG\HAPACK\WOLFGANG\DO_LIB\inverse.cpp(239,30): warning C4244: 'initializing': conversion from 'Base' to 'float', possible loss of data
          with
          [
              Base=double
          ]
C:\MYPROG\HAPACK\WOLFGANG\DO_LIB\inverse.cpp(260,5): warning C4244: 'initializing': conversion from 'Base' to 'float', possible loss of data
          with
          [
              Base=double
          ]
C:\MYPROG\HAPACK\WOLFGANG\DO_LIB\template\tarray.h(1003,9): warning C4996: 'sprintf': This function or variable may be unsafe. Consider using sprintf_s instead. To disable deprecation, use _CRT_SECURE_NO_WARNINGS. See online help for details. (compiling source file ..\WOLFGANG\DO_LIB\diagonalize.cpp)
C:\MYPROG\HAPACK\WOLFGANG\DO_LIB\template\tarray.h(983): message : while compiling class template member function 'void Array2D<Base>::print(std::ostream &,int) const'
          with
          [
              Base=double
          ] (compiling source file ..\WOLFGANG\DO_LIB\diagonalize.cpp)
C:\MYPROG\HAPACK\WOLFGANG\DO_LIB\template\tarray.h(969): message : see reference to function template instantiation 'void Array2D<Base>::print(std::ostream &,int) const' being compiled
          with
          [
              Base=double
          ] (compiling source file ..\WOLFGANG\DO_LIB\diagonalize.cpp)
C:\MYPROG\HAPACK\WOLFGANG\DO_LIB\template\tarray.h(725): message : while compiling class template member function 'void Array2D<Base>::init(void)'
          with
          [
              Base=double
          ] (compiling source file ..\WOLFGANG\DO_LIB\diagonalize.cpp)
C:\MYPROG\HAPACK\WOLFGANG\DO_LIB\template\tarray.h(743): message : see reference to function template instantiation 'void Array2D<Base>::init(void)' being compiled
          with
          [
              Base=double
          ] (compiling source file ..\WOLFGANG\DO_LIB\diagonalize.cpp)
C:\MYPROG\HAPACK\WOLFGANG\DO_LIB\template\tnumarray.h(835): message : while compiling class template member function 'void NumArray2D<double>::multiply(const NumArray2D<double> &,const NumArray2D<double> &)' (compiling source file ..\WOLFGANG\DO_LIB\diagonalize.cpp)
C:\MYPROG\HAPACK\WOLFGANG\DO_LIB\include\numer.h(103): message : see reference to function template instantiation 'void NumArray2D<double>::multiply(const NumArray2D<double> &,const NumArray2D<double> &)' being compiled (compiling source file ..\WOLFGANG\DO_LIB\diagonalize.cpp)
C:\MYPROG\HAPACK\WOLFGANG\DO_LIB\include\numer.h(58): message : see reference to class template instantiation 'NumArray2D<double>' being compiled (compiling source file ..\WOLFGANG\DO_LIB\diagonalize.cpp)
C:\MYPROG\HAPACK\WOLFGANG\DO_LIB\template\tarray.h(1003,9): warning C4996: 'sprintf': This function or variable may be unsafe. Consider using sprintf_s instead. To disable deprecation, use _CRT_SECURE_NO_WARNINGS. See online help for details. (compiling source file ..\WOLFGANG\DO_LIB\svd.cpp)
C:\MYPROG\HAPACK\WOLFGANG\DO_LIB\template\tarray.h(983): message : while compiling class template member function 'void Array2D<Base>::print(std::ostream &,int) const'
          with
          [
              Base=double
          ] (compiling source file ..\WOLFGANG\DO_LIB\svd.cpp)
C:\MYPROG\HAPACK\WOLFGANG\DO_LIB\template\tarray.h(969): message : see reference to function template instantiation 'void Array2D<Base>::print(std::ostream &,int) const' being compiled
          with
          [
              Base=double
          ] (compiling source file ..\WOLFGANG\DO_LIB\svd.cpp)
C:\MYPROG\HAPACK\WOLFGANG\DO_LIB\template\tarray.h(725): message : while compiling class template member function 'void Array2D<Base>::init(void)'
          with
          [
              Base=double
          ] (compiling source file ..\WOLFGANG\DO_LIB\svd.cpp)
C:\MYPROG\HAPACK\WOLFGANG\DO_LIB\template\tarray.h(743): message : see reference to function template instantiation 'void Array2D<Base>::init(void)' being compiled
          with
          [
              Base=double
          ] (compiling source file ..\WOLFGANG\DO_LIB\svd.cpp)
C:\MYPROG\HAPACK\WOLFGANG\DO_LIB\template\tnumarray.h(835): message : while compiling class template member function 'void NumArray2D<double>::multiply(const NumArray2D<double> &,const NumArray2D<double> &)' (compiling source file ..\WOLFGANG\DO_LIB\svd.cpp)
C:\MYPROG\HAPACK\WOLFGANG\DO_LIB\include\numer.h(103): message : see reference to function template instantiation 'void NumArray2D<double>::multiply(const NumArray2D<double> &,const NumArray2D<double> &)' being compiled (compiling source file ..\WOLFGANG\DO_LIB\svd.cpp)
C:\MYPROG\HAPACK\WOLFGANG\DO_LIB\include\numer.h(58): message : see reference to class template instantiation 'NumArray2D<double>' being compiled (compiling source file ..\WOLFGANG\DO_LIB\svd.cpp)
C:\MYPROG\HAPACK\WOLFGANG\DO_LIB\template\tarray.h(1003,9): warning C4996: 'sprintf': This function or variable may be unsafe. Consider using sprintf_s instead. To disable deprecation, use _CRT_SECURE_NO_WARNINGS. See online help for details. (compiling source file ..\WOLFGANG\DO_LIB\determinant.cpp)
C:\MYPROG\HAPACK\WOLFGANG\DO_LIB\template\tarray.h(983): message : while compiling class template member function 'void Array2D<Base>::print(std::ostream &,int) const'
          with
          [
              Base=double
          ] (compiling source file ..\WOLFGANG\DO_LIB\determinant.cpp)
C:\MYPROG\HAPACK\WOLFGANG\DO_LIB\template\tarray.h(969): message : see reference to function template instantiation 'void Array2D<Base>::print(std::ostream &,int) const' being compiled
          with
          [
              Base=double
          ] (compiling source file ..\WOLFGANG\DO_LIB\determinant.cpp)
C:\MYPROG\HAPACK\WOLFGANG\DO_LIB\template\tarray.h(725): message : while compiling class template member function 'void Array2D<Base>::init(void)'
          with
          [
              Base=double
          ] (compiling source file ..\WOLFGANG\DO_LIB\determinant.cpp)
C:\MYPROG\HAPACK\WOLFGANG\DO_LIB\template\tarray.h(743): message : see reference to function template instantiation 'void Array2D<Base>::init(void)' being compiled
          with
          [
              Base=double
          ] (compiling source file ..\WOLFGANG\DO_LIB\determinant.cpp)
C:\MYPROG\HAPACK\WOLFGANG\DO_LIB\template\tnumarray.h(835): message : while compiling class template member function 'void NumArray2D<double>::multiply(const NumArray2D<double> &,const NumArray2D<double> &)' (compiling source file ..\WOLFGANG\DO_LIB\determinant.cpp)
C:\MYPROG\HAPACK\WOLFGANG\DO_LIB\include\numer.h(103): message : see reference to function template instantiation 'void NumArray2D<double>::multiply(const NumArray2D<double> &,const NumArray2D<double> &)' being compiled (compiling source file ..\WOLFGANG\DO_LIB\determinant.cpp)
C:\MYPROG\HAPACK\WOLFGANG\DO_LIB\include\numer.h(58): message : see reference to class template instantiation 'NumArray2D<double>' being compiled (compiling source file ..\WOLFGANG\DO_LIB\determinant.cpp)
C:\MYPROG\HAPACK\WOLFGANG\DO_LIB\template\tarray.h(1003,9): warning C4996: 'sprintf': This function or variable may be unsafe. Consider using sprintf_s instead. To disable deprecation, use _CRT_SECURE_NO_WARNINGS. See online help for details. (compiling source file ..\WOLFGANG\DO_LIB\inverse.cpp)
C:\MYPROG\HAPACK\WOLFGANG\DO_LIB\template\tarray.h(983): message : while compiling class template member function 'void Array2D<Base>::print(std::ostream &,int) const'
          with
          [
              Base=double
          ] (compiling source file ..\WOLFGANG\DO_LIB\inverse.cpp)
C:\MYPROG\HAPACK\WOLFGANG\DO_LIB\template\tarray.h(969): message : see reference to function template instantiation 'void Array2D<Base>::print(std::ostream &,int) const' being compiled
          with
          [
              Base=double
          ] (compiling source file ..\WOLFGANG\DO_LIB\inverse.cpp)
C:\MYPROG\HAPACK\WOLFGANG\DO_LIB\template\tarray.h(725): message : while compiling class template member function 'void Array2D<Base>::init(void)'
          with
          [
              Base=double
          ] (compiling source file ..\WOLFGANG\DO_LIB\inverse.cpp)
C:\MYPROG\HAPACK\WOLFGANG\DO_LIB\template\tarray.h(743): message : see reference to function template instantiation 'void Array2D<Base>::init(void)' being compiled
          with
          [
              Base=double
          ] (compiling source file ..\WOLFGANG\DO_LIB\inverse.cpp)
C:\MYPROG\HAPACK\WOLFGANG\DO_LIB\template\tnumarray.h(835): message : while compiling class template member function 'void NumArray2D<double>::multiply(const NumArray2D<double> &,const NumArray2D<double> &)' (compiling source file ..\WOLFGANG\DO_LIB\inverse.cpp)
C:\MYPROG\HAPACK\WOLFGANG\DO_LIB\include\numer.h(103): message : see reference to function template instantiation 'void NumArray2D<double>::multiply(const NumArray2D<double> &,const NumArray2D<double> &)' being compiled (compiling source file ..\WOLFGANG\DO_LIB\inverse.cpp)
C:\MYPROG\HAPACK\WOLFGANG\DO_LIB\include\numer.h(58): message : see reference to class template instantiation 'NumArray2D<double>' being compiled (compiling source file ..\WOLFGANG\DO_LIB\inverse.cpp)
C:\MYPROG\HAPACK\WOLFGANG\DO_LIB\diagonalize.cpp(341): warning C4715: 'tqli': not all control paths return a value
  do_lib.vcxproj -> C:\MYPROG\HAPACK\mswin\Release_x64\do_lib.lib
