  alloc.cpp
  angular.cpp
  basis.cpp
  coef_array.cpp
  coef_set.cpp
  const.cpp
  contract.cpp
  e_field.cpp
  element.cpp
  f.cpp
  fix.cpp
  flexfile.cpp
  four_stor.cpp
C:\MYPROG\HAPACK\WOLFGANG\IPACK\integ_file.h(135,1): warning C4250: 'IntegDiskFile': inherits 'FlexFile<IntegData>::FlexFile<IntegData>::read' via dominance (compiling source file ..\WOLFGANG\IPACK\angular.cpp)
C:\MYPROG\HAPACK\WOLFGANG\generic\flexfile.h(48): message : see declaration of 'FlexFile<IntegData>::read' (compiling source file ..\WOLFGANG\IPACK\angular.cpp)
C:\MYPROG\HAPACK\WOLFGANG\IPACK\integ_file.h(135,1): warning C4250: 'IntegDiskFile': inherits 'FlexFile<IntegData>::FlexFile<IntegData>::write_bucket' via dominance (compiling source file ..\WOLFGANG\IPACK\angular.cpp)
C:\MYPROG\HAPACK\WOLFGANG\generic\flexfile.h(44): message : see declaration of 'FlexFile<IntegData>::write_bucket' (compiling source file ..\WOLFGANG\IPACK\angular.cpp)
C:\MYPROG\HAPACK\WOLFGANG\IPACK\integ_file.h(154,1): warning C4250: 'IntegCoreFile': inherits 'CoreFile<IntegData>::CoreFile<IntegData>::read' via dominance (compiling source file ..\WOLFGANG\IPACK\angular.cpp)
C:\MYPROG\HAPACK\WOLFGANG\generic\corefile.h(103): message : see declaration of 'CoreFile<IntegData>::read' (compiling source file ..\WOLFGANG\IPACK\angular.cpp)
C:\MYPROG\HAPACK\WOLFGANG\IPACK\integ_file.h(154,1): warning C4250: 'IntegCoreFile': inherits 'CoreFile<IntegData>::CoreFile<IntegData>::write_bucket' via dominance (compiling source file ..\WOLFGANG\IPACK\angular.cpp)
C:\MYPROG\HAPACK\WOLFGANG\generic\corefile.h(102): message : see declaration of 'CoreFile<IntegData>::write_bucket' (compiling source file ..\WOLFGANG\IPACK\angular.cpp)
  function.cpp
  hrr1.cpp
C:\MYPROG\HAPACK\WOLFGANG\IPACK\basis.cpp(413,13): warning C4805: '==': unsafe mix of type 'int' and type 'bool' in operation
  hrr2.cpp
C:\MYPROG\HAPACK\WOLFGANG\IPACK\integ_file.h(135,1): warning C4250: 'IntegDiskFile': inherits 'FlexFile<IntegData>::FlexFile<IntegData>::read' via dominance (compiling source file ..\WOLFGANG\IPACK\contract.cpp)
C:\MYPROG\HAPACK\WOLFGANG\generic\flexfile.h(48): message : see declaration of 'FlexFile<IntegData>::read' (compiling source file ..\WOLFGANG\IPACK\contract.cpp)
C:\MYPROG\HAPACK\WOLFGANG\IPACK\integ_file.h(135,1): warning C4250: 'IntegDiskFile': inherits 'FlexFile<IntegData>::FlexFile<IntegData>::write_bucket' via dominance (compiling source file ..\WOLFGANG\IPACK\contract.cpp)
C:\MYPROG\HAPACK\WOLFGANG\generic\flexfile.h(44): message : see declaration of 'FlexFile<IntegData>::write_bucket' (compiling source file ..\WOLFGANG\IPACK\contract.cpp)
C:\MYPROG\HAPACK\WOLFGANG\IPACK\integ_file.h(154,1): warning C4250: 'IntegCoreFile': inherits 'CoreFile<IntegData>::CoreFile<IntegData>::read' via dominance (compiling source file ..\WOLFGANG\IPACK\contract.cpp)
C:\MYPROG\HAPACK\WOLFGANG\generic\corefile.h(103): message : see declaration of 'CoreFile<IntegData>::read' (compiling source file ..\WOLFGANG\IPACK\contract.cpp)
C:\MYPROG\HAPACK\WOLFGANG\IPACK\integ_file.h(154,1): warning C4250: 'IntegCoreFile': inherits 'CoreFile<IntegData>::CoreFile<IntegData>::write_bucket' via dominance (compiling source file ..\WOLFGANG\IPACK\contract.cpp)
C:\MYPROG\HAPACK\WOLFGANG\generic\corefile.h(102): message : see declaration of 'CoreFile<IntegData>::write_bucket' (compiling source file ..\WOLFGANG\IPACK\contract.cpp)
C:\MYPROG\HAPACK\WOLFGANG\IPACK\integ_file.h(135,1): warning C4250: 'IntegDiskFile': inherits 'FlexFile<IntegData>::FlexFile<IntegData>::read' via dominance (compiling source file ..\WOLFGANG\IPACK\e_field.cpp)
C:\MYPROG\HAPACK\WOLFGANG\generic\flexfile.h(48): message : see declaration of 'FlexFile<IntegData>::read' (compiling source file ..\WOLFGANG\IPACK\e_field.cpp)
C:\MYPROG\HAPACK\WOLFGANG\IPACK\integ_file.h(135,1): warning C4250: 'IntegDiskFile': inherits 'FlexFile<IntegData>::FlexFile<IntegData>::write_bucket' via dominance (compiling source file ..\WOLFGANG\IPACK\e_field.cpp)
C:\MYPROG\HAPACK\WOLFGANG\generic\flexfile.h(44): message : see declaration of 'FlexFile<IntegData>::write_bucket' (compiling source file ..\WOLFGANG\IPACK\e_field.cpp)
C:\MYPROG\HAPACK\WOLFGANG\IPACK\integ_file.h(154,1): warning C4250: 'IntegCoreFile': inherits 'CoreFile<IntegData>::CoreFile<IntegData>::read' via dominance (compiling source file ..\WOLFGANG\IPACK\e_field.cpp)
C:\MYPROG\HAPACK\WOLFGANG\generic\corefile.h(103): message : see declaration of 'CoreFile<IntegData>::read' (compiling source file ..\WOLFGANG\IPACK\e_field.cpp)
C:\MYPROG\HAPACK\WOLFGANG\IPACK\integ_file.h(154,1): warning C4250: 'IntegCoreFile': inherits 'CoreFile<IntegData>::CoreFile<IntegData>::write_bucket' via dominance (compiling source file ..\WOLFGANG\IPACK\e_field.cpp)
C:\MYPROG\HAPACK\WOLFGANG\generic\corefile.h(102): message : see declaration of 'CoreFile<IntegData>::write_bucket' (compiling source file ..\WOLFGANG\IPACK\e_field.cpp)
  hrr_set.cpp
  input.cpp
  integ_array.cpp
  integ_file.cpp
  ipack.cpp
C:\MYPROG\HAPACK\WOLFGANG\IPACK\integ_file.h(135,1): warning C4250: 'IntegDiskFile': inherits 'FlexFile<IntegData>::FlexFile<IntegData>::read' via dominance (compiling source file ..\WOLFGANG\IPACK\fix.cpp)
C:\MYPROG\HAPACK\WOLFGANG\generic\flexfile.h(48): message : see declaration of 'FlexFile<IntegData>::read' (compiling source file ..\WOLFGANG\IPACK\fix.cpp)
C:\MYPROG\HAPACK\WOLFGANG\IPACK\integ_file.h(135,1): warning C4250: 'IntegDiskFile': inherits 'FlexFile<IntegData>::FlexFile<IntegData>::write_bucket' via dominance (compiling source file ..\WOLFGANG\IPACK\fix.cpp)
C:\MYPROG\HAPACK\WOLFGANG\generic\flexfile.h(44): message : see declaration of 'FlexFile<IntegData>::write_bucket' (compiling source file ..\WOLFGANG\IPACK\fix.cpp)
C:\MYPROG\HAPACK\WOLFGANG\IPACK\integ_file.h(154,1): warning C4250: 'IntegCoreFile': inherits 'CoreFile<IntegData>::CoreFile<IntegData>::read' via dominance (compiling source file ..\WOLFGANG\IPACK\fix.cpp)
C:\MYPROG\HAPACK\WOLFGANG\generic\corefile.h(103): message : see declaration of 'CoreFile<IntegData>::read' (compiling source file ..\WOLFGANG\IPACK\fix.cpp)
C:\MYPROG\HAPACK\WOLFGANG\IPACK\integ_file.h(154,1): warning C4250: 'IntegCoreFile': inherits 'CoreFile<IntegData>::CoreFile<IntegData>::write_bucket' via dominance (compiling source file ..\WOLFGANG\IPACK\fix.cpp)
C:\MYPROG\HAPACK\WOLFGANG\generic\corefile.h(102): message : see declaration of 'CoreFile<IntegData>::write_bucket' (compiling source file ..\WOLFGANG\IPACK\fix.cpp)
  ipack_main.cpp
  kinetic.cpp
C:\MYPROG\HAPACK\WOLFGANG\IPACK\integ_file.h(135,1): warning C4250: 'IntegDiskFile': inherits 'FlexFile<IntegData>::FlexFile<IntegData>::read' via dominance (compiling source file ..\WOLFGANG\IPACK\hrr1.cpp)
C:\MYPROG\HAPACK\WOLFGANG\generic\flexfile.h(48): message : see declaration of 'FlexFile<IntegData>::read' (compiling source file ..\WOLFGANG\IPACK\hrr1.cpp)
C:\MYPROG\HAPACK\WOLFGANG\IPACK\integ_file.h(135,1): warning C4250: 'IntegDiskFile': inherits 'FlexFile<IntegData>::FlexFile<IntegData>::write_bucket' via dominance (compiling source file ..\WOLFGANG\IPACK\hrr1.cpp)
C:\MYPROG\HAPACK\WOLFGANG\generic\flexfile.h(44): message : see declaration of 'FlexFile<IntegData>::write_bucket' (compiling source file ..\WOLFGANG\IPACK\hrr1.cpp)
C:\MYPROG\HAPACK\WOLFGANG\IPACK\integ_file.h(154,1): warning C4250: 'IntegCoreFile': inherits 'CoreFile<IntegData>::CoreFile<IntegData>::read' via dominance (compiling source file ..\WOLFGANG\IPACK\hrr1.cpp)
C:\MYPROG\HAPACK\WOLFGANG\generic\corefile.h(103): message : see declaration of 'CoreFile<IntegData>::read' (compiling source file ..\WOLFGANG\IPACK\hrr1.cpp)
C:\MYPROG\HAPACK\WOLFGANG\IPACK\integ_file.h(154,1): warning C4250: 'IntegCoreFile': inherits 'CoreFile<IntegData>::CoreFile<IntegData>::write_bucket' via dominance (compiling source file ..\WOLFGANG\IPACK\hrr1.cpp)
C:\MYPROG\HAPACK\WOLFGANG\generic\corefile.h(102): message : see declaration of 'CoreFile<IntegData>::write_bucket' (compiling source file ..\WOLFGANG\IPACK\hrr1.cpp)
  memmgr.cpp
  moment.cpp
C:\MYPROG\HAPACK\WOLFGANG\IPACK\integ_file.h(135,1): warning C4250: 'IntegDiskFile': inherits 'FlexFile<IntegData>::FlexFile<IntegData>::read' via dominance (compiling source file ..\WOLFGANG\IPACK\integ_array.cpp)
C:\MYPROG\HAPACK\WOLFGANG\generic\flexfile.h(48): message : see declaration of 'FlexFile<IntegData>::read' (compiling source file ..\WOLFGANG\IPACK\integ_array.cpp)
C:\MYPROG\HAPACK\WOLFGANG\IPACK\integ_file.h(135,1): warning C4250: 'IntegDiskFile': inherits 'FlexFile<IntegData>::FlexFile<IntegData>::write_bucket' via dominance (compiling source file ..\WOLFGANG\IPACK\integ_array.cpp)
C:\MYPROG\HAPACK\WOLFGANG\generic\flexfile.h(44): message : see declaration of 'FlexFile<IntegData>::write_bucket' (compiling source file ..\WOLFGANG\IPACK\integ_array.cpp)
C:\MYPROG\HAPACK\WOLFGANG\IPACK\integ_file.h(154,1): warning C4250: 'IntegCoreFile': inherits 'CoreFile<IntegData>::CoreFile<IntegData>::read' via dominance (compiling source file ..\WOLFGANG\IPACK\integ_array.cpp)
C:\MYPROG\HAPACK\WOLFGANG\generic\corefile.h(103): message : see declaration of 'CoreFile<IntegData>::read' (compiling source file ..\WOLFGANG\IPACK\integ_array.cpp)
C:\MYPROG\HAPACK\WOLFGANG\IPACK\integ_file.h(154,1): warning C4250: 'IntegCoreFile': inherits 'CoreFile<IntegData>::CoreFile<IntegData>::write_bucket' via dominance (compiling source file ..\WOLFGANG\IPACK\integ_array.cpp)
C:\MYPROG\HAPACK\WOLFGANG\generic\corefile.h(102): message : see declaration of 'CoreFile<IntegData>::write_bucket' (compiling source file ..\WOLFGANG\IPACK\integ_array.cpp)
C:\MYPROG\HAPACK\WOLFGANG\IPACK\integ_file.h(135,1): warning C4250: 'IntegDiskFile': inherits 'FlexFile<IntegData>::FlexFile<IntegData>::read' via dominance (compiling source file ..\WOLFGANG\IPACK\integ_file.cpp)
C:\MYPROG\HAPACK\WOLFGANG\generic\flexfile.h(48): message : see declaration of 'FlexFile<IntegData>::read' (compiling source file ..\WOLFGANG\IPACK\integ_file.cpp)
C:\MYPROG\HAPACK\WOLFGANG\IPACK\integ_file.h(135,1): warning C4250: 'IntegDiskFile': inherits 'FlexFile<IntegData>::FlexFile<IntegData>::write_bucket' via dominance (compiling source file ..\WOLFGANG\IPACK\integ_file.cpp)
C:\MYPROG\HAPACK\WOLFGANG\generic\flexfile.h(44): message : see declaration of 'FlexFile<IntegData>::write_bucket' (compiling source file ..\WOLFGANG\IPACK\integ_file.cpp)
C:\MYPROG\HAPACK\WOLFGANG\IPACK\integ_file.h(154,1): warning C4250: 'IntegCoreFile': inherits 'CoreFile<IntegData>::CoreFile<IntegData>::read' via dominance (compiling source file ..\WOLFGANG\IPACK\integ_file.cpp)
C:\MYPROG\HAPACK\WOLFGANG\generic\corefile.h(103): message : see declaration of 'CoreFile<IntegData>::read' (compiling source file ..\WOLFGANG\IPACK\integ_file.cpp)
C:\MYPROG\HAPACK\WOLFGANG\IPACK\integ_file.h(154,1): warning C4250: 'IntegCoreFile': inherits 'CoreFile<IntegData>::CoreFile<IntegData>::write_bucket' via dominance (compiling source file ..\WOLFGANG\IPACK\integ_file.cpp)
C:\MYPROG\HAPACK\WOLFGANG\generic\corefile.h(102): message : see declaration of 'CoreFile<IntegData>::write_bucket' (compiling source file ..\WOLFGANG\IPACK\integ_file.cpp)
C:\MYPROG\HAPACK\WOLFGANG\IPACK\integ_file.cpp(52,15): warning C4244: '=': conversion from 'int' to 'float', possible loss of data
C:\MYPROG\HAPACK\WOLFGANG\IPACK\integ_file.cpp(65,15): warning C4244: '=': conversion from 'int' to 'float', possible loss of data
  nuc_e_field.cpp
C:\MYPROG\HAPACK\WOLFGANG\IPACK\integ_file.h(135,1): warning C4250: 'IntegDiskFile': inherits 'FlexFile<IntegData>::FlexFile<IntegData>::read' via dominance (compiling source file ..\WOLFGANG\IPACK\hrr2.cpp)
C:\MYPROG\HAPACK\WOLFGANG\generic\flexfile.h(48): message : see declaration of 'FlexFile<IntegData>::read' (compiling source file ..\WOLFGANG\IPACK\hrr2.cpp)
C:\MYPROG\HAPACK\WOLFGANG\IPACK\integ_file.h(135,1): warning C4250: 'IntegDiskFile': inherits 'FlexFile<IntegData>::FlexFile<IntegData>::write_bucket' via dominance (compiling source file ..\WOLFGANG\IPACK\hrr2.cpp)
C:\MYPROG\HAPACK\WOLFGANG\generic\flexfile.h(44): message : see declaration of 'FlexFile<IntegData>::write_bucket' (compiling source file ..\WOLFGANG\IPACK\hrr2.cpp)
C:\MYPROG\HAPACK\WOLFGANG\IPACK\integ_file.h(154,1): warning C4250: 'IntegCoreFile': inherits 'CoreFile<IntegData>::CoreFile<IntegData>::read' via dominance (compiling source file ..\WOLFGANG\IPACK\hrr2.cpp)
C:\MYPROG\HAPACK\WOLFGANG\generic\corefile.h(103): message : see declaration of 'CoreFile<IntegData>::read' (compiling source file ..\WOLFGANG\IPACK\hrr2.cpp)
C:\MYPROG\HAPACK\WOLFGANG\IPACK\integ_file.h(154,1): warning C4250: 'IntegCoreFile': inherits 'CoreFile<IntegData>::CoreFile<IntegData>::write_bucket' via dominance (compiling source file ..\WOLFGANG\IPACK\hrr2.cpp)
C:\MYPROG\HAPACK\WOLFGANG\generic\corefile.h(102): message : see declaration of 'CoreFile<IntegData>::write_bucket' (compiling source file ..\WOLFGANG\IPACK\hrr2.cpp)
  nuc_mom.cpp
  nuc_rep.cpp
C:\MYPROG\HAPACK\WOLFGANG\IPACK\integ_file.h(135,1): warning C4250: 'IntegDiskFile': inherits 'FlexFile<IntegData>::FlexFile<IntegData>::read' via dominance (compiling source file ..\WOLFGANG\IPACK\ipack.cpp)
C:\MYPROG\HAPACK\WOLFGANG\generic\flexfile.h(48): message : see declaration of 'FlexFile<IntegData>::read' (compiling source file ..\WOLFGANG\IPACK\ipack.cpp)
C:\MYPROG\HAPACK\WOLFGANG\IPACK\integ_file.h(135,1): warning C4250: 'IntegDiskFile': inherits 'FlexFile<IntegData>::FlexFile<IntegData>::write_bucket' via dominance (compiling source file ..\WOLFGANG\IPACK\ipack.cpp)
C:\MYPROG\HAPACK\WOLFGANG\generic\flexfile.h(44): message : see declaration of 'FlexFile<IntegData>::write_bucket' (compiling source file ..\WOLFGANG\IPACK\ipack.cpp)
C:\MYPROG\HAPACK\WOLFGANG\IPACK\integ_file.h(154,1): warning C4250: 'IntegCoreFile': inherits 'CoreFile<IntegData>::CoreFile<IntegData>::read' via dominance (compiling source file ..\WOLFGANG\IPACK\ipack.cpp)
C:\MYPROG\HAPACK\WOLFGANG\generic\corefile.h(103): message : see declaration of 'CoreFile<IntegData>::read' (compiling source file ..\WOLFGANG\IPACK\ipack.cpp)
C:\MYPROG\HAPACK\WOLFGANG\IPACK\integ_file.h(154,1): warning C4250: 'IntegCoreFile': inherits 'CoreFile<IntegData>::CoreFile<IntegData>::write_bucket' via dominance (compiling source file ..\WOLFGANG\IPACK\ipack.cpp)
C:\MYPROG\HAPACK\WOLFGANG\generic\corefile.h(102): message : see declaration of 'CoreFile<IntegData>::write_bucket' (compiling source file ..\WOLFGANG\IPACK\ipack.cpp)
  nuclear.cpp
C:\MYPROG\HAPACK\WOLFGANG\IPACK\memmgr.cpp(9,25): warning C4311: 'type cast': pointer truncation from 'char *const ' to 'int'
C:\MYPROG\HAPACK\WOLFGANG\IPACK\memmgr.cpp(9,25): warning C4302: 'type cast': truncation from 'char *const ' to 'int'
  one_el.cpp
C:\MYPROG\HAPACK\WOLFGANG\IPACK\integ_file.h(135,1): warning C4250: 'IntegDiskFile': inherits 'FlexFile<IntegData>::FlexFile<IntegData>::read' via dominance (compiling source file ..\WOLFGANG\IPACK\ipack_main.cpp)
C:\MYPROG\HAPACK\WOLFGANG\generic\flexfile.h(48): message : see declaration of 'FlexFile<IntegData>::read' (compiling source file ..\WOLFGANG\IPACK\ipack_main.cpp)
C:\MYPROG\HAPACK\WOLFGANG\IPACK\integ_file.h(135,1): warning C4250: 'IntegDiskFile': inherits 'FlexFile<IntegData>::FlexFile<IntegData>::write_bucket' via dominance (compiling source file ..\WOLFGANG\IPACK\ipack_main.cpp)
C:\MYPROG\HAPACK\WOLFGANG\generic\flexfile.h(44): message : see declaration of 'FlexFile<IntegData>::write_bucket' (compiling source file ..\WOLFGANG\IPACK\ipack_main.cpp)
C:\MYPROG\HAPACK\WOLFGANG\IPACK\integ_file.h(154,1): warning C4250: 'IntegCoreFile': inherits 'CoreFile<IntegData>::CoreFile<IntegData>::read' via dominance (compiling source file ..\WOLFGANG\IPACK\ipack_main.cpp)
C:\MYPROG\HAPACK\WOLFGANG\generic\corefile.h(103): message : see declaration of 'CoreFile<IntegData>::read' (compiling source file ..\WOLFGANG\IPACK\ipack_main.cpp)
C:\MYPROG\HAPACK\WOLFGANG\IPACK\integ_file.h(154,1): warning C4250: 'IntegCoreFile': inherits 'CoreFile<IntegData>::CoreFile<IntegData>::write_bucket' via dominance (compiling source file ..\WOLFGANG\IPACK\ipack_main.cpp)
C:\MYPROG\HAPACK\WOLFGANG\generic\corefile.h(102): message : see declaration of 'CoreFile<IntegData>::write_bucket' (compiling source file ..\WOLFGANG\IPACK\ipack_main.cpp)
C:\MYPROG\HAPACK\WOLFGANG\IPACK\integ_file.h(135,1): warning C4250: 'IntegDiskFile': inherits 'FlexFile<IntegData>::FlexFile<IntegData>::read' via dominance (compiling source file ..\WOLFGANG\IPACK\kinetic.cpp)
C:\MYPROG\HAPACK\WOLFGANG\generic\flexfile.h(48): message : see declaration of 'FlexFile<IntegData>::read' (compiling source file ..\WOLFGANG\IPACK\kinetic.cpp)
C:\MYPROG\HAPACK\WOLFGANG\IPACK\integ_file.h(135,1): warning C4250: 'IntegDiskFile': inherits 'FlexFile<IntegData>::FlexFile<IntegData>::write_bucket' via dominance (compiling source file ..\WOLFGANG\IPACK\kinetic.cpp)
C:\MYPROG\HAPACK\WOLFGANG\generic\flexfile.h(44): message : see declaration of 'FlexFile<IntegData>::write_bucket' (compiling source file ..\WOLFGANG\IPACK\kinetic.cpp)
C:\MYPROG\HAPACK\WOLFGANG\IPACK\integ_file.h(154,1): warning C4250: 'IntegCoreFile': inherits 'CoreFile<IntegData>::CoreFile<IntegData>::read' via dominance (compiling source file ..\WOLFGANG\IPACK\kinetic.cpp)
C:\MYPROG\HAPACK\WOLFGANG\generic\corefile.h(103): message : see declaration of 'CoreFile<IntegData>::read' (compiling source file ..\WOLFGANG\IPACK\kinetic.cpp)
C:\MYPROG\HAPACK\WOLFGANG\IPACK\integ_file.h(154,1): warning C4250: 'IntegCoreFile': inherits 'CoreFile<IntegData>::CoreFile<IntegData>::write_bucket' via dominance (compiling source file ..\WOLFGANG\IPACK\kinetic.cpp)
C:\MYPROG\HAPACK\WOLFGANG\generic\corefile.h(102): message : see declaration of 'CoreFile<IntegData>::write_bucket' (compiling source file ..\WOLFGANG\IPACK\kinetic.cpp)
  operators.cpp
  orbinfo.cpp
  output.cpp
C:\MYPROG\HAPACK\WOLFGANG\IPACK\integ_file.h(135,1): warning C4250: 'IntegDiskFile': inherits 'FlexFile<IntegData>::FlexFile<IntegData>::read' via dominance (compiling source file ..\WOLFGANG\IPACK\moment.cpp)
C:\MYPROG\HAPACK\WOLFGANG\generic\flexfile.h(48): message : see declaration of 'FlexFile<IntegData>::read' (compiling source file ..\WOLFGANG\IPACK\moment.cpp)
C:\MYPROG\HAPACK\WOLFGANG\IPACK\integ_file.h(135,1): warning C4250: 'IntegDiskFile': inherits 'FlexFile<IntegData>::FlexFile<IntegData>::write_bucket' via dominance (compiling source file ..\WOLFGANG\IPACK\moment.cpp)
C:\MYPROG\HAPACK\WOLFGANG\generic\flexfile.h(44): message : see declaration of 'FlexFile<IntegData>::write_bucket' (compiling source file ..\WOLFGANG\IPACK\moment.cpp)
  output1.cpp
C:\MYPROG\HAPACK\WOLFGANG\IPACK\integ_file.h(154,1): warning C4250: 'IntegCoreFile': inherits 'CoreFile<IntegData>::CoreFile<IntegData>::read' via dominance (compiling source file ..\WOLFGANG\IPACK\moment.cpp)
C:\MYPROG\HAPACK\WOLFGANG\generic\corefile.h(103): message : see declaration of 'CoreFile<IntegData>::read' (compiling source file ..\WOLFGANG\IPACK\moment.cpp)
C:\MYPROG\HAPACK\WOLFGANG\IPACK\integ_file.h(154,1): warning C4250: 'IntegCoreFile': inherits 'CoreFile<IntegData>::CoreFile<IntegData>::write_bucket' via dominance (compiling source file ..\WOLFGANG\IPACK\moment.cpp)
C:\MYPROG\HAPACK\WOLFGANG\generic\corefile.h(102): message : see declaration of 'CoreFile<IntegData>::write_bucket' (compiling source file ..\WOLFGANG\IPACK\moment.cpp)
  output2.cpp
  output3.cpp
  overlap.cpp
  print.cpp
C:\MYPROG\HAPACK\WOLFGANG\IPACK\integ_file.h(135,1): warning C4250: 'IntegDiskFile': inherits 'FlexFile<IntegData>::FlexFile<IntegData>::read' via dominance (compiling source file ..\WOLFGANG\IPACK\one_el.cpp)
C:\MYPROG\HAPACK\WOLFGANG\generic\flexfile.h(48): message : see declaration of 'FlexFile<IntegData>::read' (compiling source file ..\WOLFGANG\IPACK\one_el.cpp)
C:\MYPROG\HAPACK\WOLFGANG\IPACK\integ_file.h(135,1): warning C4250: 'IntegDiskFile': inherits 'FlexFile<IntegData>::FlexFile<IntegData>::write_bucket' via dominance (compiling source file ..\WOLFGANG\IPACK\one_el.cpp)
C:\MYPROG\HAPACK\WOLFGANG\generic\flexfile.h(44): message : see declaration of 'FlexFile<IntegData>::write_bucket' (compiling source file ..\WOLFGANG\IPACK\one_el.cpp)
C:\MYPROG\HAPACK\WOLFGANG\IPACK\integ_file.h(154,1): warning C4250: 'IntegCoreFile': inherits 'CoreFile<IntegData>::CoreFile<IntegData>::read' via dominance (compiling source file ..\WOLFGANG\IPACK\one_el.cpp)
C:\MYPROG\HAPACK\WOLFGANG\generic\corefile.h(103): message : see declaration of 'CoreFile<IntegData>::read' (compiling source file ..\WOLFGANG\IPACK\one_el.cpp)
C:\MYPROG\HAPACK\WOLFGANG\IPACK\integ_file.h(154,1): warning C4250: 'IntegCoreFile': inherits 'CoreFile<IntegData>::CoreFile<IntegData>::write_bucket' via dominance (compiling source file ..\WOLFGANG\IPACK\one_el.cpp)
C:\MYPROG\HAPACK\WOLFGANG\generic\corefile.h(102): message : see declaration of 'CoreFile<IntegData>::write_bucket' (compiling source file ..\WOLFGANG\IPACK\one_el.cpp)
  qc_utilities.cpp
C:\MYPROG\HAPACK\WOLFGANG\IPACK\integ_file.h(135,1): warning C4250: 'IntegDiskFile': inherits 'FlexFile<IntegData>::FlexFile<IntegData>::read' via dominance (compiling source file ..\WOLFGANG\IPACK\operators.cpp)
C:\MYPROG\HAPACK\WOLFGANG\generic\flexfile.h(48): message : see declaration of 'FlexFile<IntegData>::read' (compiling source file ..\WOLFGANG\IPACK\operators.cpp)
C:\MYPROG\HAPACK\WOLFGANG\IPACK\integ_file.h(135,1): warning C4250: 'IntegDiskFile': inherits 'FlexFile<IntegData>::FlexFile<IntegData>::write_bucket' via dominance (compiling source file ..\WOLFGANG\IPACK\operators.cpp)
C:\MYPROG\HAPACK\WOLFGANG\generic\flexfile.h(44): message : see declaration of 'FlexFile<IntegData>::write_bucket' (compiling source file ..\WOLFGANG\IPACK\operators.cpp)
C:\MYPROG\HAPACK\WOLFGANG\IPACK\integ_file.h(154,1): warning C4250: 'IntegCoreFile': inherits 'CoreFile<IntegData>::CoreFile<IntegData>::read' via dominance (compiling source file ..\WOLFGANG\IPACK\operators.cpp)
C:\MYPROG\HAPACK\WOLFGANG\generic\corefile.h(103): message : see declaration of 'CoreFile<IntegData>::read' (compiling source file ..\WOLFGANG\IPACK\operators.cpp)
C:\MYPROG\HAPACK\WOLFGANG\IPACK\integ_file.h(154,1): warning C4250: 'IntegCoreFile': inherits 'CoreFile<IntegData>::CoreFile<IntegData>::write_bucket' via dominance (compiling source file ..\WOLFGANG\IPACK\operators.cpp)
C:\MYPROG\HAPACK\WOLFGANG\generic\corefile.h(102): message : see declaration of 'CoreFile<IntegData>::write_bucket' (compiling source file ..\WOLFGANG\IPACK\operators.cpp)
  quad.cpp
  rec.cpp
C:\MYPROG\HAPACK\WOLFGANG\IPACK\integ_file.h(135,1): warning C4250: 'IntegDiskFile': inherits 'FlexFile<IntegData>::FlexFile<IntegData>::read' via dominance (compiling source file ..\WOLFGANG\IPACK\output3.cpp)
C:\MYPROG\HAPACK\WOLFGANG\generic\flexfile.h(48): message : see declaration of 'FlexFile<IntegData>::read' (compiling source file ..\WOLFGANG\IPACK\output3.cpp)
C:\MYPROG\HAPACK\WOLFGANG\IPACK\integ_file.h(135,1): warning C4250: 'IntegDiskFile': inherits 'FlexFile<IntegData>::FlexFile<IntegData>::write_bucket' via dominance (compiling source file ..\WOLFGANG\IPACK\output3.cpp)
C:\MYPROG\HAPACK\WOLFGANG\generic\flexfile.h(44): message : see declaration of 'FlexFile<IntegData>::write_bucket' (compiling source file ..\WOLFGANG\IPACK\output3.cpp)
C:\MYPROG\HAPACK\WOLFGANG\IPACK\integ_file.h(154,1): warning C4250: 'IntegCoreFile': inherits 'CoreFile<IntegData>::CoreFile<IntegData>::read' via dominance (compiling source file ..\WOLFGANG\IPACK\output3.cpp)
C:\MYPROG\HAPACK\WOLFGANG\generic\corefile.h(103): message : see declaration of 'CoreFile<IntegData>::read' (compiling source file ..\WOLFGANG\IPACK\output3.cpp)
C:\MYPROG\HAPACK\WOLFGANG\IPACK\integ_file.h(154,1): warning C4250: 'IntegCoreFile': inherits 'CoreFile<IntegData>::CoreFile<IntegData>::write_bucket' via dominance (compiling source file ..\WOLFGANG\IPACK\output3.cpp)
C:\MYPROG\HAPACK\WOLFGANG\generic\corefile.h(102): message : see declaration of 'CoreFile<IntegData>::write_bucket' (compiling source file ..\WOLFGANG\IPACK\output3.cpp)
C:\MYPROG\HAPACK\WOLFGANG\IPACK\integ_file.h(135,1): warning C4250: 'IntegDiskFile': inherits 'FlexFile<IntegData>::FlexFile<IntegData>::read' via dominance (compiling source file ..\WOLFGANG\IPACK\nuclear.cpp)
C:\MYPROG\HAPACK\WOLFGANG\generic\flexfile.h(48): message : see declaration of 'FlexFile<IntegData>::read' (compiling source file ..\WOLFGANG\IPACK\nuclear.cpp)
C:\MYPROG\HAPACK\WOLFGANG\IPACK\integ_file.h(135,1): warning C4250: 'IntegDiskFile': inherits 'FlexFile<IntegData>::FlexFile<IntegData>::write_bucket' via dominance (compiling source file ..\WOLFGANG\IPACK\nuclear.cpp)
C:\MYPROG\HAPACK\WOLFGANG\generic\flexfile.h(44): message : see declaration of 'FlexFile<IntegData>::write_bucket' (compiling source file ..\WOLFGANG\IPACK\nuclear.cpp)
C:\MYPROG\HAPACK\WOLFGANG\IPACK\integ_file.h(154,1): warning C4250: 'IntegCoreFile': inherits 'CoreFile<IntegData>::CoreFile<IntegData>::read' via dominance (compiling source file ..\WOLFGANG\IPACK\nuclear.cpp)
C:\MYPROG\HAPACK\WOLFGANG\generic\corefile.h(103): message : see declaration of 'CoreFile<IntegData>::read' (compiling source file ..\WOLFGANG\IPACK\nuclear.cpp)
C:\MYPROG\HAPACK\WOLFGANG\IPACK\integ_file.h(154,1): warning C4250: 'IntegCoreFile': inherits 'CoreFile<IntegData>::CoreFile<IntegData>::write_bucket' via dominance (compiling source file ..\WOLFGANG\IPACK\nuclear.cpp)
C:\MYPROG\HAPACK\WOLFGANG\generic\corefile.h(102): message : see declaration of 'CoreFile<IntegData>::write_bucket' (compiling source file ..\WOLFGANG\IPACK\nuclear.cpp)
  rec_stor.cpp
C:\MYPROG\HAPACK\WOLFGANG\IPACK\integ_file.h(135,1): warning C4250: 'IntegDiskFile': inherits 'FlexFile<IntegData>::FlexFile<IntegData>::read' via dominance (compiling source file ..\WOLFGANG\IPACK\output2.cpp)
C:\MYPROG\HAPACK\WOLFGANG\generic\flexfile.h(48): message : see declaration of 'FlexFile<IntegData>::read' (compiling source file ..\WOLFGANG\IPACK\output2.cpp)
C:\MYPROG\HAPACK\WOLFGANG\IPACK\integ_file.h(135,1): warning C4250: 'IntegDiskFile': inherits 'FlexFile<IntegData>::FlexFile<IntegData>::write_bucket' via dominance (compiling source file ..\WOLFGANG\IPACK\output2.cpp)
C:\MYPROG\HAPACK\WOLFGANG\generic\flexfile.h(44): message : see declaration of 'FlexFile<IntegData>::write_bucket' (compiling source file ..\WOLFGANG\IPACK\output2.cpp)
C:\MYPROG\HAPACK\WOLFGANG\IPACK\integ_file.h(154,1): warning C4250: 'IntegCoreFile': inherits 'CoreFile<IntegData>::CoreFile<IntegData>::read' via dominance (compiling source file ..\WOLFGANG\IPACK\output2.cpp)
C:\MYPROG\HAPACK\WOLFGANG\generic\corefile.h(103): message : see declaration of 'CoreFile<IntegData>::read' (compiling source file ..\WOLFGANG\IPACK\output2.cpp)
C:\MYPROG\HAPACK\WOLFGANG\IPACK\integ_file.h(154,1): warning C4250: 'IntegCoreFile': inherits 'CoreFile<IntegData>::CoreFile<IntegData>::write_bucket' via dominance (compiling source file ..\WOLFGANG\IPACK\output2.cpp)
C:\MYPROG\HAPACK\WOLFGANG\generic\corefile.h(102): message : see declaration of 'CoreFile<IntegData>::write_bucket' (compiling source file ..\WOLFGANG\IPACK\output2.cpp)
  sphere.cpp
  spin_orb.cpp
  storage.cpp
  symdesig.cpp
  symlogic.cpp
  symop.cpp
  tpair.cpp
  tquadruple.cpp
C:\MYPROG\HAPACK\WOLFGANG\IPACK\integ_file.h(135,1): warning C4250: 'IntegDiskFile': inherits 'FlexFile<IntegData>::FlexFile<IntegData>::read' via dominance (compiling source file ..\WOLFGANG\IPACK\overlap.cpp)
C:\MYPROG\HAPACK\WOLFGANG\generic\flexfile.h(48): message : see declaration of 'FlexFile<IntegData>::read' (compiling source file ..\WOLFGANG\IPACK\overlap.cpp)
C:\MYPROG\HAPACK\WOLFGANG\IPACK\integ_file.h(135,1): warning C4250: 'IntegDiskFile': inherits 'FlexFile<IntegData>::FlexFile<IntegData>::write_bucket' via dominance (compiling source file ..\WOLFGANG\IPACK\overlap.cpp)
C:\MYPROG\HAPACK\WOLFGANG\generic\flexfile.h(44): message : see declaration of 'FlexFile<IntegData>::write_bucket' (compiling source file ..\WOLFGANG\IPACK\overlap.cpp)
C:\MYPROG\HAPACK\WOLFGANG\IPACK\integ_file.h(154,1): warning C4250: 'IntegCoreFile': inherits 'CoreFile<IntegData>::CoreFile<IntegData>::read' via dominance (compiling source file ..\WOLFGANG\IPACK\overlap.cpp)
C:\MYPROG\HAPACK\WOLFGANG\generic\corefile.h(103): message : see declaration of 'CoreFile<IntegData>::read' (compiling source file ..\WOLFGANG\IPACK\overlap.cpp)
C:\MYPROG\HAPACK\WOLFGANG\IPACK\integ_file.h(154,1): warning C4250: 'IntegCoreFile': inherits 'CoreFile<IntegData>::CoreFile<IntegData>::write_bucket' via dominance (compiling source file ..\WOLFGANG\IPACK\overlap.cpp)
C:\MYPROG\HAPACK\WOLFGANG\generic\corefile.h(102): message : see declaration of 'CoreFile<IntegData>::write_bucket' (compiling source file ..\WOLFGANG\IPACK\overlap.cpp)
  twoel.cpp
C:\MYPROG\HAPACK\WOLFGANG\IPACK\integ_file.h(135,1): warning C4250: 'IntegDiskFile': inherits 'FlexFile<IntegData>::FlexFile<IntegData>::read' via dominance (compiling source file ..\WOLFGANG\IPACK\sphere.cpp)
C:\MYPROG\HAPACK\WOLFGANG\generic\flexfile.h(48): message : see declaration of 'FlexFile<IntegData>::read' (compiling source file ..\WOLFGANG\IPACK\sphere.cpp)
C:\MYPROG\HAPACK\WOLFGANG\IPACK\integ_file.h(135,1): warning C4250: 'IntegDiskFile': inherits 'FlexFile<IntegData>::FlexFile<IntegData>::write_bucket' via dominance (compiling source file ..\WOLFGANG\IPACK\sphere.cpp)
C:\MYPROG\HAPACK\WOLFGANG\generic\flexfile.h(44): message : see declaration of 'FlexFile<IntegData>::write_bucket' (compiling source file ..\WOLFGANG\IPACK\sphere.cpp)
C:\MYPROG\HAPACK\WOLFGANG\IPACK\integ_file.h(154,1): warning C4250: 'IntegCoreFile': inherits 'CoreFile<IntegData>::CoreFile<IntegData>::read' via dominance (compiling source file ..\WOLFGANG\IPACK\sphere.cpp)
C:\MYPROG\HAPACK\WOLFGANG\generic\corefile.h(103): message : see declaration of 'CoreFile<IntegData>::read' (compiling source file ..\WOLFGANG\IPACK\sphere.cpp)
C:\MYPROG\HAPACK\WOLFGANG\IPACK\integ_file.h(154,1): warning C4250: 'IntegCoreFile': inherits 'CoreFile<IntegData>::CoreFile<IntegData>::write_bucket' via dominance (compiling source file ..\WOLFGANG\IPACK\sphere.cpp)
C:\MYPROG\HAPACK\WOLFGANG\generic\corefile.h(102): message : see declaration of 'CoreFile<IntegData>::write_bucket' (compiling source file ..\WOLFGANG\IPACK\sphere.cpp)
  twoel0.cpp
  types.cpp
C:\MYPROG\HAPACK\WOLFGANG\IPACK\integ_file.h(135,1): warning C4250: 'IntegDiskFile': inherits 'FlexFile<IntegData>::FlexFile<IntegData>::read' via dominance (compiling source file ..\WOLFGANG\IPACK\spin_orb.cpp)
C:\MYPROG\HAPACK\WOLFGANG\generic\flexfile.h(48): message : see declaration of 'FlexFile<IntegData>::read' (compiling source file ..\WOLFGANG\IPACK\spin_orb.cpp)
C:\MYPROG\HAPACK\WOLFGANG\IPACK\integ_file.h(135,1): warning C4250: 'IntegDiskFile': inherits 'FlexFile<IntegData>::FlexFile<IntegData>::write_bucket' via dominance (compiling source file ..\WOLFGANG\IPACK\spin_orb.cpp)
C:\MYPROG\HAPACK\WOLFGANG\generic\flexfile.h(44): message : see declaration of 'FlexFile<IntegData>::write_bucket' (compiling source file ..\WOLFGANG\IPACK\spin_orb.cpp)
C:\MYPROG\HAPACK\WOLFGANG\IPACK\integ_file.h(154,1): warning C4250: 'IntegCoreFile': inherits 'CoreFile<IntegData>::CoreFile<IntegData>::read' via dominance (compiling source file ..\WOLFGANG\IPACK\spin_orb.cpp)
C:\MYPROG\HAPACK\WOLFGANG\generic\corefile.h(103): message : see declaration of 'CoreFile<IntegData>::read' (compiling source file ..\WOLFGANG\IPACK\spin_orb.cpp)
C:\MYPROG\HAPACK\WOLFGANG\IPACK\integ_file.h(154,1): warning C4250: 'IntegCoreFile': inherits 'CoreFile<IntegData>::CoreFile<IntegData>::write_bucket' via dominance (compiling source file ..\WOLFGANG\IPACK\spin_orb.cpp)
C:\MYPROG\HAPACK\WOLFGANG\generic\corefile.h(102): message : see declaration of 'CoreFile<IntegData>::write_bucket' (compiling source file ..\WOLFGANG\IPACK\spin_orb.cpp)
  vrr.cpp
  iphys_file.cpp
C:\MYPROG\HAPACK\WOLFGANG\IPACK\integ_file.h(135,1): warning C4250: 'IntegDiskFile': inherits 'FlexFile<IntegData>::FlexFile<IntegData>::read' via dominance (compiling source file ..\WOLFGANG\IPACK\rec_stor.cpp)
C:\MYPROG\HAPACK\WOLFGANG\generic\flexfile.h(48): message : see declaration of 'FlexFile<IntegData>::read' (compiling source file ..\WOLFGANG\IPACK\rec_stor.cpp)
C:\MYPROG\HAPACK\WOLFGANG\IPACK\integ_file.h(135,1): warning C4250: 'IntegDiskFile': inherits 'FlexFile<IntegData>::FlexFile<IntegData>::write_bucket' via dominance (compiling source file ..\WOLFGANG\IPACK\rec_stor.cpp)
C:\MYPROG\HAPACK\WOLFGANG\generic\flexfile.h(44): message : see declaration of 'FlexFile<IntegData>::write_bucket' (compiling source file ..\WOLFGANG\IPACK\rec_stor.cpp)
C:\MYPROG\HAPACK\WOLFGANG\IPACK\integ_file.h(154,1): warning C4250: 'IntegCoreFile': inherits 'CoreFile<IntegData>::CoreFile<IntegData>::read' via dominance (compiling source file ..\WOLFGANG\IPACK\rec_stor.cpp)
C:\MYPROG\HAPACK\WOLFGANG\generic\corefile.h(103): message : see declaration of 'CoreFile<IntegData>::read' (compiling source file ..\WOLFGANG\IPACK\rec_stor.cpp)
C:\MYPROG\HAPACK\WOLFGANG\IPACK\integ_file.h(154,1): warning C4250: 'IntegCoreFile': inherits 'CoreFile<IntegData>::CoreFile<IntegData>::write_bucket' via dominance (compiling source file ..\WOLFGANG\IPACK\rec_stor.cpp)
C:\MYPROG\HAPACK\WOLFGANG\generic\corefile.h(102): message : see declaration of 'CoreFile<IntegData>::write_bucket' (compiling source file ..\WOLFGANG\IPACK\rec_stor.cpp)
  memchk.cpp
  orbital.cpp
C:\MYPROG\HAPACK\WOLFGANG\IPACK\integ_file.h(135,1): warning C4250: 'IntegDiskFile': inherits 'FlexFile<IntegData>::FlexFile<IntegData>::read' via dominance (compiling source file ..\WOLFGANG\IPACK\rec.cpp)
C:\MYPROG\HAPACK\WOLFGANG\generic\flexfile.h(48): message : see declaration of 'FlexFile<IntegData>::read' (compiling source file ..\WOLFGANG\IPACK\rec.cpp)
C:\MYPROG\HAPACK\WOLFGANG\IPACK\integ_file.h(135,1): warning C4250: 'IntegDiskFile': inherits 'FlexFile<IntegData>::FlexFile<IntegData>::write_bucket' via dominance (compiling source file ..\WOLFGANG\IPACK\rec.cpp)
C:\MYPROG\HAPACK\WOLFGANG\generic\flexfile.h(44): message : see declaration of 'FlexFile<IntegData>::write_bucket' (compiling source file ..\WOLFGANG\IPACK\rec.cpp)
C:\MYPROG\HAPACK\WOLFGANG\IPACK\integ_file.h(154,1): warning C4250: 'IntegCoreFile': inherits 'CoreFile<IntegData>::CoreFile<IntegData>::read' via dominance (compiling source file ..\WOLFGANG\IPACK\rec.cpp)
C:\MYPROG\HAPACK\WOLFGANG\generic\corefile.h(103): message : see declaration of 'CoreFile<IntegData>::read' (compiling source file ..\WOLFGANG\IPACK\rec.cpp)
C:\MYPROG\HAPACK\WOLFGANG\IPACK\integ_file.h(154,1): warning C4250: 'IntegCoreFile': inherits 'CoreFile<IntegData>::CoreFile<IntegData>::write_bucket' via dominance (compiling source file ..\WOLFGANG\IPACK\rec.cpp)
C:\MYPROG\HAPACK\WOLFGANG\generic\corefile.h(102): message : see declaration of 'CoreFile<IntegData>::write_bucket' (compiling source file ..\WOLFGANG\IPACK\rec.cpp)
  parallel.cpp
  symmetry.cpp
  vault.cpp
C:\MYPROG\HAPACK\WOLFGANG\generic\integ_file.h(135,1): warning C4250: 'IntegDiskFile': inherits 'FlexFile<IntegData>::FlexFile<IntegData>::read' via dominance (compiling source file ..\WOLFGANG\generic\iphys_file.cpp)
C:\MYPROG\HAPACK\WOLFGANG\generic\flexfile.h(48): message : see declaration of 'FlexFile<IntegData>::read' (compiling source file ..\WOLFGANG\generic\iphys_file.cpp)
C:\MYPROG\HAPACK\WOLFGANG\generic\integ_file.h(135,1): warning C4250: 'IntegDiskFile': inherits 'FlexFile<IntegData>::FlexFile<IntegData>::write_bucket' via dominance (compiling source file ..\WOLFGANG\generic\iphys_file.cpp)
C:\MYPROG\HAPACK\WOLFGANG\generic\flexfile.h(44): message : see declaration of 'FlexFile<IntegData>::write_bucket' (compiling source file ..\WOLFGANG\generic\iphys_file.cpp)
C:\MYPROG\HAPACK\WOLFGANG\generic\integ_file.h(154,1): warning C4250: 'IntegCoreFile': inherits 'CoreFile<IntegData>::CoreFile<IntegData>::read' via dominance (compiling source file ..\WOLFGANG\generic\iphys_file.cpp)
C:\MYPROG\HAPACK\WOLFGANG\generic\corefile.h(103): message : see declaration of 'CoreFile<IntegData>::read' (compiling source file ..\WOLFGANG\generic\iphys_file.cpp)
C:\MYPROG\HAPACK\WOLFGANG\generic\integ_file.h(154,1): warning C4250: 'IntegCoreFile': inherits 'CoreFile<IntegData>::CoreFile<IntegData>::write_bucket' via dominance (compiling source file ..\WOLFGANG\generic\iphys_file.cpp)
C:\MYPROG\HAPACK\WOLFGANG\generic\corefile.h(102): message : see declaration of 'CoreFile<IntegData>::write_bucket' (compiling source file ..\WOLFGANG\generic\iphys_file.cpp)
C:\MYPROG\HAPACK\WOLFGANG\generic\iphys_file.h(62,1): warning C4250: 'IntegPhysFile': inherits 'CoreFile<IntegData>::CoreFile<IntegData>::read' via dominance (compiling source file ..\WOLFGANG\generic\iphys_file.cpp)
C:\MYPROG\HAPACK\WOLFGANG\generic\corefile.h(103): message : see declaration of 'CoreFile<IntegData>::read' (compiling source file ..\WOLFGANG\generic\iphys_file.cpp)
C:\MYPROG\HAPACK\WOLFGANG\generic\iphys_file.h(62,1): warning C4250: 'IntegPhysFile': inherits 'CoreFile<IntegData>::CoreFile<IntegData>::write_bucket' via dominance (compiling source file ..\WOLFGANG\generic\iphys_file.cpp)
C:\MYPROG\HAPACK\WOLFGANG\generic\corefile.h(102): message : see declaration of 'CoreFile<IntegData>::write_bucket' (compiling source file ..\WOLFGANG\generic\iphys_file.cpp)
C:\MYPROG\HAPACK\WOLFGANG\IPACK\integ_file.h(135,1): warning C4250: 'IntegDiskFile': inherits 'FlexFile<IntegData>::FlexFile<IntegData>::read' via dominance (compiling source file ..\WOLFGANG\IPACK\twoel.cpp)
C:\MYPROG\HAPACK\WOLFGANG\generic\flexfile.h(48): message : see declaration of 'FlexFile<IntegData>::read' (compiling source file ..\WOLFGANG\IPACK\twoel.cpp)
C:\MYPROG\HAPACK\WOLFGANG\IPACK\integ_file.h(135,1): warning C4250: 'IntegDiskFile': inherits 'FlexFile<IntegData>::FlexFile<IntegData>::write_bucket' via dominance (compiling source file ..\WOLFGANG\IPACK\twoel.cpp)
C:\MYPROG\HAPACK\WOLFGANG\generic\flexfile.h(44): message : see declaration of 'FlexFile<IntegData>::write_bucket' (compiling source file ..\WOLFGANG\IPACK\twoel.cpp)
C:\MYPROG\HAPACK\WOLFGANG\IPACK\integ_file.h(154,1): warning C4250: 'IntegCoreFile': inherits 'CoreFile<IntegData>::CoreFile<IntegData>::read' via dominance (compiling source file ..\WOLFGANG\IPACK\twoel.cpp)
C:\MYPROG\HAPACK\WOLFGANG\generic\corefile.h(103): message : see declaration of 'CoreFile<IntegData>::read' (compiling source file ..\WOLFGANG\IPACK\twoel.cpp)
C:\MYPROG\HAPACK\WOLFGANG\IPACK\integ_file.h(154,1): warning C4250: 'IntegCoreFile': inherits 'CoreFile<IntegData>::CoreFile<IntegData>::write_bucket' via dominance (compiling source file ..\WOLFGANG\IPACK\twoel.cpp)
C:\MYPROG\HAPACK\WOLFGANG\generic\corefile.h(102): message : see declaration of 'CoreFile<IntegData>::write_bucket' (compiling source file ..\WOLFGANG\IPACK\twoel.cpp)
C:\MYPROG\HAPACK\WOLFGANG\IPACK\integ_file.h(135,1): warning C4250: 'IntegDiskFile': inherits 'FlexFile<IntegData>::FlexFile<IntegData>::read' via dominance (compiling source file ..\WOLFGANG\IPACK\vrr.cpp)
C:\MYPROG\HAPACK\WOLFGANG\generic\flexfile.h(48): message : see declaration of 'FlexFile<IntegData>::read' (compiling source file ..\WOLFGANG\IPACK\vrr.cpp)
C:\MYPROG\HAPACK\WOLFGANG\IPACK\integ_file.h(135,1): warning C4250: 'IntegDiskFile': inherits 'FlexFile<IntegData>::FlexFile<IntegData>::write_bucket' via dominance (compiling source file ..\WOLFGANG\IPACK\vrr.cpp)
C:\MYPROG\HAPACK\WOLFGANG\generic\flexfile.h(44): message : see declaration of 'FlexFile<IntegData>::write_bucket' (compiling source file ..\WOLFGANG\IPACK\vrr.cpp)
C:\MYPROG\HAPACK\WOLFGANG\IPACK\integ_file.h(154,1): warning C4250: 'IntegCoreFile': inherits 'CoreFile<IntegData>::CoreFile<IntegData>::read' via dominance (compiling source file ..\WOLFGANG\IPACK\vrr.cpp)
C:\MYPROG\HAPACK\WOLFGANG\generic\corefile.h(103): message : see declaration of 'CoreFile<IntegData>::read' (compiling source file ..\WOLFGANG\IPACK\vrr.cpp)
C:\MYPROG\HAPACK\WOLFGANG\IPACK\integ_file.h(154,1): warning C4250: 'IntegCoreFile': inherits 'CoreFile<IntegData>::CoreFile<IntegData>::write_bucket' via dominance (compiling source file ..\WOLFGANG\IPACK\vrr.cpp)
C:\MYPROG\HAPACK\WOLFGANG\generic\corefile.h(102): message : see declaration of 'CoreFile<IntegData>::write_bucket' (compiling source file ..\WOLFGANG\IPACK\vrr.cpp)
C:\MYPROG\HAPACK\WOLFGANG\generic\memchk.cpp(196,19): warning C4477: 'sprintf' : format string '%10x' requires an argument of type 'unsigned int', but variadic argument 1 has type 'void *'
C:\MYPROG\HAPACK\WOLFGANG\generic\memchk.cpp(196,19): warning C4313: 'sprintf': '%x' in format string conflicts with argument 1 of type 'void *'
C:\MYPROG\HAPACK\WOLFGANG\generic\memchk.cpp(196,19): warning C4477: 'sprintf' : format string '%4i' requires an argument of type 'int', but variadic argument 3 has type 'size_t'
C:\MYPROG\HAPACK\WOLFGANG\generic\memchk.cpp(196,19): message : consider using '%zi' in the format string
C:\MYPROG\HAPACK\WOLFGANG\generic\memchk.cpp(208,14): warning C4477: 'sprintf' : format string '%10x' requires an argument of type 'unsigned int', but variadic argument 1 has type 'void *'
C:\MYPROG\HAPACK\WOLFGANG\generic\memchk.cpp(208,14): warning C4313: 'sprintf': '%x' in format string conflicts with argument 1 of type 'void *'
C:\MYPROG\HAPACK\WOLFGANG\generic\memchk.cpp(208,14): warning C4477: 'sprintf' : format string '%4i' requires an argument of type 'int', but variadic argument 3 has type 'size_t'
C:\MYPROG\HAPACK\WOLFGANG\generic\memchk.cpp(208,14): message : consider using '%zi' in the format string
  ipack_lib.vcxproj -> C:\MYPROG\HAPACK\mswin\Debug_x64\ipack_lib.lib
