c:\myprog\hapack\mswin\obj\debug_x64\ipack_lib\contract.obj
c:\myprog\hapack\mswin\obj\debug_x64\ipack_lib\memmgr.obj
c:\myprog\hapack\mswin\obj\debug_x64\ipack_lib\output1.obj
c:\myprog\hapack\mswin\obj\debug_x64\ipack_lib\spin_orb.obj
c:\myprog\hapack\mswin\obj\debug_x64\ipack_lib\element.obj
c:\myprog\hapack\mswin\obj\debug_x64\ipack_lib\integ_array.obj
c:\myprog\hapack\mswin\obj\debug_x64\ipack_lib\nuc_mom.obj
c:\myprog\hapack\mswin\obj\debug_x64\ipack_lib\overlap.obj
c:\myprog\hapack\mswin\obj\debug_x64\ipack_lib\f.obj
c:\myprog\hapack\mswin\obj\debug_x64\ipack_lib\kinetic.obj
c:\myprog\hapack\mswin\obj\debug_x64\ipack_lib\output2.obj
c:\myprog\hapack\mswin\obj\debug_x64\ipack_lib\symop.obj
c:\myprog\hapack\mswin\obj\debug_x64\ipack_lib\iphys_file.obj
c:\myprog\hapack\mswin\obj\debug_x64\ipack_lib\coef_array.obj
c:\myprog\hapack\mswin\obj\debug_x64\ipack_lib\ipack_main.obj
c:\myprog\hapack\mswin\obj\debug_x64\ipack_lib\output.obj
c:\myprog\hapack\mswin\obj\debug_x64\ipack_lib\sphere.obj
c:\myprog\hapack\mswin\obj\debug_x64\ipack_lib\vrr.obj
c:\myprog\hapack\mswin\obj\debug_x64\ipack_lib\coef_set.obj
c:\myprog\hapack\mswin\obj\debug_x64\ipack_lib\hrr1.obj
c:\myprog\hapack\mswin\obj\debug_x64\ipack_lib\operators.obj
c:\myprog\hapack\mswin\obj\debug_x64\ipack_lib\tpair.obj
c:\myprog\hapack\mswin\obj\debug_x64\ipack_lib\twoel.obj
c:\myprog\hapack\mswin\obj\debug_x64\ipack_lib\e_field.obj
c:\myprog\hapack\mswin\obj\debug_x64\ipack_lib\nuc_rep.obj
c:\myprog\hapack\mswin\obj\debug_x64\ipack_lib\qc_utilities.obj
c:\myprog\hapack\mswin\obj\debug_x64\ipack_lib\memchk.obj
c:\myprog\hapack\mswin\obj\debug_x64\ipack_lib\basis.obj
c:\myprog\hapack\mswin\obj\debug_x64\ipack_lib\hrr_set.obj
c:\myprog\hapack\mswin\obj\debug_x64\ipack_lib\nuc_e_field.obj
c:\myprog\hapack\mswin\obj\debug_x64\ipack_lib\print.obj
c:\myprog\hapack\mswin\obj\debug_x64\ipack_lib\symdesig.obj
c:\myprog\hapack\mswin\obj\debug_x64\ipack_lib\orbital.obj
c:\myprog\hapack\mswin\obj\debug_x64\ipack_lib\alloc.obj
c:\myprog\hapack\mswin\obj\debug_x64\ipack_lib\function.obj
c:\myprog\hapack\mswin\obj\debug_x64\ipack_lib\ipack.obj
c:\myprog\hapack\mswin\obj\debug_x64\ipack_lib\one_el.obj
c:\myprog\hapack\mswin\obj\debug_x64\ipack_lib\rec_stor.obj
c:\myprog\hapack\mswin\obj\debug_x64\ipack_lib\tquadruple.obj
c:\myprog\hapack\mswin\obj\debug_x64\ipack_lib\twoel0.obj
c:\myprog\hapack\mswin\obj\debug_x64\ipack_lib\symmetry.obj
c:\myprog\hapack\mswin\obj\debug_x64\ipack_lib\fix.obj
c:\myprog\hapack\mswin\obj\debug_x64\ipack_lib\moment.obj
c:\myprog\hapack\mswin\obj\debug_x64\ipack_lib\quad.obj
c:\myprog\hapack\mswin\obj\debug_x64\ipack_lib\vault.obj
c:\myprog\hapack\mswin\obj\debug_x64\ipack_lib\angular.obj
c:\myprog\hapack\mswin\obj\debug_x64\ipack_lib\hrr2.obj
c:\myprog\hapack\mswin\obj\debug_x64\ipack_lib\nuclear.obj
c:\myprog\hapack\mswin\obj\debug_x64\ipack_lib\rec.obj
c:\myprog\hapack\mswin\obj\debug_x64\ipack_lib\types.obj
c:\myprog\hapack\mswin\obj\debug_x64\ipack_lib\flexfile.obj
c:\myprog\hapack\mswin\obj\debug_x64\ipack_lib\four_stor.obj
c:\myprog\hapack\mswin\obj\debug_x64\ipack_lib\input.obj
c:\myprog\hapack\mswin\obj\debug_x64\ipack_lib\output3.obj
c:\myprog\hapack\mswin\obj\debug_x64\ipack_lib\symlogic.obj
c:\myprog\hapack\mswin\obj\debug_x64\ipack_lib\parallel.obj
c:\myprog\hapack\mswin\obj\debug_x64\ipack_lib\const.obj
c:\myprog\hapack\mswin\obj\debug_x64\ipack_lib\integ_file.obj
c:\myprog\hapack\mswin\obj\debug_x64\ipack_lib\orbinfo.obj
c:\myprog\hapack\mswin\obj\debug_x64\ipack_lib\storage.obj
c:\myprog\hapack\mswin\obj\debug_x64\ipack_lib\vcpkg.applocal.log
c:\myprog\hapack\mswin\debug_x64\ipack_lib.lib
c:\myprog\hapack\mswin\obj\debug_x64\ipack_lib\ipack_lib.tlog\cl.10172.write.1.tlog
c:\myprog\hapack\mswin\obj\debug_x64\ipack_lib\ipack_lib.tlog\cl.command.1.tlog
c:\myprog\hapack\mswin\obj\debug_x64\ipack_lib\ipack_lib.tlog\cl.read.1.tlog
c:\myprog\hapack\mswin\obj\debug_x64\ipack_lib\ipack_lib.tlog\ipack_lib.write.1u.tlog
c:\myprog\hapack\mswin\obj\debug_x64\ipack_lib\ipack_lib.tlog\lib-link.read.1.tlog
c:\myprog\hapack\mswin\obj\debug_x64\ipack_lib\ipack_lib.tlog\lib-link.write.1.tlog
c:\myprog\hapack\mswin\obj\debug_x64\ipack_lib\ipack_lib.tlog\lib.command.1.tlog
