c:\myprog\hapack\mswin\obj\debug_x64\pnplib_vs\pnpsll_wrap.obj
c:\myprog\hapack\mswin\obj\debug_x64\pnplib_vs\buildworldni.obj
c:\myprog\hapack\mswin\obj\debug_x64\pnplib_vs\tinyxmlparser.obj
c:\myprog\hapack\mswin\obj\debug_x64\pnplib_vs\poissonnernstplancksolver.obj
c:\myprog\hapack\mswin\obj\debug_x64\pnplib_vs\tinyxml.obj
c:\myprog\hapack\mswin\obj\debug_x64\pnplib_vs\poissonsolver.obj
c:\myprog\hapack\mswin\obj\debug_x64\pnplib_vs\pbwithljsolver.obj
c:\myprog\hapack\mswin\obj\debug_x64\pnplib_vs\pnpstructs.obj
c:\myprog\hapack\mswin\obj\debug_x64\pnplib_vs\sissgausps.obj
c:\myprog\hapack\mswin\obj\debug_x64\pnplib_vs\nernstplanksolver.obj
c:\myprog\hapack\mswin\obj\debug_x64\pnplib_vs\pnps.obj
c:\myprog\hapack\mswin\obj\debug_x64\pnplib_vs\mapio.obj
c:\myprog\hapack\mswin\obj\debug_x64\pnplib_vs\contworld.obj
c:\myprog\hapack\mswin\obj\debug_x64\pnplib_vs\tinyxmlerror.obj
c:\myprog\hapack\mswin\obj\debug_x64\pnplib_vs\poissonboltzmannsolver.obj
c:\myprog\hapack\mswin\obj\debug_x64\pnplib_vs\pnpsapp.obj
c:\myprog\hapack\mswin\obj\debug_x64\pnplib_vs\pnpinterfaces.obj
c:\myprog\hapack\mswin\obj\debug_x64\pnplib_vs\pnputil.obj
c:\myprog\hapack\mswin\obj\debug_x64\pnplib_vs\pnpsll_wrap.cpp
c:\myprog\hapack\mswin\obj\debug_x64\pnplib_vs\pnpsll.py
c:\myprog\hapack\mswin\debug_x64\pnpsll\_pnpsll_d.ilk
c:\myprog\hapack\mswin\debug_x64\pnpsll\_pnpsll_d.pyd
c:\myprog\hapack\mswin\debug_x64\pnpsll\_pnpsll_d.pdb
c:\myprog\hapack\mswin\debug_x64\pnpsll\_pnpsll_d.lib
c:\myprog\hapack\mswin\debug_x64\pnpsll\_pnpsll_d.exp
c:\myprog\hapack\mswin\obj\debug_x64\pnplib_vs\vcpkg.applocal.log
c:\myprog\hapack\mswin\debug_x64\pnpsll\zlibd1.dll
c:\myprog\hapack\mswin\debug_x64\pnpsll\python38_d.dll
c:\myprog\hapack\mswin\obj\debug_x64\pnplib_vs\pnplib_vs.tlog\cl.command.1.tlog
c:\myprog\hapack\mswin\obj\debug_x64\pnplib_vs\pnplib_vs.tlog\cl.read.1.tlog
c:\myprog\hapack\mswin\obj\debug_x64\pnplib_vs\pnplib_vs.tlog\cl.write.1.tlog
c:\myprog\hapack\mswin\obj\debug_x64\pnplib_vs\pnplib_vs.tlog\custombuild.command.1.tlog
c:\myprog\hapack\mswin\obj\debug_x64\pnplib_vs\pnplib_vs.tlog\custombuild.read.1.tlog
c:\myprog\hapack\mswin\obj\debug_x64\pnplib_vs\pnplib_vs.tlog\custombuild.write.1.tlog
c:\myprog\hapack\mswin\obj\debug_x64\pnplib_vs\pnplib_vs.tlog\link.command.1.tlog
c:\myprog\hapack\mswin\obj\debug_x64\pnplib_vs\pnplib_vs.tlog\link.read.1.tlog
c:\myprog\hapack\mswin\obj\debug_x64\pnplib_vs\pnplib_vs.tlog\link.write.1.tlog
c:\myprog\hapack\mswin\obj\debug_x64\pnplib_vs\pnplib_vs.tlog\pnplib_vs.write.1u.tlog
