cl : command line warning D9035: option 'Gm' has been deprecated and will be removed in a future release
cl : command line warning D9030: '/Gm' is incompatible with multiprocessing; ignoring /MP switch
  second.cpp
C:\MYPROG\HAPACK\MORT_LIB\common\numvec.hpp(4,10): fatal error C1083: Cannot open include file: 'boost/numeric/ublas/vector.hpp': No such file or directory
  pdbent.cpp
C:\MYPROG\HAPACK\MORT_LIB\common\numvec.hpp(4,10): fatal error C1083: Cannot open include file: 'boost/numeric/ublas/vector.hpp': No such file or directory
  namemap.cpp
C:\MYPROG\HAPACK\MORT_LIB\common\numvec.hpp(4,10): fatal error C1083: Cannot open include file: 'boost/numeric/ublas/vector.hpp': No such file or directory
  mdlize.cpp
C:\MYPROG\HAPACK\MORT_LIB\common\numvec.hpp(4,10): fatal error C1083: Cannot open include file: 'boost/numeric/ublas/vector.hpp': No such file or directory
  wrapper.cpp
C:\MYPROG\HAPACK\MORT_LIB\common\numvec.hpp(4,10): fatal error C1083: Cannot open include file: 'boost/numeric/ublas/vector.hpp': No such file or directory
  parmfun.cpp
C:\MYPROG\HAPACK\MORT_LIB\common\numvec.hpp(4,10): fatal error C1083: Cannot open include file: 'boost/numeric/ublas/vector.hpp': No such file or directory
  merge.cpp
C:\MYPROG\HAPACK\MORT_LIB\common\numvec.hpp(4,10): fatal error C1083: Cannot open include file: 'boost/numeric/ublas/vector.hpp': No such file or directory
  hydrfun.cpp
C:\MYPROG\HAPACK\MORT_LIB\common\numvec.hpp(4,10): fatal error C1083: Cannot open include file: 'boost/numeric/ublas/vector.hpp': No such file or directory
  geomfun.cpp
C:\MYPROG\HAPACK\MORT_LIB\common\numvec.hpp(4,10): fatal error C1083: Cannot open include file: 'boost/numeric/ublas/vector.hpp': No such file or directory
  fixbond.cpp
C:\MYPROG\HAPACK\MORT_LIB\common\numvec.hpp(4,10): fatal error C1083: Cannot open include file: 'boost/numeric/ublas/vector.hpp': No such file or directory
  bondfun.cpp
C:\MYPROG\HAPACK\MORT_LIB\common\numvec.hpp(4,10): fatal error C1083: Cannot open include file: 'boost/numeric/ublas/vector.hpp': No such file or directory
  atomfun.cpp
C:\MYPROG\HAPACK\MORT_LIB\common\numvec.hpp(4,10): fatal error C1083: Cannot open include file: 'boost/numeric/ublas/vector.hpp': No such file or directory
  root.cpp
C:\MYPROG\HAPACK\MORT_LIB\common\numvec.hpp(4,10): fatal error C1083: Cannot open include file: 'boost/numeric/ublas/vector.hpp': No such file or directory
  rela.cpp
C:\MYPROG\HAPACK\MORT_LIB\common\numvec.hpp(4,10): fatal error C1083: Cannot open include file: 'boost/numeric/ublas/vector.hpp': No such file or directory
  morf.cpp
C:\MYPROG\HAPACK\MORT_LIB\common\numvec.hpp(4,10): fatal error C1083: Cannot open include file: 'boost/numeric/ublas/vector.hpp': No such file or directory
  mole.cpp
C:\MYPROG\HAPACK\MORT_LIB\common\numvec.hpp(4,10): fatal error C1083: Cannot open include file: 'boost/numeric/ublas/vector.hpp': No such file or directory
  impr.cpp
C:\MYPROG\HAPACK\MORT_LIB\common\numvec.hpp(4,10): fatal error C1083: Cannot open include file: 'boost/numeric/ublas/vector.hpp': No such file or directory
  dihe.cpp
C:\MYPROG\HAPACK\MORT_LIB\common\numvec.hpp(4,10): fatal error C1083: Cannot open include file: 'boost/numeric/ublas/vector.hpp': No such file or directory
  data.cpp
C:\MYPROG\HAPACK\MORT_LIB\common\numvec.hpp(4,10): fatal error C1083: Cannot open include file: 'boost/numeric/ublas/vector.hpp': No such file or directory
  comp.cpp
C:\MYPROG\HAPACK\MORT_LIB\common\numvec.hpp(4,10): fatal error C1083: Cannot open include file: 'boost/numeric/ublas/vector.hpp': No such file or directory
  Generating Code...
  Compiling...
  atmv.cpp
C:\MYPROG\HAPACK\MORT_LIB\common\numvec.hpp(4,10): fatal error C1083: Cannot open include file: 'boost/numeric/ublas/vector.hpp': No such file or directory
  angl.cpp
C:\MYPROG\HAPACK\MORT_LIB\common\numvec.hpp(4,10): fatal error C1083: Cannot open include file: 'boost/numeric/ublas/vector.hpp': No such file or directory
  tyrule.cpp
C:\MYPROG\HAPACK\MORT_LIB\common\numvec.hpp(4,10): fatal error C1083: Cannot open include file: 'boost/numeric/ublas/vector.hpp': No such file or directory
  subst.cpp
C:\MYPROG\HAPACK\MORT_LIB\common\numvec.hpp(4,10): fatal error C1083: Cannot open include file: 'boost/numeric/ublas/vector.hpp': No such file or directory
  status.cpp
C:\MYPROG\HAPACK\MORT_LIB\common\numvec.hpp(4,10): fatal error C1083: Cannot open include file: 'boost/numeric/ublas/vector.hpp': No such file or directory
  smarts.cpp
C:\MYPROG\HAPACK\MORT_LIB\common\numvec.hpp(4,10): fatal error C1083: Cannot open include file: 'boost/numeric/ublas/vector.hpp': No such file or directory
  ring.cpp
C:\MYPROG\HAPACK\MORT_LIB\common\numvec.hpp(4,10): fatal error C1083: Cannot open include file: 'boost/numeric/ublas/vector.hpp': No such file or directory
  reader.cpp
C:\MYPROG\HAPACK\MORT_LIB\common\numvec.hpp(4,10): fatal error C1083: Cannot open include file: 'boost/numeric/ublas/vector.hpp': No such file or directory
  parse.cpp
C:\MYPROG\HAPACK\MORT_LIB\common\numvec.hpp(4,10): fatal error C1083: Cannot open include file: 'boost/numeric/ublas/vector.hpp': No such file or directory
  finder.cpp
C:\MYPROG\HAPACK\MORT_LIB\common\numvec.hpp(4,10): fatal error C1083: Cannot open include file: 'boost/numeric/ublas/vector.hpp': No such file or directory
  atomexpr.cpp
C:\MYPROG\HAPACK\MORT_LIB\common\numvec.hpp(4,10): fatal error C1083: Cannot open include file: 'boost/numeric/ublas/vector.hpp': No such file or directory
  sect.cpp
C:\MYPROG\HAPACK\MORT_LIB\common\numvec.hpp(4,10): fatal error C1083: Cannot open include file: 'boost/numeric/ublas/vector.hpp': No such file or directory
  mol2.cpp
C:\MYPROG\HAPACK\MORT_LIB\common\numvec.hpp(4,10): fatal error C1083: Cannot open include file: 'boost/numeric/ublas/vector.hpp': No such file or directory
  head.cpp
C:\MYPROG\HAPACK\MORT_LIB\common\numvec.hpp(4,10): fatal error C1083: Cannot open include file: 'boost/numeric/ublas/vector.hpp': No such file or directory
  mainwin.cpp
C:\MYPROG\HAPACK\MORT_LIB\common\numvec.hpp(4,10): fatal error C1083: Cannot open include file: 'boost/numeric/ublas/vector.hpp': No such file or directory
  leaplog.cpp
C:\MYPROG\HAPACK\MORT_LIB\common\numvec.hpp(4,10): fatal error C1083: Cannot open include file: 'boost/numeric/ublas/vector.hpp': No such file or directory
  grammar.cpp
C:\MYPROG\HAPACK\MORT_LIB\common\numvec.hpp(4,10): fatal error C1083: Cannot open include file: 'boost/numeric/ublas/vector.hpp': No such file or directory
  control.cpp
C:\MYPROG\HAPACK\MORT_LIB\common\numvec.hpp(4,10): fatal error C1083: Cannot open include file: 'boost/numeric/ublas/vector.hpp': No such file or directory
  console.cpp
C:\MYPROG\HAPACK\MORT_LIB\common\numvec.hpp(4,10): fatal error C1083: Cannot open include file: 'boost/numeric/ublas/vector.hpp': No such file or directory
  command.cpp
C:\MYPROG\HAPACK\MORT_LIB\common\numvec.hpp(4,10): fatal error C1083: Cannot open include file: 'boost/numeric/ublas/vector.hpp': No such file or directory
  Generating Code...
  Compiling...
  xyz.cpp
C:\MYPROG\HAPACK\MORT_LIB\common\numvec.hpp(4,10): fatal error C1083: Cannot open include file: 'boost/numeric/ublas/vector.hpp': No such file or directory
  top.cpp
C:\MYPROG\HAPACK\MORT_LIB\common\numvec.hpp(4,10): fatal error C1083: Cannot open include file: 'boost/numeric/ublas/vector.hpp': No such file or directory
  sdf.cpp
C:\MYPROG\HAPACK\MORT_LIB\common\numvec.hpp(4,10): fatal error C1083: Cannot open include file: 'boost/numeric/ublas/vector.hpp': No such file or directory
  mol.cpp
C:\MYPROG\HAPACK\MORT_LIB\common\numvec.hpp(4,10): fatal error C1083: Cannot open include file: 'boost/numeric/ublas/vector.hpp': No such file or directory
  mdb.cpp
C:\MYPROG\HAPACK\MORT_LIB\common\numvec.hpp(4,10): fatal error C1083: Cannot open include file: 'boost/numeric/ublas/vector.hpp': No such file or directory
  frc.cpp
C:\MYPROG\HAPACK\MORT_LIB\common\numvec.hpp(4,10): fatal error C1083: Cannot open include file: 'boost/numeric/ublas/vector.hpp': No such file or directory
  ext.cpp
C:\MYPROG\HAPACK\MORT_LIB\common\numvec.hpp(4,10): fatal error C1083: Cannot open include file: 'boost/numeric/ublas/vector.hpp': No such file or directory
  nonbond-pbc.cpp
C:\MYPROG\HAPACK\MORT_LIB\common\numvec.hpp(4,10): fatal error C1083: Cannot open include file: 'boost/numeric/ublas/vector.hpp': No such file or directory
  nonbond-lst.cpp
C:\MYPROG\HAPACK\MORT_LIB\common\numvec.hpp(4,10): fatal error C1083: Cannot open include file: 'boost/numeric/ublas/vector.hpp': No such file or directory
  nonbond-egb.cpp
C:\MYPROG\HAPACK\MORT_LIB\common\numvec.hpp(4,10): fatal error C1083: Cannot open include file: 'boost/numeric/ublas/vector.hpp': No such file or directory
  ctrlparm.cpp
  bonding.cpp
C:\MYPROG\HAPACK\MORT_LIB\common\numvec.hpp(4,10): fatal error C1083: Cannot open include file: 'boost/numeric/ublas/vector.hpp': No such file or directory
  stralgo.cpp
  pertab.cpp
  numvec.cpp
C:\MYPROG\HAPACK\MORT_LIB\common\numvec.hpp(4,10): fatal error C1083: Cannot open include file: 'boost/numeric/ublas/vector.hpp': No such file or directory
  matrix.cpp
C:\MYPROG\HAPACK\MORT_LIB\common\numvec.hpp(4,10): fatal error C1083: Cannot open include file: 'boost/numeric/ublas/vector.hpp': No such file or directory
  hashcode.cpp
  geometry.cpp
C:\MYPROG\HAPACK\MORT_LIB\common\numvec.hpp(4,10): fatal error C1083: Cannot open include file: 'boost/numeric/ublas/vector.hpp': No such file or directory
  funstack.cpp
  fortran.cpp
C:\MYPROG\HAPACK\MORT_LIB\common\fortran.cpp(21,13): warning C4996: 'sprintf': This function or variable may be unsafe. Consider using sprintf_s instead. To disable deprecation, use _CRT_SECURE_NO_WARNINGS. See online help for details.
C:\MYPROG\HAPACK\MORT_LIB\common\fortran.cpp(38,13): warning C4996: 'sprintf': This function or variable may be unsafe. Consider using sprintf_s instead. To disable deprecation, use _CRT_SECURE_NO_WARNINGS. See online help for details.
C:\MYPROG\HAPACK\MORT_LIB\common\fortran.cpp(54,13): warning C4996: 'sprintf': This function or variable may be unsafe. Consider using sprintf_s instead. To disable deprecation, use _CRT_SECURE_NO_WARNINGS. See online help for details.
  Generating Code...
  Compiling...
  crdalgo.cpp
C:\MYPROG\HAPACK\MORT_LIB\common\numvec.hpp(4,10): fatal error C1083: Cannot open include file: 'boost/numeric/ublas/vector.hpp': No such file or directory
  solvent.cpp
C:\MYPROG\HAPACK\MORT_LIB\common\numvec.hpp(4,10): fatal error C1083: Cannot open include file: 'boost/numeric/ublas/vector.hpp': No such file or directory
  solvate.cpp
C:\MYPROG\HAPACK\MORT_LIB\common\numvec.hpp(4,10): fatal error C1083: Cannot open include file: 'boost/numeric/ublas/vector.hpp': No such file or directory
  solute.cpp
C:\MYPROG\HAPACK\MORT_LIB\common\numvec.hpp(4,10): fatal error C1083: Cannot open include file: 'boost/numeric/ublas/vector.hpp': No such file or directory
  shaper.cpp
C:\MYPROG\HAPACK\MORT_LIB\common\numvec.hpp(4,10): fatal error C1083: Cannot open include file: 'boost/numeric/ublas/vector.hpp': No such file or directory
  region.cpp
C:\MYPROG\HAPACK\MORT_LIB\common\numvec.hpp(4,10): fatal error C1083: Cannot open include file: 'boost/numeric/ublas/vector.hpp': No such file or directory
  octree.cpp
C:\MYPROG\HAPACK\MORT_LIB\common\numvec.hpp(4,10): fatal error C1083: Cannot open include file: 'boost/numeric/ublas/vector.hpp': No such file or directory
  addions.cpp
C:\MYPROG\HAPACK\MORT_LIB\common\numvec.hpp(4,10): fatal error C1083: Cannot open include file: 'boost/numeric/ublas/vector.hpp': No such file or directory
  resd.cpp
C:\MYPROG\HAPACK\MORT_LIB\common\numvec.hpp(4,10): fatal error C1083: Cannot open include file: 'boost/numeric/ublas/vector.hpp': No such file or directory
  paren.cpp
C:\MYPROG\HAPACK\MORT_LIB\common\numvec.hpp(4,10): fatal error C1083: Cannot open include file: 'boost/numeric/ublas/vector.hpp': No such file or directory
  mask.cpp
C:\MYPROG\HAPACK\MORT_LIB\common\numvec.hpp(4,10): fatal error C1083: Cannot open include file: 'boost/numeric/ublas/vector.hpp': No such file or directory
  logic.cpp
C:\MYPROG\HAPACK\MORT_LIB\common\numvec.hpp(4,10): fatal error C1083: Cannot open include file: 'boost/numeric/ublas/vector.hpp': No such file or directory
  dist.cpp
C:\MYPROG\HAPACK\MORT_LIB\common\numvec.hpp(4,10): fatal error C1083: Cannot open include file: 'boost/numeric/ublas/vector.hpp': No such file or directory
  condition.cpp
C:\MYPROG\HAPACK\MORT_LIB\common\numvec.hpp(4,10): fatal error C1083: Cannot open include file: 'boost/numeric/ublas/vector.hpp': No such file or directory
  atom.cpp
C:\MYPROG\HAPACK\MORT_LIB\common\numvec.hpp(4,10): fatal error C1083: Cannot open include file: 'boost/numeric/ublas/vector.hpp': No such file or directory
  prmtop.cpp
C:\MYPROG\HAPACK\MORT_LIB\common\numvec.hpp(4,10): fatal error C1083: Cannot open include file: 'boost/numeric/ublas/vector.hpp': No such file or directory
  prmtop-amoeba.cpp
C:\MYPROG\HAPACK\MORT_LIB\common\numvec.hpp(4,10): fatal error C1083: Cannot open include file: 'boost/numeric/ublas/vector.hpp': No such file or directory
  prep.cpp
C:\MYPROG\HAPACK\MORT_LIB\common\numvec.hpp(4,10): fatal error C1083: Cannot open include file: 'boost/numeric/ublas/vector.hpp': No such file or directory
  parmset.cpp
C:\MYPROG\HAPACK\MORT_LIB\common\numvec.hpp(4,10): fatal error C1083: Cannot open include file: 'boost/numeric/ublas/vector.hpp': No such file or directory
  parm.cpp
C:\MYPROG\HAPACK\MORT_LIB\common\numvec.hpp(4,10): fatal error C1083: Cannot open include file: 'boost/numeric/ublas/vector.hpp': No such file or directory
  Generating Code...
  Compiling...
  les.cpp
C:\MYPROG\HAPACK\MORT_LIB\common\numvec.hpp(4,10): fatal error C1083: Cannot open include file: 'boost/numeric/ublas/vector.hpp': No such file or directory
  extent.cpp
C:\MYPROG\HAPACK\MORT_LIB\common\numvec.hpp(4,10): fatal error C1083: Cannot open include file: 'boost/numeric/ublas/vector.hpp': No such file or directory
  exclude.cpp
C:\MYPROG\HAPACK\MORT_LIB\common\numvec.hpp(4,10): fatal error C1083: Cannot open include file: 'boost/numeric/ublas/vector.hpp': No such file or directory
  energee.cpp
C:\MYPROG\HAPACK\MORT_LIB\common\numvec.hpp(4,10): fatal error C1083: Cannot open include file: 'boost/numeric/ublas/vector.hpp': No such file or directory
  chain.cpp
C:\MYPROG\HAPACK\MORT_LIB\common\numvec.hpp(4,10): fatal error C1083: Cannot open include file: 'boost/numeric/ublas/vector.hpp': No such file or directory
  amboff.cpp
C:\MYPROG\HAPACK\MORT_LIB\common\numvec.hpp(4,10): fatal error C1083: Cannot open include file: 'boost/numeric/ublas/vector.hpp': No such file or directory
  ambfrc-amoeba.cpp
C:\MYPROG\HAPACK\MORT_LIB\common\numvec.hpp(4,10): fatal error C1083: Cannot open include file: 'boost/numeric/ublas/vector.hpp': No such file or directory
  Generating Code...
