c:\myprog\hapack\mswin\obj\debug_x64\mortlib\parmset.obj
c:\myprog\hapack\mswin\obj\debug_x64\mortlib\resd.obj
c:\myprog\hapack\mswin\obj\debug_x64\mortlib\numvec.obj
c:\myprog\hapack\mswin\obj\debug_x64\mortlib\mol.obj
c:\myprog\hapack\mswin\obj\debug_x64\mortlib\atmv.obj
c:\myprog\hapack\mswin\obj\debug_x64\mortlib\root.obj
c:\myprog\hapack\mswin\obj\debug_x64\mortlib\second.obj
c:\myprog\hapack\mswin\obj\debug_x64\mortlib\prmtop-amoeba.obj
c:\myprog\hapack\mswin\obj\debug_x64\mortlib\solute.obj
c:\myprog\hapack\mswin\obj\debug_x64\mortlib\pertab.obj
c:\myprog\hapack\mswin\obj\debug_x64\mortlib\ext.obj
c:\myprog\hapack\mswin\obj\debug_x64\mortlib\console.obj
c:\myprog\hapack\mswin\obj\debug_x64\mortlib\rela.obj
c:\myprog\hapack\mswin\obj\debug_x64\mortlib\hydrfun.obj
c:\myprog\hapack\mswin\obj\debug_x64\mortlib\reader.obj
c:\myprog\hapack\mswin\obj\debug_x64\mortlib\sect.obj
c:\myprog\hapack\mswin\obj\debug_x64\mortlib\extent.obj
c:\myprog\hapack\mswin\obj\debug_x64\mortlib\mask.obj
c:\myprog\hapack\mswin\obj\debug_x64\mortlib\geometry.obj
c:\myprog\hapack\mswin\obj\debug_x64\mortlib\xyz.obj
c:\myprog\hapack\mswin\obj\debug_x64\mortlib\mole.obj
c:\myprog\hapack\mswin\obj\debug_x64\mortlib\pdbent.obj
c:\myprog\hapack\mswin\obj\debug_x64\mortlib\mol2.obj
c:\myprog\hapack\mswin\obj\debug_x64\mortlib\chain.obj
c:\myprog\hapack\mswin\obj\debug_x64\mortlib\logic.obj
c:\myprog\hapack\mswin\obj\debug_x64\mortlib\funstack.obj
c:\myprog\hapack\mswin\obj\debug_x64\mortlib\ctrlparm.obj
c:\myprog\hapack\mswin\obj\debug_x64\mortlib\leaplog.obj
c:\myprog\hapack\mswin\obj\debug_x64\mortlib\morf.obj
c:\myprog\hapack\mswin\obj\debug_x64\mortlib\mdlize.obj
c:\myprog\hapack\mswin\obj\debug_x64\mortlib\head.obj
c:\myprog\hapack\mswin\obj\debug_x64\mortlib\amboff.obj
c:\myprog\hapack\mswin\obj\debug_x64\mortlib\addions.obj
c:\myprog\hapack\mswin\obj\debug_x64\mortlib\fortran.obj
c:\myprog\hapack\mswin\obj\debug_x64\mortlib\nonbond-pbc.obj
c:\myprog\hapack\mswin\obj\debug_x64\mortlib\mainwin.obj
c:\myprog\hapack\mswin\obj\debug_x64\mortlib\namemap.obj
c:\myprog\hapack\mswin\obj\debug_x64\mortlib\tyrule.obj
c:\myprog\hapack\mswin\obj\debug_x64\mortlib\prmtop.obj
c:\myprog\hapack\mswin\obj\debug_x64\mortlib\atom.obj
c:\myprog\hapack\mswin\obj\debug_x64\mortlib\shaper.obj
c:\myprog\hapack\mswin\obj\debug_x64\mortlib\bonding.obj
c:\myprog\hapack\mswin\obj\debug_x64\mortlib\control.obj
c:\myprog\hapack\mswin\obj\debug_x64\mortlib\bondfun.obj
c:\myprog\hapack\mswin\obj\debug_x64\mortlib\parse.obj
c:\myprog\hapack\mswin\obj\debug_x64\mortlib\energee.obj
c:\myprog\hapack\mswin\obj\debug_x64\mortlib\condition.obj
c:\myprog\hapack\mswin\obj\debug_x64\mortlib\crdalgo.obj
c:\myprog\hapack\mswin\obj\debug_x64\mortlib\frc.obj
c:\myprog\hapack\mswin\obj\debug_x64\mortlib\comp.obj
c:\myprog\hapack\mswin\obj\debug_x64\mortlib\geomfun.obj
c:\myprog\hapack\mswin\obj\debug_x64\mortlib\atomexpr.obj
c:\myprog\hapack\mswin\obj\debug_x64\mortlib\prep.obj
c:\myprog\hapack\mswin\obj\debug_x64\mortlib\dist.obj
c:\myprog\hapack\mswin\obj\debug_x64\mortlib\solvent.obj
c:\myprog\hapack\mswin\obj\debug_x64\mortlib\sdf.obj
c:\myprog\hapack\mswin\obj\debug_x64\mortlib\dihe.obj
c:\myprog\hapack\mswin\obj\debug_x64\mortlib\wrapper.obj
c:\myprog\hapack\mswin\obj\debug_x64\mortlib\smarts.obj
c:\myprog\hapack\mswin\obj\debug_x64\mortlib\exclude.obj
c:\myprog\hapack\mswin\obj\debug_x64\mortlib\octree.obj
c:\myprog\hapack\mswin\obj\debug_x64\mortlib\stralgo.obj
c:\myprog\hapack\mswin\obj\debug_x64\mortlib\top.obj
c:\myprog\hapack\mswin\obj\debug_x64\mortlib\impr.obj
c:\myprog\hapack\mswin\obj\debug_x64\mortlib\parmfun.obj
c:\myprog\hapack\mswin\obj\debug_x64\mortlib\status.obj
c:\myprog\hapack\mswin\obj\debug_x64\mortlib\parm.obj
c:\myprog\hapack\mswin\obj\debug_x64\mortlib\solvate.obj
c:\myprog\hapack\mswin\obj\debug_x64\mortlib\nonbond-egb.obj
c:\myprog\hapack\mswin\obj\debug_x64\mortlib\command.obj
c:\myprog\hapack\mswin\obj\debug_x64\mortlib\data.obj
c:\myprog\hapack\mswin\obj\debug_x64\mortlib\merge.obj
c:\myprog\hapack\mswin\obj\debug_x64\mortlib\ring.obj
c:\myprog\hapack\mswin\obj\debug_x64\mortlib\les.obj
c:\myprog\hapack\mswin\obj\debug_x64\mortlib\paren.obj
c:\myprog\hapack\mswin\obj\debug_x64\mortlib\hashcode.obj
c:\myprog\hapack\mswin\obj\debug_x64\mortlib\nonbond-lst.obj
c:\myprog\hapack\mswin\obj\debug_x64\mortlib\grammar.obj
c:\myprog\hapack\mswin\obj\debug_x64\mortlib\fixbond.obj
c:\myprog\hapack\mswin\obj\debug_x64\mortlib\subst.obj
c:\myprog\hapack\mswin\obj\debug_x64\mortlib\ambfrc-amoeba.obj
c:\myprog\hapack\mswin\obj\debug_x64\mortlib\region.obj
c:\myprog\hapack\mswin\obj\debug_x64\mortlib\matrix.obj
c:\myprog\hapack\mswin\obj\debug_x64\mortlib\mdb.obj
c:\myprog\hapack\mswin\obj\debug_x64\mortlib\angl.obj
c:\myprog\hapack\mswin\obj\debug_x64\mortlib\atomfun.obj
c:\myprog\hapack\mswin\obj\debug_x64\mortlib\finder.obj
c:\myprog\hapack\mswin\obj\debug_x64\mortlib\mortlib.pdb
c:\myprog\hapack\mswin\obj\debug_x64\mortlib\tripos_atom.obj
c:\myprog\hapack\mswin\obj\debug_x64\mortlib\tripos_bond.obj
c:\myprog\hapack\mswin\obj\debug_x64\mortlib\tripos_resd.obj
c:\myprog\hapack\mswin\obj\debug_x64\mortlib\object_atom.obj
c:\myprog\hapack\mswin\obj\debug_x64\mortlib\object_bond.obj
c:\myprog\hapack\mswin\obj\debug_x64\mortlib\object_resd.obj
c:\myprog\hapack\mswin\obj\debug_x64\mortlib\pdbent_atom.obj
c:\myprog\hapack\mswin\obj\debug_x64\mortlib\pdbent_bond.obj
c:\myprog\hapack\mswin\obj\debug_x64\mortlib\pdbent_resd.obj
c:\myprog\hapack\mswin\debug_x64\mortlib.lib
c:\myprog\hapack\mswin\obj\debug_x64\mortlib\vcpkg.applocal.log
c:\myprog\hapack\mswin\obj\debug_x64\mortlib\mortlib.tlog\cl.command.1.tlog
c:\myprog\hapack\mswin\obj\debug_x64\mortlib\mortlib.tlog\cl.read.1.tlog
c:\myprog\hapack\mswin\obj\debug_x64\mortlib\mortlib.tlog\cl.write.1.tlog
c:\myprog\hapack\mswin\obj\debug_x64\mortlib\mortlib.tlog\lib-link.read.1.tlog
c:\myprog\hapack\mswin\obj\debug_x64\mortlib\mortlib.tlog\lib-link.write.1.tlog
c:\myprog\hapack\mswin\obj\debug_x64\mortlib\mortlib.tlog\lib.command.1.tlog
c:\myprog\hapack\mswin\obj\debug_x64\mortlib\mortlib.tlog\mortlib.write.1u.tlog
