c:\myprog\hapack\mswin\obj\release_x64\vf_lib\ull_state.obj
c:\myprog\hapack\mswin\obj\release_x64\vf_lib\match.obj
c:\myprog\hapack\mswin\obj\release_x64\vf_lib\xsubgraph.obj
c:\myprog\hapack\mswin\obj\release_x64\vf_lib\sd_state.obj
c:\myprog\hapack\mswin\obj\release_x64\vf_lib\vf_sub_state.obj
c:\myprog\hapack\mswin\obj\release_x64\vf_lib\argedit.obj
c:\myprog\hapack\mswin\obj\release_x64\vf_lib\vf2_state.obj
c:\myprog\hapack\mswin\obj\release_x64\vf_lib\error.obj
c:\myprog\hapack\mswin\obj\release_x64\vf_lib\vf_state.obj
c:\myprog\hapack\mswin\obj\release_x64\vf_lib\argloader.obj
c:\myprog\hapack\mswin\obj\release_x64\vf_lib\sortnodes.obj
c:\myprog\hapack\mswin\obj\release_x64\vf_lib\vf2_sub_state.obj
c:\myprog\hapack\mswin\obj\release_x64\vf_lib\vf2_mono_state.obj
c:\myprog\hapack\mswin\obj\release_x64\vf_lib\gene.obj
c:\myprog\hapack\mswin\obj\release_x64\vf_lib\vf_mono_state.obj
c:\myprog\hapack\mswin\obj\release_x64\vf_lib\gene_mesh.obj
c:\myprog\hapack\mswin\obj\release_x64\vf_lib\ull_sub_state.obj
c:\myprog\hapack\mswin\obj\release_x64\vf_lib\argraph.obj
c:\myprog\hapack\mswin\release_x64\vf_lib.lib
c:\myprog\hapack\mswin\obj\release_x64\vf_lib\vcpkg.applocal.log
c:\myprog\hapack\mswin\obj\release_x64\vf_lib\vf_lib.tlog\cl.14624.write.1.tlog
c:\myprog\hapack\mswin\obj\release_x64\vf_lib\vf_lib.tlog\cl.command.1.tlog
c:\myprog\hapack\mswin\obj\release_x64\vf_lib\vf_lib.tlog\cl.read.1.tlog
c:\myprog\hapack\mswin\obj\release_x64\vf_lib\vf_lib.tlog\lib-link.read.1.tlog
c:\myprog\hapack\mswin\obj\release_x64\vf_lib\vf_lib.tlog\lib-link.write.1.tlog
c:\myprog\hapack\mswin\obj\release_x64\vf_lib\vf_lib.tlog\lib.command.1.tlog
c:\myprog\hapack\mswin\obj\release_x64\vf_lib\vf_lib.tlog\vf_lib.write.1u.tlog
