
          -------------------------------------------------------
          Amber 10 SANDER                              2008
          -------------------------------------------------------

| PMEMD implementation of SANDER, Release 10

| Run on 02/14/2012 at 14:38:49

  [-O]verwriting output

File Assignments:
|   MDIN: C:\MY_PROJECTS\AMBER_TEST\MPEPT\MULT_PEPT\mpept_box.inp               
|  MDOUT: C:\MY_PROJECTS\AMBER_TEST\MPEPT\MULT_PEPT\mpept_box.out               
| INPCRD: C:\MY_PROJECTS\AMBER_TEST\MPEPT\MULT_PEPT\mpept_box.crd               
|   PARM: C:\MY_PROJECTS\AMBER_TEST\MPEPT\MULT_PEPT\mpept_box.top               
| RESTRT: C:\MY_PROJECTS\AMBER_TEST\MPEPT\MULT_PEPT\mpept_box.rst               
|   REFC: C:\MY_PROJECTS\AMBER_TEST\MPEPT\MULT_PEPT\mpept_box.ref               
|  MDVEL: C:\MY_PROJECTS\AMBER_TEST\MPEPT\MULT_PEPT\mpept_box.mdvel             
|   MDEN: C:\MY_PROJECTS\AMBER_TEST\MPEPT\MULT_PEPT\mpept_box.mden              
|  MDCRD: C:\MY_PROJECTS\AMBER_TEST\MPEPT\MULT_PEPT\mpept_box.mdcrd             
| MDINFO: mdinfo                                                                

 
 Here is the input file:
 
 Amber Input file for the molecule set C:\MY_PROJECTS\AMBER_TEST\MPEPT\MULT_PEP
                                                                               
 &cntrl                                                                        
 imin=0,  nstlim=10,  nscm=1000,                                               
 t=       0.000,  dt=       0.001,                                             
 ntpr=10,  ntwr=500,  ntwx=0,  ntwv=0,  ntwe=10,  ioutfm=0,  ntwprt=0,         
 ntf=1,  ntb=2,  dielc= 1.000,                                                 
 cut=12.000,  scnb= 2.000,  scee= 1.200,  iwrap=0,                             
 irest= 0,  ntx= 1,                                                            
igb=0,                                                                         
ibelly=0, ntr=0,                                                               
 temp0=300.000,  tempi=300.000,  heat= 0.000,  ntt=1,                          
 dtemp=   0.0000,  tautp=   0.5000,  vlimit=20.000,                            
 ntp=1,  pres0= 1.000,  comp=44.600,  taup= 1.000,                             
 ntc=1, tol=   0.0005000,                                                      
 jfastw=0,                                                                     
  &end                                                                         
                                                                               


| INFO:    The dtemp ctrl option is deprecated and ignored.
| INFO:    The heat ctrl option is deprecated and ignored.
 
|  INFO: Old style inpcrd file read

 
| Conditional Compilation Defines Used:
| AMOEBA
| DIRFRC_COMTRANS
| DIRFRC_EFS
| PUBFFT
| FFTLOADBAL_2PROC
 
| Largest sphere to fit in unit cell has radius =    30.000

| New format PARM file being parsed.
| Version =    1.000 Date = 05/22/06 Time = 12:10:21
| Duplicated    0 dihedrals

| Duplicated    0 dihedrals

--------------------------------------------------------------------------------
   1.  RESOURCE   USE: 
--------------------------------------------------------------------------------

 getting new box info from bottom of inpcrd

 NATOM  =    1166 NTYPES =      14 NBONH =     566 MBONA  =     605
 NTHETH =    1279 MTHETA =     800 NPHIH =    2297 MPHIA  =    1586
 NHPARM =       0 NPARM  =       0 NNB   =    6186 NRES   =      71
 NBONA  =     605 NTHETA =     800 NPHIA =    1586 NUMBND =      36
 NUMANG =      43 NPTRA  =      59 NATYP =      14 NPHB   =       0
 IFBOX  =       1 NMXRS  =      26 IFCAP =       0 NEXTRA =       0
 NCOPY  =       0

| Coordinate Index Table dimensions:     9    9    9
| Direct force subcell size =     6.6667    6.6667    6.6667

     BOX TYPE: RECTILINEAR

--------------------------------------------------------------------------------
   2.  CONTROL  DATA  FOR  THE  RUN
--------------------------------------------------------------------------------

 Amber topology and parameter file for the molecule set C:\MY_PROJECTS\AMBER_TES

General flags:
     imin    =       0, nmropt  =       0

Nature and format of input:
     ntx     =       1, irest   =       0, ntrx    =       1

Nature and format of output:
     ntxo    =       1, ntpr    =      10, ntrx    =       1, ntwr    =     500
     iwrap   =       0, ntwx    =       0, ntwv    =       0, ntwe    =      10
     ioutfm  =       0, ntwprt  =       0, idecomp =       0, rbornstat=      0

Potential function:
     ntf     =       1, ntb     =       2, igb     =       0, nsnb    =      25
     ipol    =       0, gbsa    =       0, iesp    =       0
     dielc   =   1.00000, cut     =  12.00000, intdiel =   1.00000
     scnb    =   2.00000, scee    =   1.20000

Frozen or restrained atoms:
     ibelly  =       0, ntr     =       0

Molecular dynamics:
     nstlim  =        10, nscm    =      1000, nrespa  =         1
     t       =   0.00000, dt      =   0.00100, vlimit  =  20.00000

Berendsen (weak-coupling) temperature regulation:
     temp0   = 300.00000, tempi   = 300.00000, tautp   =   0.50000

Pressure regulation:
     ntp     =       1
     pres0   =   1.00000, comp    =  44.60000, taup    =   1.00000

Ewald parameters:
     verbose =       0, ew_type =       0, nbflag  =       1, use_pme =       1
     vdwmeth =       1, eedmeth =       1, netfrc  =       1
     Box X =   60.000   Box Y =   60.000   Box Z =   60.000
     Alpha =   90.000   Beta  =   90.000   Gamma =   90.000
     NFFT1 =   60       NFFT2 =   60       NFFT3 =   60
     Cutoff=   12.000   Tol   =0.100E-04
     Ewald Coefficient =  0.22664
     Interpolation order =    4

--------------------------------------------------------------------------------
   3.  ATOMIC COORDINATES AND VELOCITIES
--------------------------------------------------------------------------------

 Amber Coordinate file for the molecule set C:\MY_PROJECTS\AMBER_TEST\MPEPT\MULT
 begin time read from input coords =     0.000 ps

 Number of triangulated 3-point waters found:        0

     Sum of charges from parm topology file =   2.99999993
     Assuming uniform neutralizing plasma

| Dynamic Memory, Types Used:
| Reals              173286
| Integers            70430

| Nonbonded Pairs Initial Allocation:  579880

--------------------------------------------------------------------------------
   4.  RESULTS
--------------------------------------------------------------------------------

 ---------------------------------------------------
 APPROXIMATING switch and d/dx switch using CUBIC SPLINE INTERPOLATION
 using   5000.0 points per unit in tabled values
 TESTING RELATIVE ERROR over r ranging from 0.0 to cutoff
| CHECK switch(x): max rel err =   0.2738E-14   at   2.422500
| CHECK d/dx switch(x): max rel err =   0.7967E-11   at   2.716640
 ---------------------------------------------------
|---------------------------------------------------
| APPROXIMATING direct energy using CUBIC SPLINE INTERPOLATION
|  with   50.0 points per unit in tabled values
| Relative Error Limit not exceeded for r .gt.   2.27
| APPROXIMATING direct force using CUBIC SPLINE INTERPOLATION
|  with   50.0 points per unit in tabled values
| Relative Error Limit not exceeded for r .gt.   2.78
|---------------------------------------------------

 NSTEP =        0   TIME(PS) =       0.000  TEMP(K) =   302.59  PRESS =   -68.7
 Etot   =      7259.9792  EKtot   =      1050.7900  EPtot      =      6209.1891
 BOND   =      1632.0196  ANGLE   =      4012.6970  DIHED      =      1488.9274
 1-4 NB =       604.3151  1-4 EEL =      3074.5575  VDWAALS    =       500.6775
 EELEC  =     -5104.0050  EHBOND  =         0.0000  RESTRAINT  =         0.0000
 EKCMT  =        20.0367  VIRIAL  =       340.2420  VOLUME     =    216000.0000
                                                    Density    =         0.0709
 Ewald error estimate:   0.1637E-03
 ------------------------------------------------------------------------------

 ACCURATE ENE: 
 NSTEP=            0 TEMP=    302.593088166182      PRESS= 
  -68.6589199115042     
 TOT_ENE=    7259.97915358748      KIN_ENE=    1050.79004285831      POT_ENE= 
   6209.18911072917     
 BOND_ENE=    1632.01960141259      ANGLE_ENE=    4012.69703148457      
 DIHED_ENE=    1488.92739764824     
 VDW_14=    604.315098249635      ELECTR_14=    3074.55754203704      VDW_ENE=
   500.677468073994     
 ELECT_ENE=  -5104.00502817692      HBOND_ENE=  0.000000000000000E+000 
 RESTR_ENE=   0.000000000000000E+000
 ------------------------------------------------------------------------------


 NSTEP =       10   TIME(PS) =       0.010  TEMP(K) =   947.96  PRESS =   -71.2
 Etot   =      7199.1888  EKtot   =      3291.9040  EPtot      =      3907.2849
 BOND   =      1104.5573  ANGLE   =      2907.6984  DIHED      =      1407.8636
 1-4 NB =       411.3519  1-4 EEL =      3126.8706  VDWAALS    =       116.7402
 EELEC  =     -5167.7972  EHBOND  =         0.0000  RESTRAINT  =         0.0000
 EKCMT  =        20.3533  VIRIAL  =       352.5999  VOLUME     =    215993.8750
                                                    Density    =         0.0709
 Ewald error estimate:   0.1525E-03
 ------------------------------------------------------------------------------

 ACCURATE ENE: 
 NSTEP=           10 TEMP=    947.960432530816      PRESS= 
  -71.2428562072170     
 TOT_ENE=    7199.18883424122      KIN_ENE=    3291.90395446172      POT_ENE= 
   3907.28487977949     
 BOND_ENE=    1104.55733879340      ANGLE_ENE=    2907.69840908088      
 DIHED_ENE=    1407.86360459585     
 VDW_14=    411.351902306980      ELECTR_14=    3126.87062984131      VDW_ENE=
   116.740214301340     
 ELECT_ENE=  -5167.79721914028      HBOND_ENE=  0.000000000000000E+000 
 RESTR_ENE=   0.000000000000000E+000
 ------------------------------------------------------------------------------


      A V E R A G E S   O V E R      10 S T E P S


 NSTEP =       10   TIME(PS) =       0.010  TEMP(K) =   600.50  PRESS =   -69.8
 Etot   =      7222.6481  EKtot   =      2085.3108  EPtot      =      5137.3372
 BOND   =      1431.1997  ANGLE   =      3504.6280  DIHED      =      1460.6325
 1-4 NB =       526.3578  1-4 EEL =      3096.9363  VDWAALS    =       247.9749
 EELEC  =     -5130.3920  EHBOND  =         0.0000  RESTRAINT  =         0.0000
 EKCMT  =        20.1870  VIRIAL  =       345.7327  VOLUME     =    215996.9546
                                                    Density    =         0.0709
 Ewald error estimate:   0.1684E-03
 ------------------------------------------------------------------------------

 ACCURATE ENE: 
 NSTEP=           10 TEMP=    600.501161304762      PRESS= 
  -69.8050018201268     
 TOT_ENE=    7222.64805228007      KIN_ENE=    2085.31082070637      POT_ENE= 
   5137.33723157369     
 BOND_ENE=    1431.19972718261      ANGLE_ENE=    3504.62804113253      
 DIHED_ENE=    1460.63252879933     
 VDW_14=    526.357777914754      ELECTR_14=    3096.93632686582      VDW_ENE=
   247.974853184269     
 ELECT_ENE=  -5130.39202350561      HBOND_ENE=  0.000000000000000E+000 
 RESTR_ENE=   0.000000000000000E+000
 ------------------------------------------------------------------------------


      R M S  F L U C T U A T I O N S


 NSTEP =       10   TIME(PS) =       0.010  TEMP(K) =   212.81  PRESS =     0.9
 Etot   =        14.9984  EKtot   =       739.0081  EPtot      =       751.4469
 BOND   =       167.5205  ANGLE   =       385.9598  DIHED      =        28.4842
 1-4 NB =        67.4988  1-4 EEL =        17.7797  VDWAALS    =       113.2857
 EELEC  =        22.0614  EHBOND  =         0.0000  RESTRAINT  =         0.0000
 EKCMT  =         0.1061  VIRIAL  =         4.1876  VOLUME     =         1.9538
                                                    Density    =         0.0000
 Ewald error estimate:   0.7237E-05
 ------------------------------------------------------------------------------

 ACCURATE ENE: 
 NSTEP=           10 TEMP=    212.810099062405      PRESS= 
  0.876031054249337     
 TOT_ENE=    14.9984042602852      KIN_ENE=    739.008066805730      POT_ENE= 
   751.446859156258     
 BOND_ENE=    167.520480820236      ANGLE_ENE=    385.959803822815      
 DIHED_ENE=    28.4841847345295     
 VDW_14=    67.4988209352202      ELECTR_14=    17.7796572763221      VDW_ENE=
   113.285712707152     
 ELECT_ENE=   22.0613579288144      HBOND_ENE=  0.000000000000000E+000 
 RESTR_ENE=   0.000000000000000E+000
 ------------------------------------------------------------------------------

--------------------------------------------------------------------------------
   5.  TIMINGS
--------------------------------------------------------------------------------

|  NonSetup CPU Time in Major Routines:
|
|     Routine           Sec        %
|     ------------------------------
|     Nonbond           0.23   83.33
|     Bond              0.00    0.00
|     Angle             0.00    0.00
|     Dihedral          0.02    5.56
|     Shake             0.00    0.00
|     RunMD             0.03   11.11
|     Other             0.00    0.00
|     ------------------------------
|     Total             0.28

|  PME Nonbond Pairlist CPU Time:
|
|     Routine              Sec        %
|     ---------------------------------
|     Set Up Cit           0.00    0.00
|     Build List           0.00    0.00
|     ---------------------------------
|     Total                0.00    0.00

|  PME Direct Force CPU Time:
|
|     Routine              Sec        %
|     ---------------------------------
|     NonBonded Calc       0.02    5.56
|     Exclude Masked       0.00    0.00
|     Other                0.00    0.00
|     ---------------------------------
|     Total                0.02    5.56

|  PME Reciprocal Force CPU Time:
|
|     Routine              Sec        %
|     ---------------------------------
|     1D bspline           0.00    0.00
|     Grid Charges         0.00    0.00
|     Scalar Sum           0.06   22.22
|     Gradient Sum         0.00    0.00
|     FFT                  0.16   55.56
|     ---------------------------------
|     Total                0.22   77.78

|  Setup CPU time:            0.06 seconds
|  NonSetup CPU time:         0.28 seconds
|  Total CPU time:            0.34 seconds     0.00 hours

|  Setup wall time:           0    seconds
|  NonSetup wall time:        1    seconds
|  Total wall time:           1    seconds     0.00 hours
