| Run on 01/12/2012 at 18:04:47

| Coordinate Index Table dimensions:     9    7    8
| Direct force subcell size =     7.1753    7.9261    7.0390

 BOX TYPE: RECTILINEAR,
 -----------------------------------------------------------------------------
    2.  CONTROL  DATA  FOR  THE  RUN
 -----------------------------------------------------------------------------
 General flags:
      imin  =        0  
 Nature and format of input:
      ntx   =        1   irest  =        0 
 Nature and format of output:
      ntxo  =        1   ntpr   =       10  ntwr  =      500 
      iwrap =        0   ntwx   =        0  ntwv  =        0 ntwe  =       10
      ioutfm =       0   ntwprt   =       0   rbornstat  =      0 
 Potential function:
      ntf   =        1   ntb    =        2  igb   =        0 nsnb  =       25 
      ipol  =        0   gbsa    =        0
      dielc =    1.00000  vdw_cutoff =   12.00000  intdiel =    1.00000 
      scnb =    2.00000  scee =    1.20000 
 Frozen or restrained atoms:
      ibelly  =        0   ntr  =        0
 Molecular dynamics:
      nstlim =       10 nscm    =     1000   nrespa  =        1 
      dt     =    0.00100  vlimit =   20.00000  
 Berendsen (weak-coupling) temperature regulation:
      temp0 =  300.00000  tempi =  300.00000  tautp =    0.50000 
 Pressure regulation:
      ntp =        1 
      pres0 =    1.00000  comp =   44.60000  taup =    1.00000 
 Ewald parameters:
      pme_verbose =        0 
      vdw_correction_flag =        1   netfrc  =        1   
      Box X =   64.57800  Box Y =   55.48300  Box Z =   56.31200 
      Alpha =   90.00000  Beta  =   90.00000  Gamma =   90.00000 
      pme_grid_nx =       72   pme_grid_ny =       60  pme_grid_nz =       60   
      Cutoff =   12.00000  Tol   =    0.00001 
      Ewald Coefficient =    0.22664 
      Interpolation order =     5 
  
 File Assignments: 
  MDOUT = mpept_box.out   RESTRT = mpept_box.rst
  REFC =    refc.dat 
  MDVEL = mpept_box.mdvel   MDEN = mpept_box.mden
  MDCRD = mpept_box.mdcrd   
  
 ---------------
   RESULTS 
 -----------------
  
  NSTEP =         0 TIME(PS) =       0.000 TEMP(K) =  302.66 PRESS =     0.0
  Etot = -13534.24571494715 EKtot =  13165.61089620337
  EPtot = -26699.85661115051
  BOND =   1823.90257365869  ANGLE =   5651.80614998957
  DIHED =    942.12727160757
  1-4 NB =   1579.20076805441  1-4 EEL =      0.00000000000 
  VDWAALS =  15626.60798962784
  EELEC = -38100.58523423513 EHBOND =      0.00000000000 
  RESTRAINT =      0.00000000000
  EKCMT =      0.00000000000  VIRIAL  = -123558.17229887722
  VOLUME = 201764.83587028799
  E_POLAR = -14222.91612985346 
                                    Density    =      0.73409534734
  Ewald error estimate: 0.00000000000e+000
 ----------------------------------------------------------------------------
  
  NSTEP =        10 TIME(PS) =       0.010 TEMP(K) =  386.05 PRESS = 11234.9
  Etot = -13661.83135660275 EKtot =  16792.96414563636
  EPtot = -30454.79550223911
  BOND =   1421.37101102992  ANGLE =   3758.49441200709
  DIHED =    860.36748380024
  1-4 NB =   1004.79840152437  1-4 EEL =      0.00000000000 
  VDWAALS =  14823.07199311261
  EELEC = -38208.38966860290 EHBOND =      0.00000000000 
  RESTRAINT =      0.00000000000
  EKCMT =  15036.89190417171  VIRIAL  = -67930.50722112045
  VOLUME = 202008.58000360348
  E_POLAR = -14114.50913511044 
                                    Density    =      0.73320958578
  Ewald error estimate: 0.00000000000e+000
 ----------------------------------------------------------------------------
      A V E R A G E S   O V E R        10    S T E P S 
  
  NSTEP =        10 TIME(PS) =       0.010 TEMP(K) =  307.62 PRESS =  3833.4
  Etot = -13452.60939664330 EKtot =  13381.23415423578
  EPtot = -26833.84355087908
  BOND =   3634.77200936419  ANGLE =   5018.96775349266
  DIHED =    914.11233150510
  1-4 NB =   1279.29160423841  1-4 EEL =      0.00000000000 
  VDWAALS =  15935.04072739857
  EELEC = -38955.06266355978 EHBOND =      0.00000000000 
  RESTRAINT =      0.00000000000
  EKCMT =  13018.49882929249  VIRIAL  =  -7371.01685931559
  VOLUME = 201975.87239581550
  E_POLAR = -14660.96531331823 
                                    Density    =      0.73332851326
  Ewald error estimate: 0.00000000000e+000
 ----------------------------------------------------------------------------
      R M S  F L U C T U A T I O N S   
  
  NSTEP =        10 TIME(PS) =       0.010 TEMP(K) =   33.35 PRESS =  9279.4
  Etot =   2981.94928198950 EKtot =   1450.69623394296
  EPtot =   1531.25304804654
  BOND =   1191.92995592509  ANGLE =    658.20412191855
  DIHED =     28.03679727944
  1-4 NB =    203.60084252272  1-4 EEL =      0.00000000000 
  VDWAALS =    600.00800955150
  EELEC =    661.78955790996 EHBOND =      0.00000000000 
  RESTRAINT =      0.00000000000
  EKCMT =    901.99879863154  VIRIAL  =  80274.76709287330
  VOLUME =    103.56452611163
  E_POLAR =    403.46017075919 
                                    Density    =      0.00037609123
  Ewald error estimate: 0.00000000000e+000
 ----------------------------------------------------------------------------
