
          -------------------------------------------------------
          Amber 10 SANDER                              2008
          -------------------------------------------------------

| PMEMD implementation of SANDER, Release 10

| Run on 01/21/2012 at 21:40:13

  [-O]verwriting output

File Assignments:
|   MDIN: mpept.inp                                                             
|  MDOUT: mpept_amber94_leap.out                                                
| INPCRD: mpept.crd                                                             
|   PARM: mpept_amber94_leap.top                                                
| RESTRT: mpept.rst                                                             
|   REFC: mpept.ref                                                             
|  MDVEL: mpept.mdvel                                                           
|   MDEN: mpept.mden                                                            
|  MDCRD: mpept.mdcrd                                                           
| MDINFO: mdinfo                                                                

 
 Here is the input file:
 
 Amber Input file for the molecule set mpept                                   
                                                                               
 &cntrl                                                                        
 imin=0,  nstlim=10,  nscm=1000,                                               
 t=       0.000,  dt=       0.001,                                             
 ntpr=10,  ntwr=500,  ntwx=0,  ntwv=0,  ntwe=10,  ioutfm=0,  ntwprt=0,         
 ntf=1,  ntb=2,  dielc= 1.000,                                                 
 cut=12.000,  scnb= 2.000,  scee= 1.200,  iwrap=0,                             
 irest= 0,  ntx= 1,                                                            
igb=0,                                                                         
ibelly=0, ntr=0,                                                               
 temp0=300.000,  tempi=300.000,  heat= 0.000,  ntt=1,                          
 dtemp=   0.0000,  tautp=   0.5000,  vlimit=20.000,                            
 ntp=1,  pres0= 1.000,  comp=44.600,  taup= 1.000,                             
 ntc=1, tol=   0.0005000,                                                      
 jfastw=0,                                                                     
  &end                                                                         
                                                                               


| INFO:    The dtemp ctrl option is deprecated and ignored.
| INFO:    The heat ctrl option is deprecated and ignored.
 
|  INFO: Old style inpcrd file read

 
| Conditional Compilation Defines Used:
| AMOEBA
| DIRFRC_COMTRANS
| DIRFRC_EFS
| PUBFFT
| FFTLOADBAL_2PROC
 
| Largest sphere to fit in unit cell has radius =    30.000

| New format PARM file being parsed.
| Version =    1.000 Date = 01/20/12 Time = 16:25:04
| Duplicated    0 dihedrals

| Duplicated    0 dihedrals

--------------------------------------------------------------------------------
   1.  RESOURCE   USE: 
--------------------------------------------------------------------------------

 getting new box info from bottom of inpcrd

 NATOM  =    1118 NTYPES =      14 NBONH =     546 MBONA  =     578
 NTHETH =    1230 MTHETA =     765 NPHIH =    2145 MPHIA  =    1172
 NHPARM =       0 NPARM  =       0 NNB   =    5932 NRES   =      68
 NBONA  =     578 NTHETA =     765 NPHIA =    1172 NUMBND =      46
 NUMANG =     102 NPTRA  =      36 NATYP =      29 NPHB   =       0
 IFBOX  =       1 NMXRS  =      26 IFCAP =       0 NEXTRA =       0
 NCOPY  =       0

| Coordinate Index Table dimensions:     9    9    9
| Direct force subcell size =     6.6667    6.6667    6.6667

     BOX TYPE: RECTILINEAR

--------------------------------------------------------------------------------
   2.  CONTROL  DATA  FOR  THE  RUN
--------------------------------------------------------------------------------

                                                                                

General flags:
     imin    =       0, nmropt  =       0

Nature and format of input:
     ntx     =       1, irest   =       0, ntrx    =       1

Nature and format of output:
     ntxo    =       1, ntpr    =      10, ntrx    =       1, ntwr    =     500
     iwrap   =       0, ntwx    =       0, ntwv    =       0, ntwe    =      10
     ioutfm  =       0, ntwprt  =       0, idecomp =       0, rbornstat=      0

Potential function:
     ntf     =       1, ntb     =       2, igb     =       0, nsnb    =      25
     ipol    =       0, gbsa    =       0, iesp    =       0
     dielc   =   1.00000, cut     =  12.00000, intdiel =   1.00000
     scnb    =   2.00000, scee    =   1.20000

Frozen or restrained atoms:
     ibelly  =       0, ntr     =       0

Molecular dynamics:
     nstlim  =        10, nscm    =      1000, nrespa  =         1
     t       =   0.00000, dt      =   0.00100, vlimit  =  20.00000

Berendsen (weak-coupling) temperature regulation:
     temp0   = 300.00000, tempi   = 300.00000, tautp   =   0.50000

Pressure regulation:
     ntp     =       1
     pres0   =   1.00000, comp    =  44.60000, taup    =   1.00000

Ewald parameters:
     verbose =       0, ew_type =       0, nbflag  =       1, use_pme =       1
     vdwmeth =       1, eedmeth =       1, netfrc  =       1
     Box X =   60.000   Box Y =   60.000   Box Z =   60.000
     Alpha =   90.000   Beta  =   90.000   Gamma =   90.000
     NFFT1 =   60       NFFT2 =   60       NFFT3 =   60
     Cutoff=   12.000   Tol   =0.100E-04
     Ewald Coefficient =  0.22664
     Interpolation order =    4

--------------------------------------------------------------------------------
   3.  ATOMIC COORDINATES AND VELOCITIES
--------------------------------------------------------------------------------

 Amber Coordinate file for the molecule set mpept                               
 begin time read from input coords =     0.000 ps

 Number of triangulated 3-point waters found:        0

     Sum of charges from parm topology file =   5.99999994
     Assuming uniform neutralizing plasma

| Dynamic Memory, Types Used:
| Reals              171938
| Integers            65504

| Nonbonded Pairs Initial Allocation:  556009

--------------------------------------------------------------------------------
   4.  RESULTS
--------------------------------------------------------------------------------

 ---------------------------------------------------
 APPROXIMATING switch and d/dx switch using CUBIC SPLINE INTERPOLATION
 using   5000.0 points per unit in tabled values
 TESTING RELATIVE ERROR over r ranging from 0.0 to cutoff
| CHECK switch(x): max rel err =   0.2738E-14   at   2.422500
| CHECK d/dx switch(x): max rel err =   0.7967E-11   at   2.716640
 ---------------------------------------------------
|---------------------------------------------------
| APPROXIMATING direct energy using CUBIC SPLINE INTERPOLATION
|  with   50.0 points per unit in tabled values
| Relative Error Limit not exceeded for r .gt.   2.27
| APPROXIMATING direct force using CUBIC SPLINE INTERPOLATION
|  with   50.0 points per unit in tabled values
| Relative Error Limit not exceeded for r .gt.   2.78
|---------------------------------------------------

 NSTEP =        0   TIME(PS) =       0.000  TEMP(K) =   301.55  PRESS =   -71.5
 Etot   =      6405.9445  EKtot   =      1004.0203  EPtot      =      5401.9242
 BOND   =      1630.5959  ANGLE   =      3832.6164  DIHED      =      1277.5989
 1-4 NB =       589.8631  1-4 EEL =      2846.7072  VDWAALS    =       252.0125
 EELEC  =     -5027.4697  EHBOND  =         0.0000  RESTRAINT  =         0.0000
 EKCMT  =        19.4246  VIRIAL  =       352.9385  VOLUME     =    216000.0000
                                                    Density    =         0.0638
 Ewald error estimate:   0.9276E-03
 ------------------------------------------------------------------------------

 ACCURATE ENE: 
 NSTEP=            0 TEMP=    301.549272627830      PRESS= 
  -71.5125793955034     
 TOT_ENE=    6405.94448399310      KIN_ENE=    1004.02026392409      POT_ENE= 
   5401.92422006900     
 BOND_ENE=    1630.59590332287      ANGLE_ENE=    3832.61638366885      
 DIHED_ENE=    1277.59886391980     
 VDW_14=    589.863132490641      ELECTR_14=    2846.70719599233      VDW_ENE=
   252.012475587766     
 ELECT_ENE=  -5027.46973491326      HBOND_ENE=  0.000000000000000E+000 
 RESTR_ENE=   0.000000000000000E+000
 ------------------------------------------------------------------------------


 NSTEP =       10   TIME(PS) =       0.010  TEMP(K) =   921.13  PRESS =   -73.9
 Etot   =      6374.0154  EKtot   =      3066.9344  EPtot      =      3307.0810
 BOND   =      1059.5903  ANGLE   =      2762.5696  DIHED      =      1194.5365
 1-4 NB =       394.4811  1-4 EEL =      2884.5799  VDWAALS    =       103.0387
 EELEC  =     -5091.7152  EHBOND  =         0.0000  RESTRAINT  =         0.0000
 EKCMT  =        19.7460  VIRIAL  =       364.5352  VOLUME     =    215993.6317
                                                    Density    =         0.0638
 Ewald error estimate:   0.9064E-03
 ------------------------------------------------------------------------------

 ACCURATE ENE: 
 NSTEP=           10 TEMP=    921.128667014604      PRESS= 
  -73.9324118739585     
 TOT_ENE=    6374.01544939953      KIN_ENE=    3066.93443265398      POT_ENE= 
   3307.08101674555     
 BOND_ENE=    1059.59031693407      ANGLE_ENE=    2762.56964988573      
 DIHED_ENE=    1194.53650007092     
 VDW_14=    394.481126584824      ELECTR_14=    2884.57993856510      VDW_ENE=
   103.038724374119     
 ELECT_ENE=  -5091.71523966921      HBOND_ENE=  0.000000000000000E+000 
 RESTR_ENE=   0.000000000000000E+000
 ------------------------------------------------------------------------------


      A V E R A G E S   O V E R      10 S T E P S


 NSTEP =       10   TIME(PS) =       0.010  TEMP(K) =   573.70  PRESS =   -72.6
 Etot   =      6394.4073  EKtot   =      1910.1712  EPtot      =      4484.2361
 BOND   =      1404.2750  ANGLE   =      3335.8443  DIHED      =      1248.4858
 1-4 NB =       492.8432  1-4 EEL =      2859.8893  VDWAALS    =       195.7509
 EELEC  =     -5052.8524  EHBOND  =         0.0000  RESTRAINT  =         0.0000
 EKCMT  =        19.5841  VIRIAL  =       358.1624  VOLUME     =    215996.8324
                                                    Density    =         0.0638
 Ewald error estimate:   0.9272E-03
 ------------------------------------------------------------------------------

 ACCURATE ENE: 
 NSTEP=           10 TEMP=    573.704287435386      PRESS= 
  -72.5995600822717     
 TOT_ENE=    6394.40731980481      KIN_ENE=    1910.17118053596      POT_ENE= 
   4484.23613926885     
 BOND_ENE=    1404.27501928539      ANGLE_ENE=    3335.84425985715      
 DIHED_ENE=    1248.48580809379     
 VDW_14=    492.843154805877      ELECTR_14=    2859.88931570464      VDW_ENE=
   195.750931664680     
 ELECT_ENE=  -5052.85235014269      HBOND_ENE=  0.000000000000000E+000 
 RESTR_ENE=   0.000000000000000E+000
 ------------------------------------------------------------------------------


      R M S  F L U C T U A T I O N S


 NSTEP =       10   TIME(PS) =       0.010  TEMP(K) =   211.84  PRESS =     0.8
 Etot   =         9.7430  EKtot   =       705.3356  EPtot      =       714.6813
 BOND   =       180.7577  ANGLE   =       376.3699  DIHED      =        29.1696
 1-4 NB =        69.6753  1-4 EEL =        12.5890  VDWAALS    =        53.9600
 EELEC  =        21.8296  EHBOND  =         0.0000  RESTRAINT  =         0.0000
 EKCMT  =         0.1089  VIRIAL  =         4.0138  VOLUME     =         2.0314
                                                    Density    =         0.0000
 Ewald error estimate:   0.1011E-04
 ------------------------------------------------------------------------------

 ACCURATE ENE: 
 NSTEP=           10 TEMP=    211.841776927159      PRESS= 
  0.838412710573188     
 TOT_ENE=    9.74296920358221      KIN_ENE=    705.335598812935      POT_ENE= 
   714.681258160469     
 BOND_ENE=    180.757713189530      ANGLE_ENE=    376.369855881931      
 DIHED_ENE=    29.1695940489126     
 VDW_14=    69.6752613141147      ELECTR_14=    12.5889908735168      VDW_ENE=
   53.9600193993580     
 ELECT_ENE=   21.8295647543811      HBOND_ENE=  0.000000000000000E+000 
 RESTR_ENE=   0.000000000000000E+000
 ------------------------------------------------------------------------------

--------------------------------------------------------------------------------
   5.  TIMINGS
--------------------------------------------------------------------------------

|  NonSetup CPU Time in Major Routines:
|
|     Routine           Sec        %
|     ------------------------------
|     Nonbond           0.27  100.00
|     Bond              0.00    0.00
|     Angle             0.00    0.00
|     Dihedral          0.00    0.00
|     Shake             0.00    0.00
|     RunMD             0.00    0.00
|     Other             0.00    0.00
|     ------------------------------
|     Total             0.27

|  PME Nonbond Pairlist CPU Time:
|
|     Routine              Sec        %
|     ---------------------------------
|     Set Up Cit           0.00    0.00
|     Build List           0.02    5.88
|     ---------------------------------
|     Total                0.02    5.88

|  PME Direct Force CPU Time:
|
|     Routine              Sec        %
|     ---------------------------------
|     NonBonded Calc       0.05   17.65
|     Exclude Masked       0.00    0.00
|     Other                0.00    0.00
|     ---------------------------------
|     Total                0.05   17.65

|  PME Reciprocal Force CPU Time:
|
|     Routine              Sec        %
|     ---------------------------------
|     1D bspline           0.00    0.00
|     Grid Charges         0.02    5.88
|     Scalar Sum           0.03   11.76
|     Gradient Sum         0.00    0.00
|     FFT                  0.16   58.82
|     ---------------------------------
|     Total                0.20   76.47

|  Setup CPU time:            0.05 seconds
|  NonSetup CPU time:         0.27 seconds
|  Total CPU time:            0.31 seconds     0.00 hours

|  Setup wall time:           0    seconds
|  NonSetup wall time:        1    seconds
|  Total wall time:           1    seconds     0.00 hours
