 Harlem Home Dir = C:\HARLEM\
 Full Name of the basis file: C:\HARLEM\basis/MINB6G 
 Harlem Home Dir = C:\HARLEM\
 Full Name of the basis file: C:\HARLEM\basis/MINB6G 
 Harlem Home Dir = C:\HARLEM\
 Full Name of the basis file: C:\HARLEM\basis/MINB6G 
 

 Run ZINDO/1 calculations 

 N alpha electrons = 9 N beta electrons = 9 

 Overlap Matrix 
    1.000000
    0.000000    1.000000
    0.000000    0.000000    1.000000
    0.000000    0.000000    0.000000    1.000000
    0.000000    0.000000    0.000000    0.000000    1.000000
    0.000000    0.000000    0.000000    0.000000    0.000000    1.000000
    0.000000    0.000000    0.000000    0.000000    0.000000    0.000000    1.000000
    0.000000    0.000000    0.000000    0.000000    0.000000    0.000000    0.000000    1.000000
    0.000000    0.000000    0.000000    0.000000    0.000000    0.000000    0.000000    0.000000    1.000000
    0.344089   -0.290054    0.000000    0.410198    0.073631   -0.120239    0.000000    0.042511    0.000000    1.000000
    0.051082    0.096870    0.000000    0.128595    0.109591   -0.046982    0.000000   -0.011386    0.000000    0.000000    1.000000
    0.000000    0.000000    0.187800    0.000000    0.000000    0.000000    0.079187    0.000000   -0.055994    0.000000    0.000000    1.000000
   -0.072240    0.128595    0.000000    0.005939   -0.017829    0.122437    0.000000   -0.063085    0.000000    0.000000    0.000000    0.000000    1.000000
    0.336403   -0.339522   -0.181148    0.265037   -0.001117   -0.045801   -0.024437    0.020986    0.031304    0.479500   -0.226573   -0.305722   -0.042633    1.000000
    0.506184   -0.313000    0.000000   -0.442650    0.100132    0.163514    0.000000    0.057811    0.000000    0.066784    0.008078    0.000000   -0.068279    0.085204    1.000000
    0.506184    0.313001   -0.442650    0.000000   -0.100131    0.000000    0.000000   -0.057810   -0.163514    0.066784    0.048280   -0.028427   -0.039851    0.078104    0.193912    1.000000
    0.505241    0.314086    0.444184    0.000000   -0.099453    0.000000    0.000000   -0.057419    0.162406    0.065827    0.047639    0.028202   -0.039169    0.032734    0.191613    0.191613    1.000000

 Scaled Overlap Matrix 
    1.000000
    0.000000    1.000000
    0.000000    0.000000    1.000000
    0.000000    0.000000    0.000000    1.000000
    0.000000    0.000000    0.000000    0.000000    1.000000
    0.000000    0.000000    0.000000    0.000000    0.000000    1.000000
    0.000000    0.000000    0.000000    0.000000    0.000000    0.000000    1.000000
    0.000000    0.000000    0.000000    0.000000    0.000000    0.000000    0.000000    1.000000
    0.000000    0.000000    0.000000    0.000000    0.000000    0.000000    0.000000    0.000000    1.000000
    0.344089   -0.290054    0.000000    0.410198    0.073631   -0.120239    0.000000    0.042511    0.000000    1.000000
    0.051082    0.037348    0.000000    0.102552    0.109591   -0.046982    0.000000   -0.011386    0.000000    0.000000    1.000000
    0.000000    0.000000    0.109863    0.000000    0.000000    0.000000    0.079187    0.000000   -0.055994    0.000000    0.000000    1.000000
   -0.072240    0.102552    0.000000   -0.035168   -0.017829    0.122437    0.000000   -0.063085    0.000000    0.000000    0.000000    0.000000    1.000000
    0.336403   -0.339522   -0.181148    0.265037   -0.001117   -0.045801   -0.024437    0.020986    0.031304    0.479500   -0.226573   -0.305722   -0.042633    1.000000
    0.506184   -0.313000    0.000000   -0.442650    0.100132    0.163514    0.000000    0.057811    0.000000    0.066784    0.008078    0.000000   -0.068279    0.085204    1.000000
    0.506184    0.313001   -0.442650    0.000000   -0.100131    0.000000    0.000000   -0.057810   -0.163514    0.066784    0.048280   -0.028427   -0.039851    0.078104    0.193912    1.000000
    0.505241    0.314086    0.444184    0.000000   -0.099453    0.000000    0.000000   -0.057419    0.162406    0.065827    0.047639    0.028202   -0.039169    0.032734    0.191613    0.191613    1.000000

 G(SP-SP) Coulomb Matrix 
    0.275240
    0.288405    0.826465
    0.247108    0.500873    0.750000
    0.312722    0.250107    0.231346    0.750000
    0.312722    0.250107    0.226048    0.299722    0.750000
    0.312195    0.249239    0.184909    0.298410    0.298410    0.750000

 G(SP-D) Coulomb Matrix 
6 6
   0.34100   0.00000   0.00000   0.00000   0.00000   0.00000
   0.35162   0.00000   0.00000   0.00000   0.00000   0.00000
   0.26795   0.00000   0.00000   0.00000   0.00000   0.00000
   0.46657   0.00000   0.00000   0.00000   0.00000   0.00000
   0.46657   0.00000   0.00000   0.00000   0.00000   0.00000
   0.46322   0.00000   0.00000   0.00000   0.00000   0.00000

 G(D-D) Coulomb Matrix 
    0.873281
    0.000000    0.000000
    0.000000    0.000000    0.000000
    0.000000    0.000000    0.000000    0.000000
    0.000000    0.000000    0.000000    0.000000    0.000000
    0.000000    0.000000    0.000000    0.000000    0.000000    0.000000

 Core Hamiltonian: 
   -5.543468
    0.000000   -5.433465
    0.000000    0.000000   -5.433465
    0.000000    0.000000    0.000000   -5.433465
    0.000000    0.000000    0.000000    0.000000   -9.458837
    0.000000    0.000000    0.000000    0.000000    0.000000   -9.458837
    0.000000    0.000000    0.000000    0.000000    0.000000    0.000000   -9.458837
    0.000000    0.000000    0.000000    0.000000    0.000000    0.000000    0.000000   -9.458837
    0.000000    0.000000    0.000000    0.000000    0.000000    0.000000    0.000000    0.000000   -9.458837
   -0.227612    0.191868    0.000000   -0.271343   -0.078471    0.128143    0.000000   -0.045305    0.000000   -9.017053
   -0.033790   -0.064079    0.000000   -0.085064   -0.116795    0.050071    0.000000    0.012135    0.000000    0.000000   -8.490498
    0.000000    0.000000   -0.124228    0.000000    0.000000    0.000000   -0.084393    0.000000    0.059675    0.000000    0.000000   -8.490498
    0.047786   -0.085064    0.000000   -0.003929    0.019001   -0.130486    0.000000    0.067232    0.000000    0.000000    0.000000    0.000000   -8.490498
   -0.079121    0.079855    0.042606   -0.062336    0.000714    0.029287    0.015626   -0.013419   -0.020017   -0.412341    0.194839    0.262902    0.036662   -6.243695
   -0.119053    0.073617    0.000000    0.104110   -0.064028   -0.104558    0.000000   -0.036967    0.000000   -0.057431   -0.006947    0.000000    0.058716   -0.036948   -6.340440
   -0.119053   -0.073617    0.104110    0.000000    0.064028    0.000000    0.000000    0.036966    0.104558   -0.057431   -0.041518    0.024446    0.034270   -0.033869   -0.084089   -6.335139
   -0.118831   -0.073872   -0.104471    0.000000    0.063595    0.000000    0.000000    0.036716   -0.103850   -0.056608   -0.040966   -0.024252    0.033683   -0.014195   -0.083092   -0.083092   -6.264365

 1e-Hamiltonian matrix for Initial Guess: 
   -0.141092
    0.000000   -0.082708
    0.000000    0.000000   -0.082708
    0.000000    0.000000    0.000000   -0.082708
    0.000000    0.000000    0.000000    0.000000   -0.178567
    0.000000    0.000000    0.000000    0.000000    0.000000   -0.178567
    0.000000    0.000000    0.000000    0.000000    0.000000    0.000000   -0.178567
    0.000000    0.000000    0.000000    0.000000    0.000000    0.000000    0.000000   -0.178567
    0.000000    0.000000    0.000000    0.000000    0.000000    0.000000    0.000000    0.000000   -0.178567
   -0.227612    0.191868    0.000000   -0.271343   -0.078471    0.128143    0.000000   -0.045305    0.000000   -0.596997
   -0.033790   -0.064079    0.000000   -0.085064   -0.116795    0.050071    0.000000    0.012135    0.000000    0.000000   -0.291792
    0.000000    0.000000   -0.124228    0.000000    0.000000    0.000000   -0.084393    0.000000    0.059675    0.000000    0.000000   -0.291792
    0.047786   -0.085064    0.000000   -0.003929    0.019001   -0.130486    0.000000    0.067232    0.000000    0.000000    0.000000    0.000000   -0.291792
   -0.079121    0.079855    0.042606   -0.062336    0.000714    0.029287    0.015626   -0.013419   -0.020017   -0.412341    0.194839    0.262902    0.036662   -0.239975
   -0.119053    0.073617    0.000000    0.104110   -0.064028   -0.104558    0.000000   -0.036967    0.000000   -0.057431   -0.006947    0.000000    0.058716   -0.036948   -0.239975
   -0.119053   -0.073617    0.104110    0.000000    0.064028    0.000000    0.000000    0.036966    0.104558   -0.057431   -0.041518    0.024446    0.034270   -0.033869   -0.084089   -0.239975
   -0.118831   -0.073872   -0.104471    0.000000    0.063595    0.000000    0.000000    0.036716   -0.103850   -0.056608   -0.040966   -0.024252    0.033683   -0.014195   -0.083092   -0.083092   -0.239975
 Eigen values of initial guess: 
1    -1.118724 
2    -0.573802 
3    -0.504487 
4    -0.412416 
5    -0.389820 
6    -0.348138 
7    -0.340748 
8    -0.171052 
9    -0.167147 
10    -0.096164 
11    -0.070387 
12    -0.043155 
13    -0.001784 
14     0.072860 
15     0.075940 
16     0.140175 
17     0.234530 
 iter=    1 el_ene =   -80.45346804 au, tot_ene=   -40.17119781 rmsdp =     0.17647059 
 iter=    2 el_ene =   -80.58449722 au, tot_ene=   -40.30222698 rmsdp =     0.03648177 
 iter=    3 el_ene =   -80.52782306 au, tot_ene=   -40.24555282 rmsdp =     0.03603998 
 iter=    4 el_ene =   -80.35002428 au, tot_ene=   -40.06775404 rmsdp =     0.05461795 
 iter=    5 el_ene =   -80.65381650 au, tot_ene=   -40.37154627 rmsdp =     0.04524109 
 iter=    6 el_ene =   -80.64232365 au, tot_ene=   -40.36005341 rmsdp =     0.02691026 
 iter=    7 el_ene =   -80.66186064 au, tot_ene=   -40.37959040 rmsdp =     0.02777314 
 iter=    8 el_ene =   -80.61289637 au, tot_ene=   -40.33062613 rmsdp =     0.03047926 
 iter=    9 el_ene =   -80.67226473 au, tot_ene=   -40.38999449 rmsdp =     0.03120548 
 iter=   10 el_ene =   -80.72950157 au, tot_ene=   -40.44723134 rmsdp =     0.00195866 
 iter=   11 el_ene =   -80.73042374 au, tot_ene=   -40.44815350 rmsdp =     0.00574036 
 iter=   12 el_ene =   -80.72895726 au, tot_ene=   -40.44668702 rmsdp =     0.00592602 
 iter=   13 el_ene =   -80.72705103 au, tot_ene=   -40.44478079 rmsdp =     0.00730514 
 iter=   14 el_ene =   -80.72239633 au, tot_ene=   -40.44012609 rmsdp =     0.00922505 
 iter=   15 el_ene =   -80.72643401 au, tot_ene=   -40.44416377 rmsdp =     0.01121485 
 iter=   16 el_ene =   -80.73261888 au, tot_ene=   -40.45034864 rmsdp =     0.00167579 
 iter=   17 el_ene =   -80.73235841 au, tot_ene=   -40.45008818 rmsdp =     0.00353840 
 iter=   18 el_ene =   -80.73149512 au, tot_ene=   -40.44922488 rmsdp =     0.00414577 
 iter=   19 el_ene =   -80.73037109 au, tot_ene=   -40.44810085 rmsdp =     0.00518060 
 iter=   20 el_ene =   -80.73130915 au, tot_ene=   -40.44903891 rmsdp =     0.00658524 
 iter=   21 el_ene =   -80.73337775 au, tot_ene=   -40.45110751 rmsdp =     0.00135645 
 iter=   22 el_ene =   -80.73353948 au, tot_ene=   -40.45126924 rmsdp =     0.00170427 
 iter=   23 el_ene =   -80.73361414 au, tot_ene=   -40.45134390 rmsdp =     0.00142336 
 iter=   24 el_ene =   -80.73365992 au, tot_ene=   -40.45138968 rmsdp =     0.00123746 
 iter=   25 el_ene =   -80.73377545 au, tot_ene=   -40.45150521 rmsdp =     0.00108266 
 iter=   26 el_ene =   -80.73380612 au, tot_ene=   -40.45153588 rmsdp =     0.00004546 
 iter=   27 el_ene =   -80.73380634 au, tot_ene=   -40.45153611 rmsdp =     0.00003057 
 iter=   28 el_ene =   -80.73380648 au, tot_ene=   -40.45153625 rmsdp =     0.00002535 
 iter=   29 el_ene =   -80.73380658 au, tot_ene=   -40.45153634 rmsdp =     0.00002148 
 iter=   30 el_ene =   -80.73380818 au, tot_ene=   -40.45153794 rmsdp =     0.00001845 
 iter=   31 el_ene =   -80.73380683 au, tot_ene=   -40.45153659 rmsdp =     0.00000485 
 iter=   32 el_ene =   -80.73380684 au, tot_ene=   -40.45153660 rmsdp =     0.00000348 
 iter=   33 el_ene =   -80.73380684 au, tot_ene=   -40.45153660 rmsdp =     0.00000289 
 iter=   34 el_ene =   -80.73380684 au, tot_ene=   -40.45153660 rmsdp =     0.00000251 
 iter=   35 el_ene =   -80.73380684 au, tot_ene=   -40.45153661 rmsdp =     0.00000222 
 iter=   36 el_ene =   -80.73380692 au, tot_ene=   -40.45153669 rmsdp =     0.00000198 
 iter=   37 el_ene =   -80.73380685 au, tot_ene=   -40.45153661 rmsdp =     0.00000099 
 iter=   38 el_ene =   -80.73380685 au, tot_ene=   -40.45153661 rmsdp =     0.00000070 
 iter=   39 el_ene =   -80.73380685 au, tot_ene=   -40.45153661 rmsdp =     0.00000053 
 iter=   40 el_ene =   -80.73380685 au, tot_ene=   -40.45153661 rmsdp =     0.00000043 
 iter=   41 el_ene =   -80.73380685 au, tot_ene=   -40.45153661 rmsdp =     0.00000034 
 iter=   42 el_ene =   -80.73380685 au, tot_ene=   -40.45153661 rmsdp =     0.00000029 
 iter=   43 el_ene =   -80.73380685 au, tot_ene=   -40.45153661 rmsdp =     0.00000024 
 iter=   44 el_ene =   -80.73380685 au, tot_ene=   -40.45153661 rmsdp =     0.00000021 
 iter=   45 el_ene =   -80.73380685 au, tot_ene=   -40.45153661 rmsdp =     0.00000018 
 iter=   46 el_ene =   -80.73380685 au, tot_ene=   -40.45153661 rmsdp =     0.00000016 
 iter=   47 el_ene =   -80.73380685 au, tot_ene=   -40.45153661 rmsdp =     0.00000007 
 NDO ene =   -40.451537 au(Hartree) 
