| Run on 10/04/2012 at 18:24:03

| Coordinate Index Table dimensions:     6    6    6
| Direct force subcell size =     7.5000    7.5000    7.5000

 BOX TYPE: RECTILINEAR,
 -----------------------------------------------------------------------------
    2.  CONTROL  DATA  FOR  THE  RUN
 -----------------------------------------------------------------------------
  Amber topology and parameter file for the molecule set bpti_box               
  
 General flags:
      imin  =        0  
 Nature and format of input:
      ntx   =        1   irest  =        0 
 Nature and format of output:
  Rst file fmt = Formatted   ntpr   =       10  ntwr  =      500 
      iwrap =        0   ntwx   =        0  ntwv  =        0 ntwe  =       10
  Trj file fmt = Formatted   ntwprt   =       0   rbornstat  =      0 
 Potential function:
      ntf   =        1   ntb    =        1  igb   =        0 nsnb  =       25 
      gbsa    =        0
      dielc =    1.00000  vdw_cutoff =   12.00000  intdiel =    1.00000 
      scnb =    2.00000  scee =    1.20000 
 Frozen or restrained atoms:
      ibelly  =        0   ntr  =        0
 Molecular dynamics:
      nstlim =     1000 nscm    =     1000   nrespa  =        1 
      dt     =    0.00100  vlimit =   20.00000  
 Berendsen (weak-coupling) temperature regulation:
      temp0 =  300.00000  tempi =  300.00000  tautp =    0.50000 
 Ewald parameters:
      pme_verbose =        0 
      vdw_correction_flag =        1   netfrc  =        1   
      Box X =   45.00000  Box Y =   45.00000  Box Z =   45.00000 
      Alpha =   90.00000  Beta  =   90.00000  Gamma =   90.00000 
      pme_grid_nx =       48   pme_grid_ny =       45  pme_grid_nz =       45   
      Cutoff =   12.00000  Tol   =    0.00001 
      Ewald Coefficient =    0.22664 
      Interpolation order =     4 
  
 File Assignments: 
  MDOUT = bpti_box.out   RESTRT = bpti_box.rst
  REFC =    refc.dat 
  MDVEL = bpti_box.mdvel   MDEN = bpti_box.mden
  MDCRD = bpti_box.mdcrd   
 | Running MD/MIN simulations on 4  nodes 
  
 ---------------
   RESULTS 
 -----------------
  
  NSTEP =         0 TIME(PS) =       0.000 TEMP(K) =  301.75 PRESS =     0.0
  Etot =  -8992.91527953639 EKtot =   5635.98981643844
  EPtot = -14628.90509597483
  BOND =    107.90289003080  ANGLE =    190.95720255238
  DIHED =    522.68571518684
  1-4 NB =    236.84931421799  1-4 EEL =   1799.50811639180 
  VDWAALS =   1197.70278046428
  EELEC = -18684.51111481893 EHBOND =      0.00000000000 
  RESTRAINT =      0.00000000000
  Ewald error estimate: 5.69474767813e-004
 ----------------------------------------------------------------------------
  
  NSTEP =        10 TIME(PS) =       0.010 TEMP(K) =  295.19 PRESS =     0.0
  Etot =  -8957.19599464236 EKtot =   5513.48847590042
  EPtot = -14470.68447054277
  BOND =    291.02074677628  ANGLE =   1014.81987481614
  DIHED =    576.71567057252
  1-4 NB =    235.66392081721  1-4 EEL =   1771.24787402317 
  VDWAALS =   1210.77702296711
  EELEC = -19570.92958051522 EHBOND =      0.00000000000 
  RESTRAINT =      0.00000000000
  Ewald error estimate: 3.16671260241e-004
 ----------------------------------------------------------------------------
  
  NSTEP =        20 TIME(PS) =       0.020 TEMP(K) =  277.82 PRESS =     0.0
  Etot =  -8869.14016432115 EKtot =   5189.06555270938
  EPtot = -14058.20571703053
  BOND =   1159.74259741732  ANGLE =    971.51280211046
  DIHED =    591.37272815201
  1-4 NB =    234.30318672717  1-4 EEL =   1696.65703937067 
  VDWAALS =   1327.61894427642
  EELEC = -20039.41301508456 EHBOND =      0.00000000000 
  RESTRAINT =      0.00000000000
  Ewald error estimate: 2.67553450609e-004
 ----------------------------------------------------------------------------
  
  NSTEP =        30 TIME(PS) =       0.030 TEMP(K) =  289.94 PRESS =     0.0
  Etot =  -8876.42284594692 EKtot =   5415.39769361271
  EPtot = -14291.82053955963
  BOND =   1555.54425126907  ANGLE =    530.11810263662
  DIHED =    577.43124623658
  1-4 NB =    225.62968610457  1-4 EEL =   1704.98442022302 
  VDWAALS =   1414.66800349225
  EELEC = -20300.19624952174 EHBOND =      0.00000000000 
  RESTRAINT =      0.00000000000
  Ewald error estimate: 1.78050276582e-004
 ----------------------------------------------------------------------------
  
  NSTEP =        40 TIME(PS) =       0.040 TEMP(K) =  308.43 PRESS =     0.0
  Etot =  -8949.95178702438 EKtot =   5760.71332719509
  EPtot = -14710.66511421946
  BOND =   1319.17721752126  ANGLE =   1051.75710512277
  DIHED =    572.97130015707
  1-4 NB =    208.66347439462  1-4 EEL =   1734.91039447927 
  VDWAALS =   1464.84716817320
  EELEC = -21062.99177406764 EHBOND =      0.00000000000 
  RESTRAINT =      0.00000000000
  Ewald error estimate: 2.06278137946e-004
 ----------------------------------------------------------------------------
  
  NSTEP =        50 TIME(PS) =       0.050 TEMP(K) =  315.79 PRESS =     0.0
  Etot =  -8940.56147595816 EKtot =   5898.17738705453
  EPtot = -14838.73886301269
  BOND =   1878.76624995324  ANGLE =    886.03167206110
  DIHED =    574.75844946200
  1-4 NB =    194.46931101165  1-4 EEL =   1667.34076114863 
  VDWAALS =   1512.81529882612
  EELEC = -21552.92060547543 EHBOND =      0.00000000000 
  RESTRAINT =      0.00000000000
  Ewald error estimate: 2.28564721391e-004
 ----------------------------------------------------------------------------
  
  NSTEP =        60 TIME(PS) =       0.060 TEMP(K) =  266.16 PRESS =     0.0
  Etot =  -8839.21990062164 EKtot =   4971.28246391035
  EPtot = -13810.50236453199
  BOND =   2600.18013139869  ANGLE =    948.25363112709
  DIHED =    582.22294402948
  1-4 NB =    185.70141646347  1-4 EEL =   1669.87506945184 
  VDWAALS =   1557.90256461378
  EELEC = -21354.63812161635 EHBOND =      0.00000000000 
  RESTRAINT =      0.00000000000
  Ewald error estimate: 4.09651424728e-004
 ----------------------------------------------------------------------------
  
  NSTEP =        70 TIME(PS) =       0.070 TEMP(K) =  302.63 PRESS =     0.0
  Etot =  -8902.31250825491 EKtot =   5652.52053324655
  EPtot = -14554.83304150146
  BOND =   1853.22281993602  ANGLE =    617.46804817118
  DIHED =    576.38772555185
  1-4 NB =    191.07509517519  1-4 EEL =   1684.33592111944 
  VDWAALS =   1632.88233843967
  EELEC = -21110.20498989483 EHBOND =      0.00000000000 
  RESTRAINT =      0.00000000000
  Ewald error estimate: 4.67270700062e-004
 ----------------------------------------------------------------------------
  
  NSTEP =        80 TIME(PS) =       0.080 TEMP(K) =  319.08 PRESS =     0.0
  Etot =  -8954.35936038780 EKtot =   5959.61970714103
  EPtot = -14913.97906752882
  BOND =    874.75450951250  ANGLE =   1127.22065378708
  DIHED =    583.90596726092
  1-4 NB =    179.41796548609  1-4 EEL =   1672.95097105369 
  VDWAALS =   1687.08698194770
  EELEC = -21039.31611657678 EHBOND =      0.00000000000 
  RESTRAINT =      0.00000000000
  Ewald error estimate: 4.78405207588e-004
 ----------------------------------------------------------------------------
  
  NSTEP =        90 TIME(PS) =       0.090 TEMP(K) =  303.64 PRESS =     0.0
  Etot =  -8899.13307284902 EKtot =   5671.28945686761
  EPtot = -14570.42252971663
  BOND =    945.99004999853  ANGLE =    969.71374091767
  DIHED =    580.01007851552
  1-4 NB =    179.45361387997  1-4 EEL =   1666.64441575029 
  VDWAALS =   1710.64523914146
  EELEC = -20622.87966792008 EHBOND =      0.00000000000 
  RESTRAINT =      0.00000000000
  Ewald error estimate: 4.66108524677e-004
 ----------------------------------------------------------------------------
  
  NSTEP =       100 TIME(PS) =       0.100 TEMP(K) =  303.27 PRESS =     0.0
  Etot =  -8874.54902273915 EKtot =   5664.35284860590
  EPtot = -14538.90187134506
  BOND =   1112.19540689230  ANGLE =    586.59788510670
  DIHED =    580.59562228966
  1-4 NB =    182.80630561722  1-4 EEL =   1677.38801451642 
  VDWAALS =   1733.13832138536
  EELEC = -20411.62342715270 EHBOND =      0.00000000000 
  RESTRAINT =      0.00000000000
  Ewald error estimate: 5.10758383441e-004
 ----------------------------------------------------------------------------
  
  NSTEP =       110 TIME(PS) =       0.110 TEMP(K) =  307.44 PRESS =     0.0
  Etot =  -8913.30587235592 EKtot =   5742.21233321832
  EPtot = -14655.51820557424
  BOND =    972.32796583686  ANGLE =   1107.39361246270
  DIHED =    572.82910944839
  1-4 NB =    190.68184686883  1-4 EEL =   1662.97840165140 
  VDWAALS =   1734.25243600302
  EELEC = -20895.98157784542 EHBOND =      0.00000000000 
  RESTRAINT =      0.00000000000
  Ewald error estimate: 4.36187272925e-004
 ----------------------------------------------------------------------------
  
  NSTEP =       120 TIME(PS) =       0.120 TEMP(K) =  327.16 PRESS =     0.0
  Etot =  -8947.30109285216 EKtot =   6110.65962218197
  EPtot = -15057.96071503413
  BOND =   1260.67746529404  ANGLE =    911.71720711098
  DIHED =    585.51335509501
  1-4 NB =    189.61527637061  1-4 EEL =   1663.69490272664 
  VDWAALS =   1734.76418293966
  EELEC = -21403.94310457108 EHBOND =      0.00000000000 
  RESTRAINT =      0.00000000000
  Ewald error estimate: 4.05367990260e-004
 ----------------------------------------------------------------------------
  
  NSTEP =       130 TIME(PS) =       0.130 TEMP(K) =  299.75 PRESS =     0.0
  Etot =  -8902.66401466148 EKtot =   5598.69022154149
  EPtot = -14501.35423620296
  BOND =   1974.11714233400  ANGLE =    879.07654883293
  DIHED =    574.27139401835
  1-4 NB =    188.62328802781  1-4 EEL =   1694.29951813363 
  VDWAALS =   1692.70097808444
  EELEC = -21504.44310563413 EHBOND =      0.00000000000 
  RESTRAINT =      0.00000000000
  Ewald error estimate: 4.07880499131e-004
 ----------------------------------------------------------------------------
  
  NSTEP =       140 TIME(PS) =       0.140 TEMP(K) =  313.95 PRESS =     0.0
  Etot =  -8919.69142395242 EKtot =   5863.88230018199
  EPtot = -14783.57372413441
  BOND =   2159.13355897843  ANGLE =    698.56484798275
  DIHED =    583.68089841767
  1-4 NB =    195.32778808839  1-4 EEL =   1658.42599669534 
  VDWAALS =   1676.36448187477
  EELEC = -21755.07129617176 EHBOND =      0.00000000000 
  RESTRAINT =      0.00000000000
  Ewald error estimate: 3.49362654539e-004
 ----------------------------------------------------------------------------
  
  NSTEP =       150 TIME(PS) =       0.150 TEMP(K) =  314.70 PRESS =     0.0
  Etot =  -8930.35078314968 EKtot =   5877.90028351061
  EPtot = -14808.25106666029
  BOND =   1941.65643300569  ANGLE =   1134.53987119159
  DIHED =    585.91075428141
  1-4 NB =    203.22360643772  1-4 EEL =   1661.81430996944 
  VDWAALS =   1722.08633150758
  EELEC = -22057.48237305372 EHBOND =      0.00000000000 
  RESTRAINT =      0.00000000000
  Ewald error estimate: 2.71865432061e-004
 ----------------------------------------------------------------------------
  
  NSTEP =       160 TIME(PS) =       0.160 TEMP(K) =  311.72 PRESS =     0.0
  Etot =  -8931.17084267239 EKtot =   5822.30940348556
  EPtot = -14753.48024615795
  BOND =   1591.02667953837  ANGLE =    959.10664246514
  DIHED =    586.23503419303
  1-4 NB =    208.91919425940  1-4 EEL =   1654.78785012826 
  VDWAALS =   1760.19305553781
  EELEC = -21513.74870227997 EHBOND =      0.00000000000 
  RESTRAINT =      0.00000000000
  Ewald error estimate: 3.20999078281e-004
 ----------------------------------------------------------------------------
  
  NSTEP =       170 TIME(PS) =       0.170 TEMP(K) =  328.58 PRESS =     0.0
  Etot =  -8956.26528563629 EKtot =   6137.16065875332
  EPtot = -15093.42594438962
  BOND =   1095.47617585166  ANGLE =    584.22567591236
  DIHED =    583.96713918466
  1-4 NB =    201.32009391467  1-4 EEL =   1665.34890906389 
  VDWAALS =   1776.98779141019
  EELEC = -21000.75172972703 EHBOND =      0.00000000000 
  RESTRAINT =      0.00000000000
  Ewald error estimate: 4.58927664585e-004
 ----------------------------------------------------------------------------
  
  NSTEP =       180 TIME(PS) =       0.180 TEMP(K) =  319.49 PRESS =     0.0
  Etot =  -8951.61855186952 EKtot =   5967.43079075571
  EPtot = -14919.04934262523
  BOND =    831.82048829773  ANGLE =   1124.04388420947
  DIHED =    585.30420954262
  1-4 NB =    196.39267657619  1-4 EEL =   1635.63939976066 
  VDWAALS =   1809.65890644741
  EELEC = -21101.90890745931 EHBOND =      0.00000000000 
  RESTRAINT =      0.00000000000
  Ewald error estimate: 3.87136427817e-004
 ----------------------------------------------------------------------------
  
  NSTEP =       190 TIME(PS) =       0.190 TEMP(K) =  318.80 PRESS =     0.0
  Etot =  -8939.85254164251 EKtot =   5954.52565079794
  EPtot = -14894.37819244045
  BOND =   1104.37025257816  ANGLE =    930.93612361972
  DIHED =    602.23996565409
  1-4 NB =    195.42687639566  1-4 EEL =   1622.13809192835 
  VDWAALS =   1833.59711279159
  EELEC = -21183.08661540802 EHBOND =      0.00000000000 
  RESTRAINT =      0.00000000000
  Ewald error estimate: 3.47804483455e-004
 ----------------------------------------------------------------------------
  
  NSTEP =       200 TIME(PS) =       0.200 TEMP(K) =  313.27 PRESS =     0.0
  Etot =  -8949.09588483825 EKtot =   5851.17861752839
  EPtot = -14800.27450236664
  BOND =   1280.95106678160  ANGLE =    824.09960883111
  DIHED =    585.22813779403
  1-4 NB =    198.37182671529  1-4 EEL =   1609.85731181139 
  VDWAALS =   1875.34565327588
  EELEC = -21174.12810757594 EHBOND =      0.00000000000 
  RESTRAINT =      0.00000000000
  Ewald error estimate: 6.59464216906e-004
 ----------------------------------------------------------------------------
  
  NSTEP =       210 TIME(PS) =       0.210 TEMP(K) =  334.48 PRESS =     0.0
  Etot =  -9005.70394737743 EKtot =   6247.32636358445
  EPtot = -15253.03031096188
  BOND =   1332.35667461487  ANGLE =    820.24932286313
  DIHED =    594.55738213337
  1-4 NB =    195.91926742304  1-4 EEL =   1637.87218166986 
  VDWAALS =   1913.63665590188
  EELEC = -21747.62179556803 EHBOND =      0.00000000000 
  RESTRAINT =      0.00000000000
  Ewald error estimate: 4.63174211440e-004
 ----------------------------------------------------------------------------
  
  NSTEP =       220 TIME(PS) =       0.220 TEMP(K) =  322.56 PRESS =     0.0
  Etot =  -8986.52725087381 EKtot =   6024.76348074175
  EPtot = -15011.29073161556
  BOND =   1860.09461792968  ANGLE =   1130.74729079832
  DIHED =    582.95920738067
  1-4 NB =    195.83518549206  1-4 EEL =   1649.51642472575 
  VDWAALS =   1931.75822688568
  EELEC = -22362.20168482774 EHBOND =      0.00000000000 
  RESTRAINT =      0.00000000000
  Ewald error estimate: 4.43294719871e-004
 ----------------------------------------------------------------------------
  
  NSTEP =       230 TIME(PS) =       0.230 TEMP(K) =  305.18 PRESS =     0.0
  Etot =  -8951.57215562842 EKtot =   5700.15893771963
  EPtot = -14651.73109334805
  BOND =   2335.42361905874  ANGLE =    921.81316473196
  DIHED =    586.78298804813
  1-4 NB =    201.35147384265  1-4 EEL =   1646.82185598866 
  VDWAALS =   1905.36480405864
  EELEC = -22249.28899907683 EHBOND =      0.00000000000 
  RESTRAINT =      0.00000000000
  Ewald error estimate: 3.28056475886e-004
 ----------------------------------------------------------------------------
  
  NSTEP =       240 TIME(PS) =       0.240 TEMP(K) =  328.35 PRESS =     0.0
  Etot =  -9000.98503115859 EKtot =   6132.82248830821
  EPtot = -15133.80751946680
  BOND =   1843.04159102353  ANGLE =    651.96916507931
  DIHED =    566.58139658889
  1-4 NB =    197.69939029435  1-4 EEL =   1653.14606079112 
  VDWAALS =   1903.65786150017
  EELEC = -21949.90298474417 EHBOND =      0.00000000000 
  RESTRAINT =      0.00000000000
  Ewald error estimate: 3.89488799592e-004
 ----------------------------------------------------------------------------
  
  NSTEP =       250 TIME(PS) =       0.250 TEMP(K) =  331.73 PRESS =     0.0
  Etot =  -9033.48758362681 EKtot =   6196.04045313822
  EPtot = -15229.52803676503
  BOND =   1180.40890569252  ANGLE =   1123.16686955186
  DIHED =    570.37614831886
  1-4 NB =    203.02929289741  1-4 EEL =   1651.86558977191 
  VDWAALS =   1977.67275323408
  EELEC = -21936.04759623167 EHBOND =      0.00000000000 
  RESTRAINT =      0.00000000000
  Ewald error estimate: 4.85717473689e-004
 ----------------------------------------------------------------------------
  
  NSTEP =       260 TIME(PS) =       0.260 TEMP(K) =  330.15 PRESS =     0.0
  Etot =  -9011.93025878032 EKtot =   6166.42838797992
  EPtot = -15178.35864676024
  BOND =   1150.98230150675  ANGLE =    958.82664303736
  DIHED =    570.73758052021
  1-4 NB =    209.48827750139  1-4 EEL =   1668.45525457115 
  VDWAALS =   2051.84693807996
  EELEC = -21788.69564197707 EHBOND =      0.00000000000 
  RESTRAINT =      0.00000000000
  Ewald error estimate: 4.01698756832e-004
 ----------------------------------------------------------------------------
  
  NSTEP =       270 TIME(PS) =       0.270 TEMP(K) =  313.30 PRESS =     0.0
  Etot =  -8996.13328299694 EKtot =   5851.74339758587
  EPtot = -14847.87668058281
  BOND =   1136.96287521412  ANGLE =    823.95230334976
  DIHED =    591.49058185821
  1-4 NB =    214.40299874740  1-4 EEL =   1662.01171046490 
  VDWAALS =   2072.82803267874
  EELEC = -21349.52518289593 EHBOND =      0.00000000000 
  RESTRAINT =      0.00000000000
  Ewald error estimate: 4.20194230914e-004
 ----------------------------------------------------------------------------
  
  NSTEP =       280 TIME(PS) =       0.280 TEMP(K) =  333.46 PRESS =     0.0
  Etot =  -9045.98950172923 EKtot =   6228.20793330259
  EPtot = -15274.19743503183
  BOND =    959.60733653031  ANGLE =    860.35677199856
  DIHED =    590.62288353880
  1-4 NB =    204.46961996462  1-4 EEL =   1676.95135204453 
  VDWAALS =   2095.05986285852
  EELEC = -21661.26526196717 EHBOND =      0.00000000000 
  RESTRAINT =      0.00000000000
  Ewald error estimate: 4.82246411693e-004
 ----------------------------------------------------------------------------
  
  NSTEP =       290 TIME(PS) =       0.290 TEMP(K) =  329.19 PRESS =     0.0
  Etot =  -9057.13571167094 EKtot =   6148.58878546238
  EPtot = -15205.72449713331
  BOND =   1238.58476025017  ANGLE =   1122.87557087042
  DIHED =    570.30495300535
  1-4 NB =    199.80878669256  1-4 EEL =   1664.96004187241 
  VDWAALS =   2080.87353761699
  EELEC = -22083.13214744122 EHBOND =      0.00000000000 
  RESTRAINT =      0.00000000000
  Ewald error estimate: 3.64331874053e-004
 ----------------------------------------------------------------------------
  
  NSTEP =       300 TIME(PS) =       0.300 TEMP(K) =  317.79 PRESS =     0.0
  Etot =  -9036.14394349710 EKtot =   5935.51544559836
  EPtot = -14971.65938909547
  BOND =   1831.36809338287  ANGLE =    905.98621087440
  DIHED =    576.37415335547
  1-4 NB =    197.50259635119  1-4 EEL =   1669.43257596400 
  VDWAALS =   2045.88384620895
  EELEC = -22198.20686523235 EHBOND =      0.00000000000 
  RESTRAINT =      0.00000000000
  Ewald error estimate: 2.61737531007e-004
 ----------------------------------------------------------------------------
  
  NSTEP =       310 TIME(PS) =       0.310 TEMP(K) =  329.44 PRESS =     0.0
  Etot =  -9061.20007768861 EKtot =   6153.17158234391
  EPtot = -15214.37166003252
  BOND =   1987.26877141127  ANGLE =    729.47718603374
  DIHED =    580.03562563371
  1-4 NB =    196.77979483903  1-4 EEL =   1620.21209080364 
  VDWAALS =   2013.88618652312
  EELEC = -22342.03131527703 EHBOND =      0.00000000000 
  RESTRAINT =      0.00000000000
  Ewald error estimate: 6.02482177700e-004
 ----------------------------------------------------------------------------
  
  NSTEP =       320 TIME(PS) =       0.320 TEMP(K) =  322.47 PRESS =     0.0
  Etot =  -9077.44972247269 EKtot =   6022.92274414064
  EPtot = -15100.37246661333
  BOND =   1863.02386185010  ANGLE =   1136.09698649494
  DIHED =    583.79063835884
  1-4 NB =    193.08879543212  1-4 EEL =   1646.04528470133 
  VDWAALS =   2010.10669748375
  EELEC = -22532.52473093441 EHBOND =      0.00000000000 
  RESTRAINT =      0.00000000000
  Ewald error estimate: 6.29243764914e-004
 ----------------------------------------------------------------------------
  
  NSTEP =       330 TIME(PS) =       0.330 TEMP(K) =  322.35 PRESS =     0.0
  Etot =  -9074.26717106273 EKtot =   6020.79122493399
  EPtot = -15095.05839599672
  BOND =   1744.45524716795  ANGLE =    991.00234630994
  DIHED =    598.32551444453
  1-4 NB =    197.82796017211  1-4 EEL =   1634.93212480073 
  VDWAALS =   1991.48546539578
  EELEC = -22253.08705428775 EHBOND =      0.00000000000 
  RESTRAINT =      0.00000000000
  Ewald error estimate: 6.61448202273e-004
 ----------------------------------------------------------------------------
  
  NSTEP =       340 TIME(PS) =       0.340 TEMP(K) =  324.05 PRESS =     0.0
  Etot =  -9083.65279824674 EKtot =   6052.51676813648
  EPtot = -15136.16956638321
  BOND =   1395.93064490541  ANGLE =    789.32336396460
  DIHED =    601.11037271435
  1-4 NB =    199.02723338863  1-4 EEL =   1630.70044607000 
  VDWAALS =   1968.96334726280
  EELEC = -21721.22497468900 EHBOND =      0.00000000000 
  RESTRAINT =      0.00000000000
  Ewald error estimate: 6.24038070106e-004
 ----------------------------------------------------------------------------
  
  NSTEP =       350 TIME(PS) =       0.350 TEMP(K) =  332.05 PRESS =     0.0
  Etot =  -9112.14043513942 EKtot =   6201.91345317875
  EPtot = -15314.05388831817
  BOND =    965.96105370161  ANGLE =    920.98786751920
  DIHED =    605.18811686770
  1-4 NB =    199.20981463684  1-4 EEL =   1663.27455080229 
  VDWAALS =   1959.97714689373
  EELEC = -21628.65243873954 EHBOND =      0.00000000000 
  RESTRAINT =      0.00000000000
  Ewald error estimate: 5.04805280527e-004
 ----------------------------------------------------------------------------
  
  NSTEP =       360 TIME(PS) =       0.360 TEMP(K) =  324.96 PRESS =     0.0
  Etot =  -9106.04746782192 EKtot =   6069.60533339477
  EPtot = -15175.65280121669
  BOND =   1028.94401750041  ANGLE =   1071.22248761430
  DIHED =    605.32404657511
  1-4 NB =    200.11975036037  1-4 EEL =   1672.21380065385 
  VDWAALS =   1944.99963604345
  EELEC = -21698.47653996418 EHBOND =      0.00000000000 
  RESTRAINT =      0.00000000000
  Ewald error estimate: 5.80096526469e-004
 ----------------------------------------------------------------------------
  
  NSTEP =       370 TIME(PS) =       0.370 TEMP(K) =  317.18 PRESS =     0.0
  Etot =  -9098.77411699972 EKtot =   5924.30334733797
  EPtot = -15023.07746433769
  BOND =   1318.54025313509  ANGLE =    844.71572367450
  DIHED =    612.10933426483
  1-4 NB =    201.91443625097  1-4 EEL =   1673.09624259135 
  VDWAALS =   1912.41914408459
  EELEC = -21585.87259833903 EHBOND =      0.00000000000 
  RESTRAINT =      0.00000000000
  Ewald error estimate: 6.83648942897e-004
 ----------------------------------------------------------------------------
  
  NSTEP =       380 TIME(PS) =       0.380 TEMP(K) =  326.77 PRESS =     0.0
  Etot =  -9136.79443059247 EKtot =   6103.37687553516
  EPtot = -15240.17130612763
  BOND =   1390.43686412691  ANGLE =    751.96856793583
  DIHED =    614.67129090001
  1-4 NB =    206.10645707107  1-4 EEL =   1654.17229042467 
  VDWAALS =   1912.00157345194
  EELEC = -21769.52835003807 EHBOND =      0.00000000000 
  RESTRAINT =      0.00000000000
  Ewald error estimate: 8.49826334381e-004
 ----------------------------------------------------------------------------
  
  NSTEP =       390 TIME(PS) =       0.390 TEMP(K) =  321.94 PRESS =     0.0
  Etot =  -9147.56484512983 EKtot =   6013.11136871611
  EPtot = -15160.67621384593
  BOND =   1605.02634836531  ANGLE =   1124.88475906788
  DIHED =    598.84150856853
  1-4 NB =    205.75722079367  1-4 EEL =   1654.02172138617 
  VDWAALS =   1903.23864704495
  EELEC = -22252.44641907245 EHBOND =      0.00000000000 
  RESTRAINT =      0.00000000000
  Ewald error estimate: 5.75427673318e-004
 ----------------------------------------------------------------------------
  
  NSTEP =       400 TIME(PS) =       0.400 TEMP(K) =  311.80 PRESS =     0.0
  Etot =  -9128.37785135157 EKtot =   5823.64784413680
  EPtot = -14952.02569548837
  BOND =   1968.75399840432  ANGLE =    972.27638413882
  DIHED =    604.70417921350
  1-4 NB =    203.83715462525  1-4 EEL =   1638.97893001141 
  VDWAALS =   1861.03661850437
  EELEC = -22201.61296038603 EHBOND =      0.00000000000 
  RESTRAINT =      0.00000000000
  Ewald error estimate: 5.68910216530e-004
 ----------------------------------------------------------------------------
  
  NSTEP =       410 TIME(PS) =       0.410 TEMP(K) =  312.72 PRESS =     0.0
  Etot =  -9133.41412418842 EKtot =   5840.87043168264
  EPtot = -14974.28455587106
  BOND =   1915.24239107456  ANGLE =    763.98034213878
  DIHED =    614.50985033842
  1-4 NB =    203.10855360628  1-4 EEL =   1679.43833415750 
  VDWAALS =   1845.64451690463
  EELEC = -21996.20854409125 EHBOND =      0.00000000000 
  RESTRAINT =      0.00000000000
  Ewald error estimate: 5.05654037223e-004
 ----------------------------------------------------------------------------
  
  NSTEP =       420 TIME(PS) =       0.420 TEMP(K) =  323.66 PRESS =     0.0
  Etot =  -9167.01756482384 EKtot =   6045.17697164297
  EPtot = -15212.19453646681
  BOND =   1443.89171821397  ANGLE =    996.64303403017
  DIHED =    614.96030706201
  1-4 NB =    204.96738800136  1-4 EEL =   1653.50924584720 
  VDWAALS =   1842.30112331827
  EELEC = -21968.46735293979 EHBOND =      0.00000000000 
  RESTRAINT =      0.00000000000
  Ewald error estimate: 2.75331286193e-004
 ----------------------------------------------------------------------------
  
  NSTEP =       430 TIME(PS) =       0.430 TEMP(K) =  322.57 PRESS =     0.0
  Etot =  -9170.56923306556 EKtot =   6024.89890342588
  EPtot = -15195.46813649144
  BOND =   1192.24524227853  ANGLE =   1031.46491161452
  DIHED =    606.61379668584
  1-4 NB =    206.66632854059  1-4 EEL =   1642.90823017007 
  VDWAALS =   1837.91404187941
  EELEC = -21713.28068766039 EHBOND =      0.00000000000 
  RESTRAINT =      0.00000000000
  Ewald error estimate: 4.99721608053e-004
 ----------------------------------------------------------------------------
  
  NSTEP =       440 TIME(PS) =       0.440 TEMP(K) =  315.17 PRESS =     0.0
  Etot =  -9154.68231602343 EKtot =   5886.61734028871
  EPtot = -15041.29965631215
  BOND =   1192.16489412341  ANGLE =    846.22458680206
  DIHED =    611.46889521557
  1-4 NB =    208.08960402079  1-4 EEL =   1655.77123067069 
  VDWAALS =   1829.79757044499
  EELEC = -21384.81643758966 EHBOND =      0.00000000000 
  RESTRAINT =      0.00000000000
  Ewald error estimate: 4.43462697877e-004
 ----------------------------------------------------------------------------
  
  NSTEP =       450 TIME(PS) =       0.450 TEMP(K) =  321.91 PRESS =     0.0
  Etot =  -9173.53642627345 EKtot =   6012.49240203060
  EPtot = -15186.02882830405
  BOND =   1146.80629634351  ANGLE =    790.43310977993
  DIHED =    617.07194308001
  1-4 NB =    201.39790888493  1-4 EEL =   1642.26850095814 
  VDWAALS =   1793.18784332157
  EELEC = -21377.19443067213 EHBOND =      0.00000000000 
  RESTRAINT =      0.00000000000
  Ewald error estimate: 6.32842301976e-004
 ----------------------------------------------------------------------------
  
  NSTEP =       460 TIME(PS) =       0.460 TEMP(K) =  321.49 PRESS =     0.0
  Etot =  -9188.29501628532 EKtot =   6004.75538140150
  EPtot = -15193.05039768682
  BOND =   1221.65872243138  ANGLE =   1072.66440649266
  DIHED =    614.98527111625
  1-4 NB =    204.17849597720  1-4 EEL =   1629.30187997469 
  VDWAALS =   1747.33664800322
  EELEC = -21683.17582168221 EHBOND =      0.00000000000 
  RESTRAINT =      0.00000000000
  Ewald error estimate: 8.00819824006e-004
 ----------------------------------------------------------------------------
  
  NSTEP =       470 TIME(PS) =       0.470 TEMP(K) =  321.05 PRESS =     0.0
  Etot =  -9189.04312832380 EKtot =   5996.51955773051
  EPtot = -15185.56268605432
  BOND =   1517.70861316228  ANGLE =    930.76825100405
  DIHED =    608.61223584338
  1-4 NB =    199.32500784828  1-4 EEL =   1644.20863059140 
  VDWAALS =   1727.12782569421
  EELEC = -21813.31325019793 EHBOND =      0.00000000000 
  RESTRAINT =      0.00000000000
  Ewald error estimate: 6.67642178330e-004
 ----------------------------------------------------------------------------
  
  NSTEP =       480 TIME(PS) =       0.480 TEMP(K) =  319.01 PRESS =     0.0
  Etot =  -9195.31331720827 EKtot =   5958.33787920463
  EPtot = -15153.65119641290
  BOND =   1769.86654266793  ANGLE =    769.68001321282
  DIHED =    613.58034297213
  1-4 NB =    200.63506582451  1-4 EEL =   1661.59988546555 
  VDWAALS =   1778.60717955872
  EELEC = -21947.62022611455 EHBOND =      0.00000000000 
  RESTRAINT =      0.00000000000
  Ewald error estimate: 6.40371781894e-004
 ----------------------------------------------------------------------------
  
  NSTEP =       490 TIME(PS) =       0.490 TEMP(K) =  313.54 PRESS =     0.0
  Etot =  -9205.30446154838 EKtot =   5856.19396685330
  EPtot = -15061.49842840168
  BOND =   1752.71237648401  ANGLE =   1036.44450895060
  DIHED =    610.97121354033
  1-4 NB =    201.54808490627  1-4 EEL =   1657.48288465491 
  VDWAALS =   1826.07738614106
  EELEC = -22146.73488307887 EHBOND =      0.00000000000 
  RESTRAINT =      0.00000000000
  Ewald error estimate: 5.84151481708e-004
 ----------------------------------------------------------------------------
  
  NSTEP =       500 TIME(PS) =       0.500 TEMP(K) =  320.16 PRESS =     0.0
  Etot =  -9211.81167409660 EKtot =   5979.88792831977
  EPtot = -15191.69960241637
  BOND =   1646.92072839263  ANGLE =    984.90337337089
  DIHED =    617.85294130721
  1-4 NB =    207.61452101130  1-4 EEL =   1676.97197391273 
  VDWAALS =   1822.22178182671
  EELEC = -22148.18492223783 EHBOND =      0.00000000000 
  RESTRAINT =      0.00000000000
  Ewald error estimate: 5.33482063128e-004
 ----------------------------------------------------------------------------
  
  NSTEP =       510 TIME(PS) =       0.510 TEMP(K) =  319.93 PRESS =     0.0
  Etot =  -9213.85323784375 EKtot =   5975.58003301625
  EPtot = -15189.43327086000
  BOND =   1482.08825530655  ANGLE =    838.00251795639
  DIHED =    614.76748098287
  1-4 NB =    201.02247189772  1-4 EEL =   1652.36686254794 
  VDWAALS =   1810.75039078940
  EELEC = -21788.43125034087 EHBOND =      0.00000000000 
  RESTRAINT =      0.00000000000
  Ewald error estimate: 4.39101269479e-004
 ----------------------------------------------------------------------------
  
  NSTEP =       520 TIME(PS) =       0.520 TEMP(K) =  327.10 PRESS =     0.0
  Etot =  -9231.88056794038 EKtot =   6109.42596441676
  EPtot = -15341.30653235714
  BOND =   1215.91759320018  ANGLE =    852.86347208815
  DIHED =    612.61753743159
  1-4 NB =    195.81688333448  1-4 EEL =   1636.78066291102 
  VDWAALS =   1815.63531104695
  EELEC = -21670.93799236951 EHBOND =      0.00000000000 
  RESTRAINT =      0.00000000000
  Ewald error estimate: 5.56851733238e-004
 ----------------------------------------------------------------------------
  
  NSTEP =       530 TIME(PS) =       0.530 TEMP(K) =  321.89 PRESS =     0.0
  Etot =  -9236.27411906503 EKtot =   6012.21396575383
  EPtot = -15248.48808481886
  BOND =   1111.80217036749  ANGLE =   1079.81949385339
  DIHED =    612.71980374296
  1-4 NB =    196.07571999382  1-4 EEL =   1663.43712221251 
  VDWAALS =   1841.45088804209
  EELEC = -21753.79328303113 EHBOND =      0.00000000000 
  RESTRAINT =      0.00000000000
  Ewald error estimate: 2.70810784999e-004
 ----------------------------------------------------------------------------
  
  NSTEP =       540 TIME(PS) =       0.540 TEMP(K) =  318.02 PRESS =     0.0
  Etot =  -9236.87261396685 EKtot =   5939.88416224485
  EPtot = -15176.75677621170
  BOND =   1235.13651378057  ANGLE =    884.47720768950
  DIHED =    610.89282107531
  1-4 NB =    199.28039045020  1-4 EEL =   1660.10698674755 
  VDWAALS =   1866.98501595400
  EELEC = -21633.63571190883 EHBOND =      0.00000000000 
  RESTRAINT =      0.00000000000
  Ewald error estimate: 2.01303842514e-004
 ----------------------------------------------------------------------------
  
  NSTEP =       550 TIME(PS) =       0.550 TEMP(K) =  324.01 PRESS =     0.0
  Etot =  -9252.64642562677 EKtot =   6051.73081364970
  EPtot = -15304.37723927647
  BOND =   1370.57446931956  ANGLE =    770.89683181660
  DIHED =    619.97799927766
  1-4 NB =    200.63435438923  1-4 EEL =   1656.83822244430 
  VDWAALS =   1862.32530830538
  EELEC = -21785.62442482921 EHBOND =      0.00000000000 
  RESTRAINT =      0.00000000000
  Ewald error estimate: 4.61917755555e-004
 ----------------------------------------------------------------------------
  
  NSTEP =       560 TIME(PS) =       0.560 TEMP(K) =  323.43 PRESS =     0.0
  Etot =  -9264.16029699498 EKtot =   6040.99177900405
  EPtot = -15305.15207599904
  BOND =   1523.46646912815  ANGLE =   1051.19047611745
  DIHED =    613.25044088374
  1-4 NB =    198.91786866165  1-4 EEL =   1643.41124897820 
  VDWAALS =   1849.17770155816
  EELEC = -22184.56628132641 EHBOND =      0.00000000000 
  RESTRAINT =      0.00000000000
  Ewald error estimate: 2.29544987633e-004
 ----------------------------------------------------------------------------
  
  NSTEP =       570 TIME(PS) =       0.570 TEMP(K) =  318.97 PRESS =     0.0
  Etot =  -9267.52928793872 EKtot =   5957.62622456349
  EPtot = -15225.15551250221
  BOND =   1730.83108375613  ANGLE =    970.98123090550
  DIHED =    611.27082997062
  1-4 NB =    203.70002853987  1-4 EEL =   1656.61240493147 
  VDWAALS =   1909.01258329163
  EELEC = -22307.56367389742 EHBOND =      0.00000000000 
  RESTRAINT =      0.00000000000
  Ewald error estimate: 1.51361799483e-004
 ----------------------------------------------------------------------------
  
  NSTEP =       580 TIME(PS) =       0.580 TEMP(K) =  314.18 PRESS =     0.0
  Etot =  -9269.41409384023 EKtot =   5868.09497729637
  EPtot = -15137.50907113660
  BOND =   1773.47314691387  ANGLE =    812.65231219131
  DIHED =    618.58250971202
  1-4 NB =    204.16716069530  1-4 EEL =   1653.23135812550 
  VDWAALS =   1969.73932181295
  EELEC = -22169.35488058756 EHBOND =      0.00000000000 
  RESTRAINT =      0.00000000000
  Ewald error estimate: 2.17860509244e-004
 ----------------------------------------------------------------------------
  
  NSTEP =       590 TIME(PS) =       0.590 TEMP(K) =  320.99 PRESS =     0.0
  Etot =  -9284.57472620153 EKtot =   5995.33966117184
  EPtot = -15279.91438737337
  BOND =   1585.93664142630  ANGLE =    897.99007966054
  DIHED =    604.94978462087
  1-4 NB =    212.24520720538  1-4 EEL =   1614.92133254802 
  VDWAALS =   1996.36529983729
  EELEC = -22192.32273267175 EHBOND =      0.00000000000 
  RESTRAINT =      0.00000000000
  Ewald error estimate: 1.11042128235e-004
 ----------------------------------------------------------------------------
  
  NSTEP =       600 TIME(PS) =       0.600 TEMP(K) =  325.14 PRESS =     0.0
  Etot =  -9291.82339818166 EKtot =   6072.79773237054
  EPtot = -15364.62113055219
  BOND =   1388.77834634669  ANGLE =   1055.70687004976
  DIHED =    616.18726486502
  1-4 NB =    204.17082864534  1-4 EEL =   1597.71473263903 
  VDWAALS =   2008.34759889791
  EELEC = -22235.52677199594 EHBOND =      0.00000000000 
  RESTRAINT =      0.00000000000
  Ewald error estimate: 1.92899512612e-004
 ----------------------------------------------------------------------------
  
  NSTEP =       610 TIME(PS) =       0.610 TEMP(K) =  324.66 PRESS =     0.0
  Etot =  -9297.70062554529 EKtot =   6064.00627002974
  EPtot = -15361.70689557503
  BOND =   1255.99266104001  ANGLE =    870.58044417724
  DIHED =    603.37915202311
  1-4 NB =    207.52765791004  1-4 EEL =   1638.26366450867 
  VDWAALS =   2000.16438015552
  EELEC = -21937.61485538963 EHBOND =      0.00000000000 
  RESTRAINT =      0.00000000000
  Ewald error estimate: 1.49266799977e-004
 ----------------------------------------------------------------------------
  
  NSTEP =       620 TIME(PS) =       0.620 TEMP(K) =  319.87 PRESS =     0.0
  Etot =  -9307.13540555983 EKtot =   5974.39362855054
  EPtot = -15281.52903411037
  BOND =   1195.71395958287  ANGLE =    792.09798859323
  DIHED =    610.90158082404
  1-4 NB =    210.78407055814  1-4 EEL =   1654.85591403628 
  VDWAALS =   1994.06842524228
  EELEC = -21739.95097294722 EHBOND =      0.00000000000 
  RESTRAINT =      0.00000000000
  Ewald error estimate: 1.07147720478e-004
 ----------------------------------------------------------------------------
  
  NSTEP =       630 TIME(PS) =       0.630 TEMP(K) =  317.17 PRESS =     0.0
  Etot =  -9310.66368338512 EKtot =   5924.00187163898
  EPtot = -15234.66555502411
  BOND =   1271.78389875212  ANGLE =   1041.21621002140
  DIHED =    618.90072600319
  1-4 NB =    209.64777954619  1-4 EEL =   1641.44653550938 
  VDWAALS =   1997.71820250559
  EELEC = -22015.37890736199 EHBOND =      0.00000000000 
  RESTRAINT =      0.00000000000
  Ewald error estimate: 1.94378710771e-004
 ----------------------------------------------------------------------------
  
  NSTEP =       640 TIME(PS) =       0.640 TEMP(K) =  319.06 PRESS =     0.0
  Etot =  -9320.07338097109 EKtot =   5959.37845171139
  EPtot = -15279.45183268248
  BOND =   1439.33359659910  ANGLE =    928.45537112830
  DIHED =    634.55579682601
  1-4 NB =    215.33257734984  1-4 EEL =   1623.31142043666 
  VDWAALS =   1994.82176594149
  EELEC = -22115.26236096387 EHBOND =      0.00000000000 
  RESTRAINT =      0.00000000000
  Ewald error estimate: 2.30865812033e-004
 ----------------------------------------------------------------------------
  
  NSTEP =       650 TIME(PS) =       0.650 TEMP(K) =  321.79 PRESS =     0.0
  Etot =  -9330.62579515421 EKtot =   6010.28421510994
  EPtot = -15340.91001026415
  BOND =   1568.62823437990  ANGLE =    823.02264851576
  DIHED =    637.52725360367
  1-4 NB =    212.81199472167  1-4 EEL =   1629.50399797509 
  VDWAALS =   1986.56447268555
  EELEC = -22198.96861214579 EHBOND =      0.00000000000 
  RESTRAINT =      0.00000000000
  Ewald error estimate: 2.51047727596e-004
 ----------------------------------------------------------------------------
  
  NSTEP =       660 TIME(PS) =       0.660 TEMP(K) =  318.79 PRESS =     0.0
  Etot =  -9336.87821204113 EKtot =   5954.37164074082
  EPtot = -15291.24985278195
  BOND =   1635.74668549534  ANGLE =    940.52573749883
  DIHED =    632.88858581199
  1-4 NB =    208.12151884687  1-4 EEL =   1659.94100141234 
  VDWAALS =   1963.76222253923
  EELEC = -22332.23560438654 EHBOND =      0.00000000000 
  RESTRAINT =      0.00000000000
  Ewald error estimate: 3.14911073814e-004
 ----------------------------------------------------------------------------
  
  NSTEP =       670 TIME(PS) =       0.670 TEMP(K) =  316.66 PRESS =     0.0
  Etot =  -9337.35965325264 EKtot =   5914.54606066253
  EPtot = -15251.90571391517
  BOND =   1679.17353710321  ANGLE =   1047.36203726720
  DIHED =    622.70401058430
  1-4 NB =    201.73788163862  1-4 EEL =   1656.23342885769 
  VDWAALS =   1925.68700610496
  EELEC = -22384.80361547114 EHBOND =      0.00000000000 
  RESTRAINT =      0.00000000000
  Ewald error estimate: 2.79757157272e-004
 ----------------------------------------------------------------------------
  
  NSTEP =       680 TIME(PS) =       0.680 TEMP(K) =  316.99 PRESS =     0.0
  Etot =  -9347.09882826877 EKtot =   5920.59936088941
  EPtot = -15267.69818915818
  BOND =   1537.62183763407  ANGLE =    910.05445065124
  DIHED =    625.14289298619
  1-4 NB =    196.62734284687  1-4 EEL =   1641.47279403080 
  VDWAALS =   1912.24552862134
  EELEC = -22090.86303592869 EHBOND =      0.00000000000 
  RESTRAINT =      0.00000000000
  Ewald error estimate: 2.37082396026e-004
 ----------------------------------------------------------------------------
  
  NSTEP =       690 TIME(PS) =       0.690 TEMP(K) =  322.15 PRESS =     0.0
  Etot =  -9362.18285697280 EKtot =   6017.08436543591
  EPtot = -15379.26722240871
  BOND =   1316.42268620049  ANGLE =    851.56727871154
  DIHED =    628.18806067536
  1-4 NB =    197.10688036191  1-4 EEL =   1654.61632637553 
  VDWAALS =   1893.44455283882
  EELEC = -21920.61300757235 EHBOND =      0.00000000000 
  RESTRAINT =      0.00000000000
  Ewald error estimate: 3.28181965796e-004
 ----------------------------------------------------------------------------
  
  NSTEP =       700 TIME(PS) =       0.700 TEMP(K) =  320.73 PRESS =     0.0
  Etot =  -9362.58841269473 EKtot =   5990.58106720071
  EPtot = -15353.16947989544
  BOND =   1234.66456735936  ANGLE =   1061.37106147724
  DIHED =    620.01998228653
  1-4 NB =    196.97595559747  1-4 EEL =   1646.81078198040 
  VDWAALS =   1875.36881008032
  EELEC = -21988.38063867677 EHBOND =      0.00000000000 
  RESTRAINT =      0.00000000000
  Ewald error estimate: 2.96875539848e-004
 ----------------------------------------------------------------------------
  
  NSTEP =       710 TIME(PS) =       0.710 TEMP(K) =  319.95 PRESS =     0.0
  Etot =  -9365.94434777453 EKtot =   5975.88306686253
  EPtot = -15341.82741463706
  BOND =   1282.59397789421  ANGLE =    919.40417751703
  DIHED =    612.20956263342
  1-4 NB =    193.67725379559  1-4 EEL =   1638.44190115849 
  VDWAALS =   1839.13675340530
  EELEC = -21827.29104104111 EHBOND =      0.00000000000 
  RESTRAINT =      0.00000000000
  Ewald error estimate: 1.50263448695e-004
 ----------------------------------------------------------------------------
  
  NSTEP =       720 TIME(PS) =       0.720 TEMP(K) =  320.33 PRESS =     0.0
  Etot =  -9378.57394320715 EKtot =   5983.05189099786
  EPtot = -15361.62583420500
  BOND =   1312.37807271353  ANGLE =    814.93888872997
  DIHED =    618.15855284679
  1-4 NB =    199.81763266121  1-4 EEL =   1648.56992516088 
  VDWAALS =   1786.46009592882
  EELEC = -21741.94900224622 EHBOND =      0.00000000000 
  RESTRAINT =      0.00000000000
  Ewald error estimate: 4.76533360715e-004
 ----------------------------------------------------------------------------
  
  NSTEP =       730 TIME(PS) =       0.730 TEMP(K) =  320.35 PRESS =     0.0
  Etot =  -9390.00626044658 EKtot =   5983.35963539459
  EPtot = -15373.36589584117
  BOND =   1405.19752122313  ANGLE =    968.93834051249
  DIHED =    615.15262463709
  1-4 NB =    200.43861536682  1-4 EEL =   1668.79962693240 
  VDWAALS =   1772.98828978343
  EELEC = -22004.88091429653 EHBOND =      0.00000000000 
  RESTRAINT =      0.00000000000
  Ewald error estimate: 4.61453553821e-004
 ----------------------------------------------------------------------------
  
  NSTEP =       740 TIME(PS) =       0.740 TEMP(K) =  320.07 PRESS =     0.0
  Etot =  -9391.27887747007 EKtot =   5978.16449203501
  EPtot = -15369.44336950508
  BOND =   1617.95585217893  ANGLE =   1003.06476543340
  DIHED =    610.01275573752
  1-4 NB =    205.63305575303  1-4 EEL =   1660.74050621497 
  VDWAALS =   1774.32166356147
  EELEC = -22241.17196838441 EHBOND =      0.00000000000 
  RESTRAINT =      0.00000000000
  Ewald error estimate: 4.14655331296e-004
 ----------------------------------------------------------------------------
  
  NSTEP =       750 TIME(PS) =       0.750 TEMP(K) =  318.23 PRESS =     0.0
  Etot =  -9396.66339886823 EKtot =   5943.73139536403
  EPtot = -15340.39479423226
  BOND =   1659.98413327353  ANGLE =    857.53932420226
  DIHED =    618.96142396062
  1-4 NB =    211.17455014129  1-4 EEL =   1679.03713375490 
  VDWAALS =   1781.42728327300
  EELEC = -22148.51864283785 EHBOND =      0.00000000000 
  RESTRAINT =      0.00000000000
  Ewald error estimate: 4.02935260459e-004
 ----------------------------------------------------------------------------
  
  NSTEP =       760 TIME(PS) =       0.760 TEMP(K) =  324.10 PRESS =     0.0
  Etot =  -9411.28136881906 EKtot =   6053.41569692725
  EPtot = -15464.69706574631
  BOND =   1562.16454695231  ANGLE =    858.17819545964
  DIHED =    617.27198544572
  1-4 NB =    217.50743802710  1-4 EEL =   1713.76558767033 
  VDWAALS =   1789.83861892110
  EELEC = -22223.42343822253 EHBOND =      0.00000000000 
  RESTRAINT =      0.00000000000
  Ewald error estimate: 2.01644309191e-004
 ----------------------------------------------------------------------------
  
  NSTEP =       770 TIME(PS) =       0.770 TEMP(K) =  319.55 PRESS =     0.0
  Etot =  -9417.69148361629 EKtot =   5968.51617455228
  EPtot = -15386.20765816857
  BOND =   1451.79590426246  ANGLE =   1041.56983607115
  DIHED =    616.00115272595
  1-4 NB =    218.43713604101  1-4 EEL =   1699.08090187332 
  VDWAALS =   1819.04653158383
  EELEC = -22232.13912072629 EHBOND =      0.00000000000 
  RESTRAINT =      0.00000000000
  Ewald error estimate: 2.12827939485e-004
 ----------------------------------------------------------------------------
  
  NSTEP =       780 TIME(PS) =       0.780 TEMP(K) =  317.59 PRESS =     0.0
  Etot =  -9423.33514199668 EKtot =   5931.89553620688
  EPtot = -15355.23067820356
  BOND =   1339.43704138515  ANGLE =    909.59944856629
  DIHED =    621.37606383973
  1-4 NB =    216.33499579798  1-4 EEL =   1690.03562947889 
  VDWAALS =   1870.50987601709
  EELEC = -22002.52373328870 EHBOND =      0.00000000000 
  RESTRAINT =      0.00000000000
  Ewald error estimate: 2.17421354219e-004
 ----------------------------------------------------------------------------
  
  NSTEP =       790 TIME(PS) =       0.790 TEMP(K) =  317.20 PRESS =     0.0
  Etot =  -9429.92910336318 EKtot =   5924.57080679088
  EPtot = -15354.49991015406
  BOND =   1282.99418198185  ANGLE =    825.59346158867
  DIHED =    620.64153432076
  1-4 NB =    211.10868887108  1-4 EEL =   1684.08386326430 
  VDWAALS =   1885.87192040092
  EELEC = -21864.79356058165 EHBOND =      0.00000000000 
  RESTRAINT =      0.00000000000
  Ewald error estimate: 2.85030478539e-004
 ----------------------------------------------------------------------------
  
  NSTEP =       800 TIME(PS) =       0.800 TEMP(K) =  316.09 PRESS =     0.0
  Etot =  -9435.43283371817 EKtot =   5903.80619646542
  EPtot = -15339.23903018359
  BOND =   1275.74808807143  ANGLE =    987.45500970863
  DIHED =    620.78606898654
  1-4 NB =    204.88283059757  1-4 EEL =   1689.42863179064 
  VDWAALS =   1865.89550755728
  EELEC = -21983.43516689568 EHBOND =      0.00000000000 
  RESTRAINT =      0.00000000000
  Ewald error estimate: 4.58868107287e-004
 ----------------------------------------------------------------------------
  
  NSTEP =       810 TIME(PS) =       0.810 TEMP(K) =  322.11 PRESS =     0.0
  Etot =  -9443.29591235147 EKtot =   6016.33935621976
  EPtot = -15459.63526857123
  BOND =   1374.63316555694  ANGLE =    972.79989487321
  DIHED =    614.69174369581
  1-4 NB =    207.43880361816  1-4 EEL =   1676.69294000506 
  VDWAALS =   1857.10355650362
  EELEC = -22162.99537282402 EHBOND =      0.00000000000 
  RESTRAINT =      0.00000000000
  Ewald error estimate: 4.17223716556e-004
 ----------------------------------------------------------------------------
  
  NSTEP =       820 TIME(PS) =       0.820 TEMP(K) =  317.06 PRESS =     0.0
  Etot =  -9450.55470035813 EKtot =   5921.88360029297
  EPtot = -15372.43830065111
  BOND =   1498.97919670666  ANGLE =    842.55254842712
  DIHED =    627.77685906268
  1-4 NB =    211.01055293971  1-4 EEL =   1673.85350570613 
  VDWAALS =   1892.75354242952
  EELEC = -22119.36450592292 EHBOND =      0.00000000000 
  RESTRAINT =      0.00000000000
  Ewald error estimate: 5.05397110703e-004
 ----------------------------------------------------------------------------
  
  NSTEP =       830 TIME(PS) =       0.830 TEMP(K) =  316.48 PRESS =     0.0
  Etot =  -9457.37239503730 EKtot =   5911.06705900162
  EPtot = -15368.43945403893
  BOND =   1571.49771346451  ANGLE =    905.21978190472
  DIHED =    619.58317100020
  1-4 NB =    216.97203145261  1-4 EEL =   1662.89945780320 
  VDWAALS =   1927.88212194276
  EELEC = -22272.49373160693 EHBOND =      0.00000000000 
  RESTRAINT =      0.00000000000
  Ewald error estimate: 4.78870870728e-004
 ----------------------------------------------------------------------------
  
  NSTEP =       840 TIME(PS) =       0.840 TEMP(K) =  314.45 PRESS =     0.0
  Etot =  -9460.30866673947 EKtot =   5873.28911475366
  EPtot = -15333.59778149313
  BOND =   1610.30483162466  ANGLE =   1049.01701116503
  DIHED =    625.31847200838
  1-4 NB =    214.41193714019  1-4 EEL =   1658.47248203029 
  VDWAALS =   1953.04440469442
  EELEC = -22444.16692015609 EHBOND =      0.00000000000 
  RESTRAINT =      0.00000000000
  Ewald error estimate: 4.73489790450e-004
 ----------------------------------------------------------------------------
  
  NSTEP =       850 TIME(PS) =       0.850 TEMP(K) =  318.04 PRESS =     0.0
  Etot =  -9468.09535635941 EKtot =   5940.33242462411
  EPtot = -15408.42778098352
  BOND =   1540.46875570557  ANGLE =    886.82473307835
  DIHED =    633.49813558978
  1-4 NB =    213.97099747118  1-4 EEL =   1652.94268356249 
  VDWAALS =   1902.40028089526
  EELEC = -22238.53336728615 EHBOND =      0.00000000000 
  RESTRAINT =      0.00000000000
  Ewald error estimate: 4.76722723807e-004
 ----------------------------------------------------------------------------
  
  NSTEP =       860 TIME(PS) =       0.860 TEMP(K) =  320.29 PRESS =     0.0
  Etot =  -9476.32395485788 EKtot =   5982.25444567960
  EPtot = -15458.57840053748
  BOND =   1412.87691970419  ANGLE =    852.10852792529
  DIHED =    620.33558184584
  1-4 NB =    210.83920445279  1-4 EEL =   1663.39806244067 
  VDWAALS =   1845.06678634684
  EELEC = -22063.20348325311 EHBOND =      0.00000000000 
  RESTRAINT =      0.00000000000
  Ewald error estimate: 3.16084596035e-004
 ----------------------------------------------------------------------------
  
  NSTEP =       870 TIME(PS) =       0.870 TEMP(K) =  319.23 PRESS =     0.0
  Etot =  -9481.92805209256 EKtot =   5962.50212412644
  EPtot = -15444.43017621900
  BOND =   1314.16373804396  ANGLE =   1010.35244415282
  DIHED =    613.26980263845
  1-4 NB =    208.78326862716  1-4 EEL =   1658.34737085898 
  VDWAALS =   1831.80918585694
  EELEC = -22081.15598639731 EHBOND =      0.00000000000 
  RESTRAINT =      0.00000000000
  Ewald error estimate: 3.97875488803e-004
 ----------------------------------------------------------------------------
  
  NSTEP =       880 TIME(PS) =       0.880 TEMP(K) =  316.57 PRESS =     0.0
  Etot =  -9489.38185374160 EKtot =   5912.79164536197
  EPtot = -15402.17349910358
  BOND =   1254.68701132725  ANGLE =    963.99110522834
  DIHED =    619.57157265372
  1-4 NB =    207.22756201542  1-4 EEL =   1656.93017047633 
  VDWAALS =   1864.89408220557
  EELEC = -21969.47500301020 EHBOND =      0.00000000000 
  RESTRAINT =      0.00000000000
  Ewald error estimate: 2.21578422083e-004
 ----------------------------------------------------------------------------
  
  NSTEP =       890 TIME(PS) =       0.890 TEMP(K) =  315.31 PRESS =     0.0
  Etot =  -9495.68870883248 EKtot =   5889.19852254854
  EPtot = -15384.88723138101
  BOND =   1296.73773624222  ANGLE =    830.24932412242
  DIHED =    608.28623776814
  1-4 NB =    207.81255060552  1-4 EEL =   1673.32059202532 
  VDWAALS =   1869.36271583701
  EELEC = -21870.65638798164 EHBOND =      0.00000000000 
  RESTRAINT =      0.00000000000
  Ewald error estimate: 3.07410443471e-004
 ----------------------------------------------------------------------------
  
  NSTEP =       900 TIME(PS) =       0.900 TEMP(K) =  316.79 PRESS =     0.0
  Etot =  -9499.89268595568 EKtot =   5916.91567821695
  EPtot = -15416.80836417263
  BOND =   1427.26920984095  ANGLE =    931.47278711564
  DIHED =    622.71711825972
  1-4 NB =    203.64933915208  1-4 EEL =   1651.76832388660 
  VDWAALS =   1827.43822036382
  EELEC = -22081.12336279144 EHBOND =      0.00000000000 
  RESTRAINT =      0.00000000000
  Ewald error estimate: 3.65822087499e-004
 ----------------------------------------------------------------------------
  
  NSTEP =       910 TIME(PS) =       0.910 TEMP(K) =  313.68 PRESS =     0.0
  Etot =  -9505.87226059334 EKtot =   5858.91970058743
  EPtot = -15364.79196118077
  BOND =   1512.19227409596  ANGLE =   1015.54424064980
  DIHED =    618.95966066959
  1-4 NB =    203.03112212427  1-4 EEL =   1647.48620926045 
  VDWAALS =   1815.91116706504
  EELEC = -22177.91663504590 EHBOND =      0.00000000000 
  RESTRAINT =      0.00000000000
  Ewald error estimate: 3.70731722906e-004
 ----------------------------------------------------------------------------
  
  NSTEP =       920 TIME(PS) =       0.920 TEMP(K) =  315.44 PRESS =     0.0
  Etot =  -9514.28412617627 EKtot =   5891.69402844737
  EPtot = -15405.97815462364
  BOND =   1547.47181588892  ANGLE =    879.73894594833
  DIHED =    618.18965820626
  1-4 NB =    201.75017974499  1-4 EEL =   1628.22701594345 
  VDWAALS =   1821.88094282168
  EELEC = -22103.23671317728 EHBOND =      0.00000000000 
  RESTRAINT =      0.00000000000
  Ewald error estimate: 2.76541908910e-004
 ----------------------------------------------------------------------------
  
  NSTEP =       930 TIME(PS) =       0.930 TEMP(K) =  317.24 PRESS =     0.0
  Etot =  -9520.11453692072 EKtot =   5925.40977835676
  EPtot = -15445.52431527747
  BOND =   1561.04517481725  ANGLE =    868.81716810461
  DIHED =    619.42952673135
  1-4 NB =    201.44327330710  1-4 EEL =   1637.73942345444 
  VDWAALS =   1802.93613954906
  EELEC = -22136.93502124128 EHBOND =      0.00000000000 
  RESTRAINT =      0.00000000000
  Ewald error estimate: 3.52169125301e-004
 ----------------------------------------------------------------------------
  
  NSTEP =       940 TIME(PS) =       0.940 TEMP(K) =  313.67 PRESS =     0.0
  Etot =  -9521.76979485543 EKtot =   5858.66693974313
  EPtot = -15380.43673459857
  BOND =   1507.87308864697  ANGLE =   1009.49440735237
  DIHED =    615.89128707365
  1-4 NB =    201.07092150278  1-4 EEL =   1649.90778797737 
  VDWAALS =   1799.36961522902
  EELEC = -22164.04384238073 EHBOND =      0.00000000000 
  RESTRAINT =      0.00000000000
  Ewald error estimate: 3.86543129289e-004
 ----------------------------------------------------------------------------
  
  NSTEP =       950 TIME(PS) =       0.950 TEMP(K) =  313.46 PRESS =     0.0
  Etot =  -9528.31723054266 EKtot =   5854.67378593374
  EPtot = -15382.99101647640
  BOND =   1411.41214758429  ANGLE =    915.75541148775
  DIHED =    624.78374805860
  1-4 NB =    198.69645720425  1-4 EEL =   1650.20214002642 
  VDWAALS =   1815.92427292340
  EELEC = -21999.76519376110 EHBOND =      0.00000000000 
  RESTRAINT =      0.00000000000
  Ewald error estimate: 7.30900713765e-004
 ----------------------------------------------------------------------------
  
  NSTEP =       960 TIME(PS) =       0.960 TEMP(K) =  318.44 PRESS =     0.0
  Etot =  -9538.00560921976 EKtot =   5947.76754068556
  EPtot = -15485.77314990532
  BOND =   1290.79944280229  ANGLE =    827.44357978102
  DIHED =    619.28802023081
  1-4 NB =    199.34547930399  1-4 EEL =   1626.84779496192 
  VDWAALS =   1824.77928942360
  EELEC = -21874.27675640896 EHBOND =      0.00000000000 
  RESTRAINT =      0.00000000000
  Ewald error estimate: 5.63929676592e-004
 ----------------------------------------------------------------------------
  
  NSTEP =       970 TIME(PS) =       0.970 TEMP(K) =  316.74 PRESS =     0.0
  Etot =  -9541.50746903698 EKtot =   5916.00623055744
  EPtot = -15457.51369959442
  BOND =   1283.93154939138  ANGLE =    957.44837241764
  DIHED =    636.26400039575
  1-4 NB =    204.76093355966  1-4 EEL =   1658.57969600625 
  VDWAALS =   1823.77237316349
  EELEC = -22022.27062452859 EHBOND =      0.00000000000 
  RESTRAINT =      0.00000000000
  Ewald error estimate: 6.41639091542e-004
 ----------------------------------------------------------------------------
  
  NSTEP =       980 TIME(PS) =       0.980 TEMP(K) =  310.94 PRESS =     0.0
  Etot =  -9541.93029976884 EKtot =   5807.62116309493
  EPtot = -15349.55146286377
  BOND =   1376.33433620733  ANGLE =    995.91593480117
  DIHED =    621.54710506947
  1-4 NB =    212.05498196692  1-4 EEL =   1653.93531401023 
  VDWAALS =   1826.77507507367
  EELEC = -22036.11420999259 EHBOND =      0.00000000000 
  RESTRAINT =      0.00000000000
  Ewald error estimate: 5.36950261409e-004
 ----------------------------------------------------------------------------
  
  NSTEP =       990 TIME(PS) =       0.990 TEMP(K) =  313.32 PRESS =     0.0
  Etot =  -9550.37849847774 EKtot =   5852.11341143757
  EPtot = -15402.49190991531
  BOND =   1440.78443110150  ANGLE =    840.86656524484
  DIHED =    625.09252306158
  1-4 NB =    212.40806771877  1-4 EEL =   1646.79381536376 
  VDWAALS =   1813.24668914770
  EELEC = -21981.68400155344 EHBOND =      0.00000000000 
  RESTRAINT =      0.00000000000
  Ewald error estimate: 5.06050578962e-004
 ----------------------------------------------------------------------------
