
          -------------------------------------------------------
          Amber 10 SANDER                              2008
          -------------------------------------------------------

| PMEMD implementation of SANDER, Release 10

| Run on 12/11/2011 at 18:07:47

  [-O]verwriting output

File Assignments:
|   MDIN: bpti_box.inp                                                          
|  MDOUT: bpti_box_amoeba_leap.out                                              
| INPCRD: bpti_box.crd                                                          
|   PARM: bpti_box_amoeba_leap.top                                              
| RESTRT: bpti_box_leap.rst                                                     
|   REFC: bpti_box_leap.ref                                                     
|  MDVEL: bpti_box_leap.mdvel                                                   
|   MDEN: bpti_box_amoeba_leap.mden                                             
|  MDCRD: bpti_box_amoeba_leap.mdcrd                                            
| MDINFO: mdinfo                                                                

 
 Here is the input file:
 
 Amber Input file for the molecule set bpti_box                                
                                                                               
 &cntrl                                                                        
 imin=0,  nstlim=100,  nscm=1000,                                              
 t=       0.000,  dt=       0.001,                                             
 ntpr=10,  ntwr=500,  ntwx=0,  ntwv=0,  ntwe=10,  ioutfm=0,  ntwprt=0,         
 ntf=1,  ntb=2,  dielc= 1.000,  iamoeba=1,                                     
 cut=12.000,  scnb= 2.000,  scee= 1.200,  iwrap=0,                             
 irest= 0,  ntx= 1,                                                            
igb=0,                                                                         
ibelly=0, ntr=0,                                                               
 temp0=300.000,  tempi=300.000,  heat= 0.000,  ntt=1,                          
 dtemp=   0.0000,  tautp=   0.5000,  vlimit=20.000,                            
 ntp=1,  pres0= 1.000,  comp=44.600,  taup= 1.000,                             
 ntc=1, tol=   0.0005000,                                                      
 jfastw=0,                                                                     
  &end                                                                         
                                                                               
 &ewald                                                                        
 skinnb=    2.000000, nbtell=0, order=5, ew_coeff=    0.000000                 
 &end                                                                          


| INFO:    The dtemp ctrl option is deprecated and ignored.
| INFO:    The heat ctrl option is deprecated and ignored.
 
 
|  INFO: Old style inpcrd file read

 
| Conditional Compilation Defines Used:
| AMOEBA
| DIRFRC_COMTRANS
| DIRFRC_EFS
| PUBFFT
| FFTLOADBAL_2PROC
 
| Largest sphere to fit in unit cell has radius =    22.500

| New format PARM file being parsed.
| Version =    1.000 Date = 05/22/06 Time = 12:10:21
--------------------------------------------------------------------------------
   1.  RESOURCE   USE: 
--------------------------------------------------------------------------------

 getting new box info from bottom of inpcrd

 NATOM  =    6267 NTYPES =       1 NBONH =       0 MBONA  =       0
 NTHETH =       0 MTHETA =       0 NPHIH =       0 MPHIA  =       0
 NHPARM =       0 NPARM  =       0 NNB   =   12835 NRES   =    1852
 NBONA  =       0 NTHETA =       0 NPHIA =       0 NUMBND =       0
 NUMANG =       0 NPTRA  =       0 NATYP =       1 NPHB   =       0
 IFBOX  =       1 NMXRS  =      26 IFCAP =       0 NEXTRA =       0
 NCOPY  =       0

| Coordinate Index Table dimensions:     6    6    6
| Direct force subcell size =     7.5000    7.5000    7.5000

     BOX TYPE: RECTILINEAR

--------------------------------------------------------------------------------
   2.  CONTROL  DATA  FOR  THE  RUN
--------------------------------------------------------------------------------

                                                                                

General flags:
     imin    =       0, nmropt  =       0

Nature and format of input:
     ntx     =       1, irest   =       0, ntrx    =       1

Nature and format of output:
     ntxo    =       1, ntpr    =      10, ntrx    =       1, ntwr    =     500
     iwrap   =       0, ntwx    =       0, ntwv    =       0, ntwe    =      10
     ioutfm  =       0, ntwprt  =       0, idecomp =       0, rbornstat=      0

Potential function:
     ntf     =       1, ntb     =       2, igb     =       0, nsnb    =      25
     ipol    =       0, gbsa    =       0, iesp    =       0
     dielc   =   1.00000, cut     =  12.00000, intdiel =   1.00000
     scnb    =   2.00000, scee    =   1.20000

Frozen or restrained atoms:
     ibelly  =       0, ntr     =       0

Molecular dynamics:
     nstlim  =       100, nscm    =      1000, nrespa  =         1
     t       =   0.00000, dt      =   0.00100, vlimit  =  20.00000

Berendsen (weak-coupling) temperature regulation:
     temp0   = 300.00000, tempi   = 300.00000, tautp   =   0.50000

Pressure regulation:
     ntp     =       1
     pres0   =   1.00000, comp    =  44.60000, taup    =   1.00000

Ewald parameters:
     verbose =       0, ew_type =       0, nbflag  =       1, use_pme =       1
     vdwmeth =       1, eedmeth =       1, netfrc  =       1
     Box X =   45.000   Box Y =   45.000   Box Z =   45.000
     Alpha =   90.000   Beta  =   90.000   Gamma =   90.000
     NFFT1 =   48       NFFT2 =   45       NFFT3 =   45
     Cutoff=   12.000   Tol   =0.100E-04
     Ewald Coefficient =  0.22664
     Interpolation order =    5

--------------------------------------------------------------------------------
   3.  ATOMIC COORDINATES AND VELOCITIES
--------------------------------------------------------------------------------

 Amber Coordinate file for the molecule set bpti_box                            
 begin time read from input coords =     0.000 ps

| Dynamic Memory, Types Used:
| Reals              646858
| Integers           299485

| Nonbonded Pairs Initial Allocation: 3888046

--------------------------------------------------------------------------------
   4.  RESULTS
--------------------------------------------------------------------------------

 ---------------------------------------------------
 APPROXIMATING switch and d/dx switch using CUBIC SPLINE INTERPOLATION
 using   5000.0 points per unit in tabled values
 TESTING RELATIVE ERROR over r ranging from 0.0 to cutoff
| CHECK switch(x): max rel err =   0.2738E-14   at   2.422500
| CHECK d/dx switch(x): max rel err =   0.7967E-11   at   2.716640
 ---------------------------------------------------
|---------------------------------------------------
| APPROXIMATING direct energy using CUBIC SPLINE INTERPOLATION
|  with   50.0 points per unit in tabled values
| Relative Error Limit not exceeded for r .gt.   2.27
| APPROXIMATING direct force using CUBIC SPLINE INTERPOLATION
|  with   50.0 points per unit in tabled values
| Relative Error Limit not exceeded for r .gt.   2.78
|---------------------------------------------------
| num_pairs_in_ee_cut, size_dipole_dipole_list =     316922    396152

 NSTEP =        0   TIME(PS) =       0.000  TEMP(K) =   301.75  PRESS = 13700.1
 Etot   =     -7864.2531  EKtot   =      5635.9898  EPtot      =    -13500.2429
 BOND   =       216.9134  ANGLE   =       668.1355  DIHED      =       -24.1823
 1-4 NB =       640.9766  1-4 EEL =         0.0000  VDWAALS    =      5592.5643
 EELEC  =    -15150.0926  EHBOND  =         0.0000  RESTRAINT  =         0.0000
 EKCMT  =      5635.9898  VIRIAL  =    -43348.0215  VOLUME     =     91125.0000
 EPOLZ  =     -5444.5577
 Dipole convergence: rms =  0.874E-02 iters =   7.00
                                                    Density    =         0.7065
 ------------------------------------------------------------------------------

 ACCURATE ENE: 
 NSTEP=            0 TEMP=    301.751049567474      PRESS= 
   13700.1048734897     
 TOT_ENE=   -7864.25305756495      KIN_ENE=    5635.98981643844      POT_ENE= 
  -13500.2428740034     
 BOND_ENE=    216.913365722247      ANGLE_ENE=    668.135545690087      
 DIHED_ENE=   -24.1823428988926     
 VDW_14=    640.976632570296      ELECTR_14=   0.000000000000000E+000 VDW_ENE=
   5592.56426695248     
 ELECT_ENE=  -15150.0926416646      HBOND_ENE=  0.000000000000000E+000 
 RESTR_ENE=   0.000000000000000E+000
 ------------------------------------------------------------------------------


 NSTEP =       10   TIME(PS) =       0.010  TEMP(K) =   307.97  PRESS = 11158.6
 Etot   =     -7876.4487  EKtot   =      5752.1046  EPtot      =    -13628.5532
 BOND   =       347.5917  ANGLE   =       705.2977  DIHED      =        -1.2453
 1-4 NB =       592.2012  1-4 EEL =         0.0000  VDWAALS    =      5303.9396
 EELEC  =    -15166.7391  EHBOND  =         0.0000  RESTRAINT  =         0.0000
 EKCMT  =      5752.1046  VIRIAL  =    -33024.1142  VOLUME     =     91208.8514
 EPOLZ  =     -5409.5989
 Dipole convergence: rms =  0.969E-02 iters =   6.00
                                                    Density    =         0.7059
 ------------------------------------------------------------------------------

 ACCURATE ENE: 
 NSTEP=           10 TEMP=    307.967835823657      PRESS= 
   11158.5839097373     
 TOT_ENE=   -7876.44865656958      KIN_ENE=    5752.10455433593      POT_ENE= 
  -13628.5532109055     
 BOND_ENE=    347.591713993605      ANGLE_ENE=    705.297691610901      
 DIHED_ENE=   -1.24528183661077     
 VDW_14=    592.201178284865      ELECTR_14=   0.000000000000000E+000 VDW_ENE=
   5303.93955123145     
 ELECT_ENE=  -15166.7391304285      HBOND_ENE=  0.000000000000000E+000 
 RESTR_ENE=   0.000000000000000E+000
 ------------------------------------------------------------------------------


 NSTEP =       20   TIME(PS) =       0.020  TEMP(K) =   311.79  PRESS =  5409.0
 Etot   =     -7834.9995  EKtot   =      5823.5432  EPtot      =    -13658.5427
 BOND   =       777.4452  ANGLE   =       936.7632  DIHED      =        -4.0338
 1-4 NB =       565.4735  1-4 EEL =         0.0000  VDWAALS    =      4833.5385
 EELEC  =    -15349.7725  EHBOND  =         0.0000  RESTRAINT  =         0.0000
 EKCMT  =      5823.5432  VIRIAL  =     -9954.1408  VOLUME     =     91279.6054
 EPOLZ  =     -5417.9569
 Dipole convergence: rms =  0.935E-02 iters =   6.00
                                                    Density    =         0.7053
 ------------------------------------------------------------------------------

 ACCURATE ENE: 
 NSTEP=           20 TEMP=    311.792662571337      PRESS= 
   5408.96783212496     
 TOT_ENE=   -7834.99948511572      KIN_ENE=    5823.54319433556      POT_ENE= 
  -13658.5426794513     
 BOND_ENE=    777.445242682844      ANGLE_ENE=    936.763153821488      
 DIHED_ENE=   -4.03376579092337     
 VDW_14=    565.473536725690      ELECTR_14=   0.000000000000000E+000 VDW_ENE=
   4833.53849349952     
 ELECT_ENE=  -15349.7724631661      HBOND_ENE=  0.000000000000000E+000 
 RESTR_ENE=   0.000000000000000E+000
 ------------------------------------------------------------------------------


 NSTEP =       30   TIME(PS) =       0.030  TEMP(K) =   292.82  PRESS =   330.2
 Etot   =     -7791.7783  EKtot   =      5469.1161  EPtot      =    -13260.8944
 BOND   =      1332.6339  ANGLE   =       740.9958  DIHED      =        -0.4756
 1-4 NB =       524.0482  1-4 EEL =         0.0000  VDWAALS    =      4667.8480
 EELEC  =    -15202.0497  EHBOND  =         0.0000  RESTRAINT  =         0.0000
 EKCMT  =      5469.1161  VIRIAL  =      9619.3873  VOLUME     =     91289.3065
 EPOLZ  =     -5323.8950
 Dipole convergence: rms =  0.885E-02 iters =   6.00
                                                    Density    =         0.7053
 ------------------------------------------------------------------------------

 ACCURATE ENE: 
 NSTEP=           30 TEMP=    292.816625348689      PRESS= 
   330.204912517851     
 TOT_ENE=   -7791.77828533251      KIN_ENE=    5469.11608398583      POT_ENE= 
  -13260.8943693183     
 BOND_ENE=    1332.63388833842      ANGLE_ENE=    740.995814058850      
 DIHED_ENE=  -0.475577214282495     
 VDW_14=    524.048225345851      ELECTR_14=   0.000000000000000E+000 VDW_ENE=
   4667.84799359840     
 ELECT_ENE=  -15202.0497012791      HBOND_ENE=  0.000000000000000E+000 
 RESTR_ENE=   0.000000000000000E+000
 ------------------------------------------------------------------------------


 NSTEP =       40   TIME(PS) =       0.040  TEMP(K) =   292.13  PRESS = -5286.8
 Etot   =     -7827.7287  EKtot   =      5456.2212  EPtot      =    -13283.9499
 BOND   =      1500.5937  ANGLE   =      1001.0513  DIHED      =         2.8446
 1-4 NB =       506.5246  1-4 EEL =         0.0000  VDWAALS    =      4748.2248
 EELEC  =    -15545.8710  EHBOND  =         0.0000  RESTRAINT  =         0.0000
 EKCMT  =      5456.2212  VIRIAL  =     32024.7615  VOLUME     =     91275.0598
 EPOLZ  =     -5497.3179
 Dipole convergence: rms =  0.880E-02 iters =   6.00
                                                    Density    =         0.7054
 ------------------------------------------------------------------------------

 ACCURATE ENE: 
 NSTEP=           40 TEMP=    292.126231945620      PRESS= 
  -5286.80806686877     
 TOT_ENE=   -7827.72870157549      KIN_ENE=    5456.22118206382      POT_ENE= 
  -13283.9498836393     
 BOND_ENE=    1500.59374472101      ANGLE_ENE=    1001.05125126795      
 DIHED_ENE=    2.84460372062495     
 VDW_14=    506.524624041694      ELECTR_14=   0.000000000000000E+000 VDW_ENE=
   4748.22483160423     
 ELECT_ENE=  -15545.8710435443      HBOND_ENE=  0.000000000000000E+000 
 RESTR_ENE=   0.000000000000000E+000
 ------------------------------------------------------------------------------


 NSTEP =       50   TIME(PS) =       0.050  TEMP(K) =   302.78  PRESS = -7139.1
 Etot   =     -7882.5027  EKtot   =      5655.2883  EPtot      =    -13537.7909
 BOND   =      1358.2551  ANGLE   =       756.7149  DIHED      =         1.7343
 1-4 NB =       494.3624  1-4 EEL =         0.0000  VDWAALS    =      4799.1920
 EELEC  =    -15436.6695  EHBOND  =         0.0000  RESTRAINT  =         0.0000
 EKCMT  =      5655.2883  VIRIAL  =     39802.6030  VOLUME     =     91219.9577
 EPOLZ  =     -5511.3802
 Dipole convergence: rms =  0.842E-02 iters =   6.00
                                                    Density    =         0.7058
 ------------------------------------------------------------------------------

 ACCURATE ENE: 
 NSTEP=           50 TEMP=    302.784288252326      PRESS= 
  -7139.09565507733     
 TOT_ENE=   -7882.50269823103      KIN_ENE=    5655.28825040949      POT_ENE= 
  -13537.7909486405     
 BOND_ENE=    1358.25505435848      ANGLE_ENE=    756.714909860865      
 DIHED_ENE=    1.73429979619515     
 VDW_14=    494.362421709399      ELECTR_14=   0.000000000000000E+000 VDW_ENE=
   4799.19204174334     
 ELECT_ENE=  -15436.6694953313      HBOND_ENE=  0.000000000000000E+000 
 RESTR_ENE=   0.000000000000000E+000
 ------------------------------------------------------------------------------


 NSTEP =       60   TIME(PS) =       0.060  TEMP(K) =   300.27  PRESS = -6856.1
 Etot   =     -7891.7565  EKtot   =      5608.3753  EPtot      =    -13500.1318
 BOND   =      1421.8306  ANGLE   =      1051.9076  DIHED      =        -0.5970
 1-4 NB =       481.2490  1-4 EEL =         0.0000  VDWAALS    =      4751.9617
 EELEC  =    -15632.7383  EHBOND  =         0.0000  RESTRAINT  =         0.0000
 EKCMT  =      5608.3753  VIRIAL  =     38552.9434  VOLUME     =     91132.3211
 EPOLZ  =     -5573.7454
 Dipole convergence: rms =  0.896E-02 iters =   6.00
                                                    Density    =         0.7065
 ------------------------------------------------------------------------------

 ACCURATE ENE: 
 NSTEP=           60 TEMP=    300.272564938659      PRESS= 
  -6856.07131275120     
 TOT_ENE=   -7891.75652888992      KIN_ENE=    5608.37525031279      POT_ENE= 
  -13500.1317792027     
 BOND_ENE=    1421.83061558846      ANGLE_ENE=    1051.90758079235      
 DIHED_ENE=  -0.597019318375814     
 VDW_14=    481.248996970179      ELECTR_14=   0.000000000000000E+000 VDW_ENE=
   4751.96173176740     
 ELECT_ENE=  -15632.7382850704      HBOND_ENE=  0.000000000000000E+000 
 RESTR_ENE=   0.000000000000000E+000
 ------------------------------------------------------------------------------


 NSTEP =       70   TIME(PS) =       0.070  TEMP(K) =   301.48  PRESS = -2975.9
 Etot   =     -7868.3213  EKtot   =      5630.9297  EPtot      =    -13499.2510
 BOND   =      1333.8917  ANGLE   =       812.7705  DIHED      =        -5.6572
 1-4 NB =       489.2884  1-4 EEL =         0.0000  VDWAALS    =      4654.1103
 EELEC  =    -15311.5503  EHBOND  =         0.0000  RESTRAINT  =         0.0000
 EKCMT  =      5630.9297  VIRIAL  =     23113.5636  VOLUME     =     91027.1351
 EPOLZ  =     -5472.1044
 Dipole convergence: rms =  0.924E-02 iters =   6.00
                                                    Density    =         0.7073
 ------------------------------------------------------------------------------

 ACCURATE ENE: 
 NSTEP=           70 TEMP=    301.480131694728      PRESS= 
  -2975.90907138488     
 TOT_ENE=   -7868.32126502538      KIN_ENE=    5630.92971681631      POT_ENE= 
  -13499.2509818417     
 BOND_ENE=    1333.89170930843      ANGLE_ENE=    812.770473147330      
 DIHED_ENE=   -5.65722563924867     
 VDW_14=    489.288440478333      ELECTR_14=   0.000000000000000E+000 VDW_ENE=
   4654.11034308292     
 ELECT_ENE=  -15311.5502812749      HBOND_ENE=  0.000000000000000E+000 
 RESTR_ENE=   0.000000000000000E+000
 ------------------------------------------------------------------------------


 NSTEP =       80   TIME(PS) =       0.080  TEMP(K) =   303.90  PRESS =  -809.8
 Etot   =     -7867.1146  EKtot   =      5676.1047  EPtot      =    -13543.2193
 BOND   =      1160.5745  ANGLE   =      1055.2457  DIHED      =        -1.9468
 1-4 NB =       472.7023  1-4 EEL =         0.0000  VDWAALS    =      4493.5716
 EELEC  =    -15290.6828  EHBOND  =         0.0000  RESTRAINT  =         0.0000
 EKCMT  =      5676.1047  VIRIAL  =     14574.5670  VOLUME     =     90945.7830
 EPOLZ  =     -5432.6840
 Dipole convergence: rms =  0.914E-02 iters =   6.00
                                                    Density    =         0.7079
 ------------------------------------------------------------------------------

 ACCURATE ENE: 
 NSTEP=           80 TEMP=    303.898799497931      PRESS= 
  -809.843125334158     
 TOT_ENE=   -7867.11461822621      KIN_ENE=    5676.10466194986      POT_ENE= 
  -13543.2192801761     
 BOND_ENE=    1160.57453536592      ANGLE_ENE=    1055.24570666177      
 DIHED_ENE=   -1.94675210465536     
 VDW_14=    472.702349936242      ELECTR_14=   0.000000000000000E+000 VDW_ENE=
   4493.57163523893     
 ELECT_ENE=  -15290.6827673247      HBOND_ENE=  0.000000000000000E+000 
 RESTR_ENE=   0.000000000000000E+000
 ------------------------------------------------------------------------------


 NSTEP =       90   TIME(PS) =       0.090  TEMP(K) =   305.46  PRESS =   546.5
 Etot   =     -7895.8231  EKtot   =      5705.3387  EPtot      =    -13601.1618
 BOND   =      1014.3491  ANGLE   =       819.9537  DIHED      =        -2.5192
 1-4 NB =       467.7301  1-4 EEL =         0.0000  VDWAALS    =      4375.3558
 EELEC  =    -14999.9073  EHBOND  =         0.0000  RESTRAINT  =         0.0000
 EKCMT  =      5705.3387  VIRIAL  =      9237.9828  VOLUME     =     90864.8398
 EPOLZ  =     -5276.1241
 Dipole convergence: rms =  0.821E-02 iters =   6.00
                                                    Density    =         0.7086
 ------------------------------------------------------------------------------

 ACCURATE ENE: 
 NSTEP=           90 TEMP=    305.463989420654      PRESS= 
   546.528163242145     
 TOT_ENE=   -7895.82310726028      KIN_ENE=    5705.33867614104      POT_ENE= 
  -13601.1617834013     
 BOND_ENE=    1014.34914965209      ANGLE_ENE=    819.953742562858      
 DIHED_ENE=   -2.51915929754792     
 VDW_14=    467.730081186083      ELECTR_14=   0.000000000000000E+000 VDW_ENE=
   4375.35582832681     
 ELECT_ENE=  -14999.9073165220      HBOND_ENE=  0.000000000000000E+000 
 RESTR_ENE=   0.000000000000000E+000
 ------------------------------------------------------------------------------


 NSTEP =      100   TIME(PS) =       0.100  TEMP(K) =   301.13  PRESS =   126.9
 Etot   =     -7893.9263  EKtot   =      5624.3915  EPtot      =    -13518.3178
 BOND   =      1148.4474  ANGLE   =      1113.7691  DIHED      =         5.0291
 1-4 NB =       451.5888  1-4 EEL =         0.0000  VDWAALS    =      4386.0339
 EELEC  =    -15272.8502  EHBOND  =         0.0000  RESTRAINT  =         0.0000
 EKCMT  =      5624.3915  VIRIAL  =     10744.7630  VOLUME     =     90792.4534
 EPOLZ  =     -5350.3359
 Dipole convergence: rms =  0.873E-02 iters =   6.00
                                                    Density    =         0.7091
 ------------------------------------------------------------------------------

 ACCURATE ENE: 
 NSTEP=          100 TEMP=    301.130077587157      PRESS= 
   126.884283520856     
 TOT_ENE=   -7893.92629172778      KIN_ENE=    5624.39154109729      POT_ENE= 
  -13518.3178328251     
 BOND_ENE=    1148.44743324606      ANGLE_ENE=    1113.76905127169      
 DIHED_ENE=    5.02909488277436     
 VDW_14=    451.588774587066      ELECTR_14=   0.000000000000000E+000 VDW_ENE=
   4386.03391048846     
 ELECT_ENE=  -15272.8502327366      HBOND_ENE=  0.000000000000000E+000 
 RESTR_ENE=   0.000000000000000E+000
 ------------------------------------------------------------------------------


      A V E R A G E S   O V E R     100 S T E P S


 NSTEP =      100   TIME(PS) =       0.100  TEMP(K) =   294.72  PRESS =  -791.9
 Etot   =     -7852.3328  EKtot   =      5504.5872  EPtot      =    -13356.9200
 BOND   =      1182.8220  ANGLE   =       959.6874  DIHED      =        -1.9632
 1-4 NB =       512.7551  1-4 EEL =         0.0000  VDWAALS    =      4767.6489
 EELEC  =    -15334.0196  EHBOND  =         0.0000  RESTRAINT  =         0.0000
 EKCMT  =      5504.5872  VIRIAL  =     14163.0836  VOLUME     =     91118.1754
 EPOLZ  =     -5443.8506
 Dipole convergence: rms =  0.893E-02 iters =   6.04
                                                    Density    =         0.7066
 ------------------------------------------------------------------------------

 ACCURATE ENE: 
 NSTEP=          100 TEMP=    294.715749179531      PRESS= 
  -791.896943748887     
 TOT_ENE=   -7852.33277366176      KIN_ENE=    5504.58718702300      POT_ENE= 
  -13356.9199606848     
 BOND_ENE=    1182.82195395896      ANGLE_ENE=    959.687422344961      
 DIHED_ENE=   -1.96317622962212     
 VDW_14=    512.755071235513      ELECTR_14=   0.000000000000000E+000 VDW_ENE=
   4767.64893578896     
 ELECT_ENE=  -15334.0196088318      HBOND_ENE=  0.000000000000000E+000 
 RESTR_ENE=   0.000000000000000E+000
 ------------------------------------------------------------------------------


      R M S  F L U C T U A T I O N S


 NSTEP =      100   TIME(PS) =       0.100  TEMP(K) =    14.34  PRESS =  5178.6
 Etot   =        36.3266  EKtot   =       267.8808  EPtot      =       295.4458
 BOND   =       263.4065  ANGLE   =       122.5251  DIHED      =         5.3853
 1-4 NB =        49.5831  1-4 EEL =         0.0000  VDWAALS    =       414.5561
 EELEC  =       218.0042  EHBOND  =         0.0000  RESTRAINT  =         0.0000
 EKCMT  =       267.8808  VIRIAL  =     20653.4912  VOLUME     =       145.1562
 EPOLZ  =       135.1703
 Dipole convergence: rms =  0.478E-03 iters =   0.20
                                                    Density    =         0.0011
 ------------------------------------------------------------------------------

 ACCURATE ENE: 
 NSTEP=          100 TEMP=    14.3423460010183      PRESS= 
   5178.59465793453     
 TOT_ENE=    36.3266211987031      KIN_ENE=    267.880811422001      POT_ENE= 
   295.445804908141     
 BOND_ENE=    263.406522082269      ANGLE_ENE=    122.525076988049      
 DIHED_ENE=    5.38525759815828     
 VDW_14=    49.5831042418871      ELECTR_14=   0.000000000000000E+000 VDW_ENE=
   414.556055539317     
 ELECT_ENE=   218.004223244489      HBOND_ENE=  0.000000000000000E+000 
 RESTR_ENE=   0.000000000000000E+000
 ------------------------------------------------------------------------------

--------------------------------------------------------------------------------
   5.  TIMINGS
--------------------------------------------------------------------------------

|  NonSetup CPU Time in Major Routines:
|
|     Routine           Sec        %
|     ------------------------------
|     Nonbond          75.86   99.59
|     Bond              0.02    0.02
|     Angle             0.12    0.16
|     Dihedral          0.09    0.12
|     Shake             0.00    0.00
|     RunMD             0.08    0.10
|     Other             0.00    0.00
|     ------------------------------
|     Total            76.18

|  Amoeba Nonbond Pairlist CPU Time:
|
|     Routine              Sec        %
|     ---------------------------------
|     Set Up Cit           0.00    0.00
|     Build List           0.41    0.53
|     ---------------------------------
|     Total                0.41    0.53

|  Amoeba Direct Force CPU Time:
|
|     Routine              Sec        %
|     ---------------------------------
|     NonBonded Calc      51.06   67.03
|     Exclude Masked       1.65    2.17
|     Other                0.97    1.27
|     ---------------------------------
|     Total               53.68   70.47

|  Amoeba Reciprocal Force CPU Time:
|
|     Routine              Sec        %
|     ---------------------------------
|     1D bspline           0.84    1.11
|     Grid Charges         5.09    6.68
|     Scalar Sum           0.50    0.66
|     Gradient Sum         6.46    8.48
|     FFT                  9.13   11.98
|     ---------------------------------
|     Total               22.01   28.90

|  Setup CPU time:            0.59 seconds
|  NonSetup CPU time:        76.18 seconds
|  Total CPU time:           76.77 seconds     0.02 hours

|  Setup wall time:           1    seconds
|  NonSetup wall time:       76    seconds
|  Total wall time:          77    seconds     0.02 hours
