| Run on 05/29/2012 at 15:41:12

| Coordinate Index Table dimensions:     6    6    6
| Direct force subcell size =     7.5000    7.5000    7.5000

 BOX TYPE: RECTILINEAR,
 -----------------------------------------------------------------------------
    2.  CONTROL  DATA  FOR  THE  RUN
 -----------------------------------------------------------------------------
  Amber topology and parameter file for the molecule set bpti_box               
  
 General flags:
      imin  =        0  
 Nature and format of input:
      ntx   =        1   irest  =        0 
 Nature and format of output:
      ntxo  =        1   ntpr   =        1  ntwr  =      500 
      iwrap =        0   ntwx   =        1  ntwv  =        0 ntwe  =        1
      ioutfm =       0   ntwprt   =       0   rbornstat  =      0 
 Potential function:
      ntf   =        1   ntb    =        2  igb   =        0 nsnb  =       25 
      ipol  =        0   gbsa    =        0
      dielc =    1.00000  vdw_cutoff =   12.00000  intdiel =    1.00000 
      scnb =    2.00000  scee =    1.20000 
 Frozen or restrained atoms:
      ibelly  =        0   ntr  =        0
 Molecular dynamics:
      nstlim =       10 nscm    =     1000   nrespa  =        1 
      dt     =    0.00100  vlimit =   20.00000  
 Berendsen (weak-coupling) temperature regulation:
      temp0 =  300.00000  tempi =  300.00000  tautp =    0.50000 
 Pressure regulation:
      ntp =        1 
      pres0 =    1.00000  comp =   44.60000  taup =    1.00000 
 Ewald parameters:
      pme_verbose =        0 
      vdw_correction_flag =        1   netfrc  =        1   
      Box X =   45.00000  Box Y =   45.00000  Box Z =   45.00000 
      Alpha =   90.00000  Beta  =   90.00000  Gamma =   90.00000 
      pme_grid_nx =       48   pme_grid_ny =       45  pme_grid_nz =       45   
      Cutoff =   12.00000  Tol   =    0.00001 
      Ewald Coefficient =    0.22664 
      Interpolation order =     5 
  
 File Assignments: 
  MDOUT = bpti_box.out   RESTRT = bpti_box.rst
  REFC =    refc.dat 
  MDVEL = bpti_box.mdvel   MDEN = bpti_box.mden
  MDCRD = bpti_box.mdcrd   
  
 ---------------
   RESULTS 
 -----------------
  
  NSTEP =         0 TIME(PS) =       0.000 TEMP(K) =  301.75 PRESS =     0.0
  Etot =  -7864.25306635362 EKtot =   5635.98981633447
  EPtot = -13500.24288268810
  BOND =    216.91336572225  ANGLE =    668.13554569009
  DIHED =    -24.18234278935
  1-4 NB =    640.97663257030  1-4 EEL =      0.00000000000 
  VDWAALS =   5592.56426695248
  EELEC = -15150.09264166465 EHBOND =      0.00000000000 
  RESTRAINT =      0.00000000000
  EKCMT =      0.00000000000  VIRIAL  = -43348.02146204985
  VOLUME =  91125.00000000000
  E_POLAR =  -5444.55770916921 
                                    Density    =      0.70666895219
  Ewald error estimate: 0.00000000000e+000
 ----------------------------------------------------------------------------
  
  NSTEP =         1 TIME(PS) =       0.001 TEMP(K) =  301.75 PRESS = 13880.5
  Etot =  -7864.25306635360 EKtot =   5635.98981633447
  EPtot = -13500.24288268807
  BOND =    216.91336572225  ANGLE =    668.13554569009
  DIHED =    -24.18234278935
  1-4 NB =    640.97663257030  1-4 EEL =      0.00000000000 
  VDWAALS =   5592.56426695251
  EELEC = -15150.09264166465 EHBOND =      0.00000000000 
  RESTRAINT =      0.00000000000
  EKCMT =   5635.98981633447  VIRIAL  = -43348.02146204971
  VOLUME =  91125.00000000000
  E_POLAR =  -5444.55770916921 
                                    Density    =      0.70666895219
  Ewald error estimate: 0.00000000000e+000
 ----------------------------------------------------------------------------
  
  NSTEP =         2 TIME(PS) =       0.002 TEMP(K) =  276.34 PRESS = 12633.8
  Etot =  -7801.96522349819 EKtot =   5161.45884709146
  EPtot = -12963.42407058965
  BOND =    739.86319008248  ANGLE =    709.36068196977
  DIHED =    -23.47303335971
  1-4 NB =    637.97964416266  1-4 EEL =      0.00000000000 
  VDWAALS =   5600.56841739418
  EELEC = -15171.84237566347 EHBOND =      0.00000000000 
  RESTRAINT =      0.00000000000
  EKCMT =   5635.98981633447  VIRIAL  = -38472.96977976548
  VOLUME =  91181.40887568482
  E_POLAR =  -5455.88059517556 
                                    Density    =      0.70623177534
  Ewald error estimate: 0.00000000000e+000
 ----------------------------------------------------------------------------
  
  NSTEP =         3 TIME(PS) =       0.003 TEMP(K) =  244.11 PRESS =  6971.8
  Etot =  -7731.26950742201 EKtot =   4559.47795769992
  EPtot = -12290.74746512193
  BOND =   1455.15198098784  ANGLE =    808.09338524639
  DIHED =    -21.51672467748
  1-4 NB =    629.20291696320  1-4 EEL =      0.00000000000 
  VDWAALS =   5715.40306371754
  EELEC = -15325.89904415106 EHBOND =      0.00000000000 
  RESTRAINT =      0.00000000000
  EKCMT =   5161.45884709146  VIRIAL  = -17143.63285595222
  VOLUME =  91232.78267027719
  E_POLAR =  -5551.18304320835 
                                    Density    =      0.70583409147
  Ewald error estimate: 0.00000000000e+000
 ----------------------------------------------------------------------------
  
  NSTEP =         4 TIME(PS) =       0.004 TEMP(K) =  248.79 PRESS = -1786.7
  Etot =  -7775.63541889996 EKtot =   4646.90065046915
  EPtot = -12422.53606936911
  BOND =   1446.54909386680  ANGLE =    903.29973380429
  DIHED =    -18.62521358565
  1-4 NB =    617.14791945350  1-4 EEL =      0.00000000000 
  VDWAALS =   5871.22245753839
  EELEC = -15555.49924986391 EHBOND =      0.00000000000 
  RESTRAINT =      0.00000000000
  EKCMT =   4559.47795769992  VIRIAL  =  16160.15743846589
  VOLUME =  91261.14676008833
  E_POLAR =  -5686.63081058253 
                                    Density    =      0.70561471726
  Ewald error estimate: 0.00000000000e+000
 ----------------------------------------------------------------------------
  
  NSTEP =         5 TIME(PS) =       0.005 TEMP(K) =  266.12 PRESS = -8610.0
  Etot =  -7816.32416155915 EKtot =   4970.50939817670
  EPtot = -12786.83355973585
  BOND =   1199.32931250015  ANGLE =    978.21959787326
  DIHED =    -15.21490405881
  1-4 NB =    605.04944961098  1-4 EEL =      0.00000000000 
  VDWAALS =   5985.87022839403
  EELEC = -15746.64755440276 EHBOND =      0.00000000000 
  RESTRAINT =      0.00000000000
  EKCMT =   4646.90065046915  VIRIAL  =  43221.94746890679
  VOLUME =  91253.87035607884
  E_POLAR =  -5793.43968965271 
                                    Density    =      0.70567098159
  Ewald error estimate: 0.00000000000e+000
 ----------------------------------------------------------------------------
  
  NSTEP =         6 TIME(PS) =       0.006 TEMP(K) =  264.30 PRESS = -9613.0
  Etot =  -7812.75636257323 EKtot =   4936.56382747834
  EPtot = -12749.32019005157
  BOND =   1264.80699089685  ANGLE =   1021.83728655273
  DIHED =    -11.69392590994
  1-4 NB =    595.66378404234  1-4 EEL =      0.00000000000 
  VDWAALS =   5994.06957785452
  EELEC = -15795.01424514206 EHBOND =      0.00000000000 
  RESTRAINT =      0.00000000000
  EKCMT =   4970.50939817670  VIRIAL  =  47807.25919699016
  VOLUME =  91218.82442546479
  E_POLAR =  -5818.98965834602 
                                    Density    =      0.70594209774
  Ewald error estimate: 0.00000000000e+000
 ----------------------------------------------------------------------------
  
  NSTEP =         7 TIME(PS) =       0.007 TEMP(K) =  247.20 PRESS = -4764.0
  Etot =  -7782.92625676315 EKtot =   4617.05156100204
  EPtot = -12399.97781776519
  BOND =   1568.22085738259  ANGLE =   1008.04093888749
  DIHED =     -8.38763987508
  1-4 NB =    590.47676350514  1-4 EEL =      0.00000000000 
  VDWAALS =   5874.62116290932
  EELEC = -15689.25809051742 EHBOND =      0.00000000000 
  RESTRAINT =      0.00000000000
  EKCMT =   4936.56382747834  VIRIAL  =  28630.94197049594
  VOLUME =  91179.71113155370
  E_POLAR =  -5743.69181005724 
                                    Density    =      0.70624492520
  Ewald error estimate: 0.00000000000e+000
 ----------------------------------------------------------------------------
  
  NSTEP =         8 TIME(PS) =       0.008 TEMP(K) =  246.11 PRESS =  2656.1
  Etot =  -7732.58603230257 EKtot =   4596.83850845280
  EPtot = -12329.42454075536
  BOND =   1571.03932070170  ANGLE =    921.29895869766
  DIHED =     -5.50643533558
  1-4 NB =    589.56467133260  1-4 EEL =      0.00000000000 
  VDWAALS =   5663.01563445346
  EELEC = -15461.21153613437 EHBOND =      0.00000000000 
  RESTRAINT =      0.00000000000
  EKCMT =   4617.05156100204  VIRIAL  =  -1221.85803173224
  VOLUME =  91160.33351258277
  E_POLAR =  -5607.62515447083 
                                    Density    =      0.70639504911
  Ewald error estimate: 0.00000000000e+000
 ----------------------------------------------------------------------------
  
  NSTEP =         9 TIME(PS) =       0.009 TEMP(K) =  279.84 PRESS =  8652.6
  Etot =  -7788.27482896740 EKtot =   5226.74455490234
  EPtot = -13015.01938386974
  BOND =    893.98096349531  ANGLE =    793.38804758655
  DIHED =     -3.14677984611
  1-4 NB =    591.71401837153  1-4 EEL =      0.00000000000 
  VDWAALS =   5439.57276970372
  EELEC = -15256.39702491876 EHBOND =      0.00000000000 
  RESTRAINT =      0.00000000000
  EKCMT =   4596.83850845280  VIRIAL  = -24871.74915362606
  VOLUME =  91171.12863203733
  E_POLAR =  -5474.13137826198 
                                    Density    =      0.70631140839
  Ewald error estimate: 0.00000000000e+000
 ----------------------------------------------------------------------------
  
  NSTEP =        10 TIME(PS) =       0.010 TEMP(K) =  308.60 PRESS = 11761.0
  Etot =  -7846.48018529766 EKtot =   5763.93974526170
  EPtot = -13610.41993055936
  BOND =    350.42123115448  ANGLE =    707.13296294124
  DIHED =     -1.30811603198
  1-4 NB =    594.77691595144  1-4 EEL =      0.00000000000 
  VDWAALS =   5289.55965764200
  EELEC = -15151.68624135617 EHBOND =      0.00000000000 
  RESTRAINT =      0.00000000000
  EKCMT =   5226.74455490234  VIRIAL  = -35867.40589285109
  VOLUME =  91206.30821280862
  E_POLAR =  -5399.31634086038 
                                    Density    =      0.70603897395
  Ewald error estimate: 0.00000000000e+000
 ----------------------------------------------------------------------------
      A V E R A G E S   O V E R        10    S T E P S 
  
  NSTEP =        10 TIME(PS) =       0.010 TEMP(K) =  268.32 PRESS =  3178.2
  Etot =  -7795.24710436369 EKtot =   5011.54748668689
  EPtot = -12806.79459105058
  BOND =   1070.62763067904  ANGLE =    851.88071392495
  DIHED =    -13.30551154697
  1-4 NB =    609.25527159637  1-4 EEL =      0.00000000000 
  VDWAALS =   5702.64672365597
  EELEC = -15430.35480038146 EHBOND =      0.00000000000 
  RESTRAINT =      0.00000000000
  EKCMT =   4998.75249379417  VIRIAL  =  -2510.53311011180
  VOLUME =  91199.05145765764
  E_POLAR =  -5597.54461897848 
                                    Density    =      0.70609529722
  Ewald error estimate: 0.00000000000e+000
 ----------------------------------------------------------------------------
      R M S  F L U C T U A T I O N S   
  
  NSTEP =        10 TIME(PS) =       0.010 TEMP(K) =   22.06 PRESS =  8441.3
  Etot =    859.79473534695 EKtot =    411.95351048811
  EPtot =    447.84122485884
  BOND =    472.18545216615  ANGLE =    125.32376242792
  DIHED =      8.09813915056
  1-4 NB =     19.36911121220  1-4 EEL =      0.00000000000 
  VDWAALS =    220.73878772846
  EELEC =    241.01158306306 EHBOND =      0.00000000000 
  RESTRAINT =      0.00000000000
  EKCMT =    389.77608211586  VIRIAL  =  32758.53583550288
  VOLUME =     41.09751138044
  E_POLAR =    147.29498175980 
                                    Density    =      0.00031820147
  Ewald error estimate: 0.00000000000e+000
 ----------------------------------------------------------------------------
