| Run on 09/11/2012 at 15:59:41

| Coordinate Index Table dimensions:     6    6    6
| Direct force subcell size =     7.5000    7.5000    7.5000

 BOX TYPE: RECTILINEAR,
 -----------------------------------------------------------------------------
    2.  CONTROL  DATA  FOR  THE  RUN
 -----------------------------------------------------------------------------
  Amber topology and parameter file for the molecule set bpti_box               
  
 General flags:
      imin  =        1  
 Nature and format of input:
      ntx   =        1   irest  =        0 
 Nature and format of output:
      ntxo  =        1   ntpr   =       10  ntwr  =      500 
      iwrap =        0   ntwx   =        0  ntwv  =        0 ntwe  =       10
      ioutfm =       0   ntwprt   =       0   rbornstat  =      0 
 Potential function:
      ntf   =        1   ntb    =        2  igb   =        0 nsnb  =       25 
      ipol  =        0   gbsa    =        0
      dielc =    1.00000  vdw_cutoff =   12.00000  intdiel =    1.00000 
      scnb =    2.00000  scee =    1.20000 
 Frozen or restrained atoms:
      ibelly  =        0   ntr  =        0
 Energy minimization:
      maxcyc  =      500 ncyc    =       10   ntmin  =        2 
      dx0 =    0.01000  drms =    0.00010 
 Ewald parameters:
      pme_verbose =        0 
      vdw_correction_flag =        1   netfrc  =        1   
      Box X =   45.00000  Box Y =   45.00000  Box Z =   45.00000 
      Alpha =   90.00000  Beta  =   90.00000  Gamma =   90.00000 
      pme_grid_nx =       48   pme_grid_ny =       45  pme_grid_nz =       45   
      Cutoff =   12.00000  Tol   =    0.00001 
      Ewald Coefficient =    0.22664 
      Interpolation order =     4 
  
 File Assignments: 
  MDOUT = bpti_box.out   RESTRT = bpti_box.rst
  REFC =    refc.dat 
  MDVEL = bpti_box.mdvel   MDEN = bpti_box.mden
  MDCRD = bpti_box.mdcrd   
  
 ---------------
   RESULTS 
 -----------------
  
    NSTEP       ENERGY          RMS              GMAX          NAME     NUMBER
       1     -1.4629e+004    1.2318e+001    8.0674e+001     CD        776
  
  BOND    =      107.9029  ANGLE   =      190.9572  DIHED      =      522.6857
  VDWAALS =     1197.7028  EEL     =   -18684.5111  HBOND      =        0.0000
  1-4 VDW =      236.8493  1-4 EEL =     1799.5081  RESTRAINT  =        0.0000
  
  
    NSTEP       ENERGY          RMS              GMAX          NAME     NUMBER
      10     -1.4988e+004    8.7354e+000    4.7990e+001     C         231
  
  BOND    =      100.7026  ANGLE   =      178.0944  DIHED      =      520.9505
  VDWAALS =     1172.1210  EEL     =   -18990.2730  HBOND      =        0.0000
  1-4 VDW =      235.3043  1-4 EEL =     1795.1991  RESTRAINT  =        0.0000
  
  
    NSTEP       ENERGY          RMS              GMAX          NAME     NUMBER
      20     -1.5904e+004    2.9532e+000    1.6459e+001     O        4348
  
  BOND    =      380.4666  ANGLE   =      231.0671  DIHED      =      513.3591
  VDWAALS =     1105.0839  EEL     =   -20123.7827  HBOND      =        0.0000
  1-4 VDW =      224.9583  1-4 EEL =     1765.2487  RESTRAINT  =        0.0000
  
  
    NSTEP       ENERGY          RMS              GMAX          NAME     NUMBER
      30     -1.7080e+004    3.9315e+000    6.8355e+001     C         413
  
  BOND    =      450.8424  ANGLE   =      243.4694  DIHED      =      512.4705
  VDWAALS =     1152.6611  EEL     =   -21385.9224  HBOND      =        0.0000
  1-4 VDW =      208.7557  1-4 EEL =     1737.2879  RESTRAINT  =        0.0000
  
  
    NSTEP       ENERGY          RMS              GMAX          NAME     NUMBER
      40     -1.7411e+004    5.2586e+000    1.0106e+002     C         413
  
  BOND    =      485.1558  ANGLE   =      253.2983  DIHED      =      511.8624
  VDWAALS =     1187.8888  EEL     =   -21786.4134  HBOND      =        0.0000
  1-4 VDW =      204.0791  1-4 EEL =     1732.8977  RESTRAINT  =        0.0000
  
  
    NSTEP       ENERGY          RMS              GMAX          NAME     NUMBER
      50     -1.7674e+004    5.0458e+000    9.8487e+001     C         413
  
  BOND    =      488.3893  ANGLE   =      255.5330  DIHED      =      511.3704
  VDWAALS =     1218.5810  EEL     =   -22078.0117  HBOND      =        0.0000
  1-4 VDW =      201.0829  1-4 EEL =     1729.3711  RESTRAINT  =        0.0000
  
  
    NSTEP       ENERGY          RMS              GMAX          NAME     NUMBER
      60     -1.7941e+004    1.2211e+000    8.8080e+000     C         185
  
  BOND    =      440.3487  ANGLE   =      243.5316  DIHED      =      511.1475
  VDWAALS =     1247.2216  EEL     =   -22307.3079  HBOND      =        0.0000
  1-4 VDW =      199.9633  1-4 EEL =     1723.9039  RESTRAINT  =        0.0000
  
  
    NSTEP       ENERGY          RMS              GMAX          NAME     NUMBER
      70     -1.8124e+004    2.4221e+000    4.8255e+001     C         185
  
  BOND    =      458.9651  ANGLE   =      248.3599  DIHED      =      510.7064
  VDWAALS =     1281.7149  EEL     =   -22542.3623  HBOND      =        0.0000
  1-4 VDW =      198.1970  1-4 EEL =     1720.0549  RESTRAINT  =        0.0000
  
  
    NSTEP       ENERGY          RMS              GMAX          NAME     NUMBER
      80     -1.8287e+004    1.7441e+000    3.1586e+001     C         185
  
  BOND    =      459.5935  ANGLE   =      249.7646  DIHED      =      510.1477
  VDWAALS =     1314.0925  EEL     =   -22734.8252  HBOND      =        0.0000
  1-4 VDW =      196.2279  1-4 EEL =     1718.1648  RESTRAINT  =        0.0000
  
  
    NSTEP       ENERGY          RMS              GMAX          NAME     NUMBER
      90     -1.8407e+004    2.9316e+000    6.2751e+001     C         185
  
  BOND    =      479.0729  ANGLE   =      254.6320  DIHED      =      509.7564
  VDWAALS =     1346.7506  EEL     =   -22907.4486  HBOND      =        0.0000
  1-4 VDW =      195.1040  1-4 EEL =     1715.2734  RESTRAINT  =        0.0000
  
  
    NSTEP       ENERGY          RMS              GMAX          NAME     NUMBER
     100     -1.8524e+004    2.9342e+000    6.3513e+001     C         185
  
  BOND    =      485.0328  ANGLE   =      256.9013  DIHED      =      509.2869
  VDWAALS =     1378.2420  EEL     =   -23060.4371  HBOND      =        0.0000
  1-4 VDW =      193.8426  1-4 EEL =     1713.4471  RESTRAINT  =        0.0000
  
  
    NSTEP       ENERGY          RMS              GMAX          NAME     NUMBER
     110     -1.8620e+004    3.2660e+000    7.1149e+001     C         185
  
  BOND    =      495.2632  ANGLE   =      259.8415  DIHED      =      508.8730
  VDWAALS =     1408.5809  EEL     =   -23197.5157  HBOND      =        0.0000
  1-4 VDW =      192.8663  1-4 EEL =     1711.6228  RESTRAINT  =        0.0000
  
  
    NSTEP       ENERGY          RMS              GMAX          NAME     NUMBER
     120     -1.8749e+004    1.0421e+000    1.5912e+001     C         185
  
  BOND    =      477.5035  ANGLE   =      258.2823  DIHED      =      508.0901
  VDWAALS =     1441.1792  EEL     =   -23337.6680  HBOND      =        0.0000
  1-4 VDW =      190.7195  1-4 EEL =     1712.4486  RESTRAINT  =        0.0000
  
  
    NSTEP       ENERGY          RMS              GMAX          NAME     NUMBER
     130     -1.8835e+004    8.0631e-001    5.8713e+000     C         231
  
  BOND    =      480.9042  ANGLE   =      259.8258  DIHED      =      507.7061
  VDWAALS =     1470.0848  EEL     =   -23454.7177  HBOND      =        0.0000
  1-4 VDW =      189.9828  1-4 EEL =     1710.8843  RESTRAINT  =        0.0000
  
  
    NSTEP       ENERGY          RMS              GMAX          NAME     NUMBER
     140     -1.8922e+004    1.0139e+000    1.6430e+001     C         185
  
  BOND    =      486.7011  ANGLE   =      261.9741  DIHED      =      507.2133
  VDWAALS =     1501.8583  EEL     =   -23578.2855  HBOND      =        0.0000
  1-4 VDW =      189.0271  1-4 EEL =     1709.7819  RESTRAINT  =        0.0000
  
  
    NSTEP       ENERGY          RMS              GMAX          NAME     NUMBER
     150     -1.9002e+004    1.1456e+000    2.1851e+001     C         185
  
  BOND    =      492.0694  ANGLE   =      263.8544  DIHED      =      506.7507
  VDWAALS =     1532.8829  EEL     =   -23694.4381  HBOND      =        0.0000
  1-4 VDW =      188.2275  1-4 EEL =     1708.6238  RESTRAINT  =        0.0000
  
  
    NSTEP       ENERGY          RMS              GMAX          NAME     NUMBER
     160     -1.9068e+004    1.9294e+000    4.3486e+001     C         185
  
  BOND    =      502.0732  ANGLE   =      266.7798  DIHED      =      506.2614
  VDWAALS =     1562.2594  EEL     =   -23801.0438  HBOND      =        0.0000
  1-4 VDW =      187.3539  1-4 EEL =     1707.9914  RESTRAINT  =        0.0000
  
  
    NSTEP       ENERGY          RMS              GMAX          NAME     NUMBER
     170     -1.9134e+004    2.2873e+000    5.1966e+001     C         185
  
  BOND    =      509.8335  ANGLE   =      269.1552  DIHED      =      505.8043
  VDWAALS =     1591.5289  EEL     =   -23904.2883  HBOND      =        0.0000
  1-4 VDW =      186.6619  1-4 EEL =     1707.0941  RESTRAINT  =        0.0000
  
  
    NSTEP       ENERGY          RMS              GMAX          NAME     NUMBER
     180     -1.9197e+004    2.2144e+000    5.1206e+001     C         185
  
  BOND    =      512.8490  ANGLE   =      270.3067  DIHED      =      505.4055
  VDWAALS =     1618.1202  EEL     =   -23995.9401  HBOND      =        0.0000
  1-4 VDW =      186.1608  1-4 EEL =     1706.1193  RESTRAINT  =        0.0000
  
  
    NSTEP       ENERGY          RMS              GMAX          NAME     NUMBER
     190     -1.9255e+004    2.4152e+000    5.6809e+001     C         185
  
  BOND    =      518.8964  ANGLE   =      272.0143  DIHED      =      504.9836
  VDWAALS =     1644.8763  EEL     =   -24086.2139  HBOND      =        0.0000
  1-4 VDW =      185.6342  1-4 EEL =     1705.3073  RESTRAINT  =        0.0000
  
  
    NSTEP       ENERGY          RMS              GMAX          NAME     NUMBER
     200     -1.9312e+004    2.5859e+000    5.8557e+001     C         185
  
  BOND    =      524.9191  ANGLE   =      273.6022  DIHED      =      504.5567
  VDWAALS =     1672.2868  EEL     =   -24176.7652  HBOND      =        0.0000
  1-4 VDW =      185.1530  1-4 EEL =     1704.4289  RESTRAINT  =        0.0000
  
  
    NSTEP       ENERGY          RMS              GMAX          NAME     NUMBER
     210     -1.9382e+004    6.2795e-001    5.0935e+000     CG        336
  
  BOND    =      512.3856  ANGLE   =      271.8068  DIHED      =      504.3369
  VDWAALS =     1696.1957  EEL     =   -24254.4494  HBOND      =        0.0000
  1-4 VDW =      185.2327  1-4 EEL =     1702.6489  RESTRAINT  =        0.0000
  
  
    NSTEP       ENERGY          RMS              GMAX          NAME     NUMBER
     220     -1.9438e+004    6.1564e-001    6.2231e+000     CG        336
  
  BOND    =      515.8616  ANGLE   =      273.0777  DIHED      =      503.9074
  VDWAALS =     1723.0918  EEL     =   -24340.3202  HBOND      =        0.0000
  1-4 VDW =      184.7937  1-4 EEL =     1701.9271  RESTRAINT  =        0.0000
  
  
    NSTEP       ENERGY          RMS              GMAX          NAME     NUMBER
     230     -1.9491e+004    1.2158e+000    3.5260e+001     CG        336
  
  BOND    =      522.5638  ANGLE   =      274.7473  DIHED      =      503.4735
  VDWAALS =     1751.2182  EEL     =   -24428.6635  HBOND      =        0.0000
  1-4 VDW =      184.4046  1-4 EEL =     1701.1145  RESTRAINT  =        0.0000
  
  
    NSTEP       ENERGY          RMS              GMAX          NAME     NUMBER
     240     -1.9544e+004    7.7619e-001    1.7663e+001     CG        336
  
  BOND    =      523.3494  ANGLE   =      275.6182  DIHED      =      503.0651
  VDWAALS =     1776.5272  EEL     =   -24506.8298  HBOND      =        0.0000
  1-4 VDW =      184.0389  1-4 EEL =     1700.5346  RESTRAINT  =        0.0000
  
  
    NSTEP       ENERGY          RMS              GMAX          NAME     NUMBER
     250     -1.9587e+004    1.4367e+000    4.3636e+001     CG        336
  
  BOND    =      530.5657  ANGLE   =      277.1616  DIHED      =      502.6809
  VDWAALS =     1801.4980  EEL     =   -24582.8693  HBOND      =        0.0000
  1-4 VDW =      183.7338  1-4 EEL =     1699.9521  RESTRAINT  =        0.0000
  
  
    NSTEP       ENERGY          RMS              GMAX          NAME     NUMBER
     260     -1.9630e+004    1.6766e+000    5.2315e+001     CG        336
  
  BOND    =      535.7176  ANGLE   =      278.4025  DIHED      =      502.3167
  VDWAALS =     1825.4496  EEL     =   -24654.6474  HBOND      =        0.0000
  1-4 VDW =      183.4162  1-4 EEL =     1699.3659  RESTRAINT  =        0.0000
  
  
    NSTEP       ENERGY          RMS              GMAX          NAME     NUMBER
     270     -1.9673e+004    1.7087e+000    5.2451e+001     CG        336
  
  BOND    =      538.8308  ANGLE   =      279.4012  DIHED      =      501.9688
  VDWAALS =     1848.6265  EEL     =   -24723.4281  HBOND      =        0.0000
  1-4 VDW =      183.1701  1-4 EEL =     1698.8934  RESTRAINT  =        0.0000
  
  
    NSTEP       ENERGY          RMS              GMAX          NAME     NUMBER
     280     -1.9711e+004    1.8502e+000    6.1877e+001     C         880
  
  BOND    =      542.9276  ANGLE   =      280.5206  DIHED      =      501.6426
  VDWAALS =     1870.5288  EEL     =   -24787.5681  HBOND      =        0.0000
  1-4 VDW =      182.9025  1-4 EEL =     1698.1865  RESTRAINT  =        0.0000
  
  
    NSTEP       ENERGY          RMS              GMAX          NAME     NUMBER
     290     -1.9746e+004    2.0975e+000    1.4250e+002     C         880
  
  BOND    =      547.2610  ANGLE   =      281.4183  DIHED      =      501.3424
  VDWAALS =     1891.6239  EEL     =   -24848.8474  HBOND      =        0.0000
  1-4 VDW =      182.7331  1-4 EEL =     1698.2416  RESTRAINT  =        0.0000
  
  
    NSTEP       ENERGY          RMS              GMAX          NAME     NUMBER
     300     -1.9781e+004    2.1823e+000    1.1992e+002     C         880
  
  BOND    =      551.1480  ANGLE   =      282.4223  DIHED      =      501.0447
  VDWAALS =     1912.4346  EEL     =   -24908.7476  HBOND      =        0.0000
  1-4 VDW =      182.5223  1-4 EEL =     1697.7481  RESTRAINT  =        0.0000
  
  
    NSTEP       ENERGY          RMS              GMAX          NAME     NUMBER
     310     -1.9828e+004    5.3204e-001    7.0400e+000     C         880
  
  BOND    =      541.5668  ANGLE   =      281.9884  DIHED      =      500.7686
  VDWAALS =     1931.5767  EEL     =   -24963.2492  HBOND      =        0.0000
  1-4 VDW =      182.2787  1-4 EEL =     1697.1210  RESTRAINT  =        0.0000
  
  
    NSTEP       ENERGY          RMS              GMAX          NAME     NUMBER
     320     -1.9863e+004    5.0398e-001    4.7437e+000     CG        336
  
  BOND    =      543.8828  ANGLE   =      282.8079  DIHED      =      500.4922
  VDWAALS =     1951.7541  EEL     =   -25020.4532  HBOND      =        0.0000
  1-4 VDW =      182.0947  1-4 EEL =     1696.7302  RESTRAINT  =        0.0000
  
  
    NSTEP       ENERGY          RMS              GMAX          NAME     NUMBER
     330     -1.9900e+004    7.9232e-001    2.0496e+001     C         880
  
  BOND    =      547.6551  ANGLE   =      283.7510  DIHED      =      500.1910
  VDWAALS =     1974.1705  EEL     =   -25083.5125  HBOND      =        0.0000
  1-4 VDW =      181.8945  1-4 EEL =     1696.2622  RESTRAINT  =        0.0000
  
  
    NSTEP       ENERGY          RMS              GMAX          NAME     NUMBER
     340     -1.9930e+004    1.1729e+000    3.4890e+001     CG        336
  
  BOND    =      552.1926  ANGLE   =      284.6348  DIHED      =      499.9318
  VDWAALS =     1993.9291  EEL     =   -25138.7405  HBOND      =        0.0000
  1-4 VDW =      181.7316  1-4 EEL =     1695.9304  RESTRAINT  =        0.0000
  
  
    NSTEP       ENERGY          RMS              GMAX          NAME     NUMBER
     350     -1.9963e+004    1.2296e+000    3.6789e+001     CG        336
  
  BOND    =      554.8939  ANGLE   =      285.4229  DIHED      =      499.6802
  VDWAALS =     2013.6527  EEL     =   -25193.5128  HBOND      =        0.0000
  1-4 VDW =      181.5779  1-4 EEL =     1695.6025  RESTRAINT  =        0.0000
  
  
    NSTEP       ENERGY          RMS              GMAX          NAME     NUMBER
     360     -1.9993e+004    1.4764e+000    5.0593e+001     C         880
  
  BOND    =      559.0599  ANGLE   =      286.2769  DIHED      =      499.4320
  VDWAALS =     2033.6414  EEL     =   -25248.6291  HBOND      =        0.0000
  1-4 VDW =      181.4130  1-4 EEL =     1695.3369  RESTRAINT  =        0.0000
  
  
    NSTEP       ENERGY          RMS              GMAX          NAME     NUMBER
     370     -2.0023e+004    1.5301e+000    1.0285e+002     C         880
  
  BOND    =      561.2756  ANGLE   =      286.9990  DIHED      =      499.2084
  VDWAALS =     2052.1228  EEL     =   -25299.3193  HBOND      =        0.0000
  1-4 VDW =      181.2990  1-4 EEL =     1695.1047  RESTRAINT  =        0.0000
  
  
    NSTEP       ENERGY          RMS              GMAX          NAME     NUMBER
     380     -2.0058e+004    4.7826e-001    5.9327e+000     CG        336
  
  BOND    =      557.6316  ANGLE   =      287.5200  DIHED      =      498.9995
  VDWAALS =     2069.7963  EEL     =   -25347.4805  HBOND      =        0.0000
  1-4 VDW =      181.1553  1-4 EEL =     1694.4866  RESTRAINT  =        0.0000
  
  
    NSTEP       ENERGY          RMS              GMAX          NAME     NUMBER
     390     -2.0081e+004    1.6398e+000    5.0383e+001     CG        336
  
  BOND    =      567.1318  ANGLE   =      288.5785  DIHED      =      498.7710
  VDWAALS =     2089.1260  EEL     =   -25399.8288  HBOND      =        0.0000
  1-4 VDW =      181.0095  1-4 EEL =     1694.2062  RESTRAINT  =        0.0000
  
  
    NSTEP       ENERGY          RMS              GMAX          NAME     NUMBER
     400     -2.0108e+004    1.7789e+000    5.4876e+001     CG        336
  
  BOND    =      570.5923  ANGLE   =      289.3519  DIHED      =      498.5682
  VDWAALS =     2107.0381  EEL     =   -25448.1431  HBOND      =        0.0000
  1-4 VDW =      180.8916  1-4 EEL =     1693.8658  RESTRAINT  =        0.0000
  
  
    NSTEP       ENERGY          RMS              GMAX          NAME     NUMBER
     410     -2.0146e+004    6.4089e-001    1.5973e+001     CZ        362
  
  BOND    =      564.6299  ANGLE   =      289.7501  DIHED      =      498.3651
  VDWAALS =     2125.9371  EEL     =   -25499.0659  HBOND      =        0.0000
  1-4 VDW =      180.7940  1-4 EEL =     1693.4458  RESTRAINT  =        0.0000
  
  
    NSTEP       ENERGY          RMS              GMAX          NAME     NUMBER
     420     -2.0173e+004    4.5096e-001    7.8672e+000     C         880
  
  BOND    =      565.9857  ANGLE   =      290.2723  DIHED      =      498.1842
  VDWAALS =     2142.6334  EEL     =   -25543.8240  HBOND      =        0.0000
  1-4 VDW =      180.6745  1-4 EEL =     1693.1666  RESTRAINT  =        0.0000
  
  
    NSTEP       ENERGY          RMS              GMAX          NAME     NUMBER
     430     -2.0200e+004    6.1437e-001    2.1974e+001     C         880
  
  BOND    =      568.4521  ANGLE   =      291.0368  DIHED      =      497.9993
  VDWAALS =     2160.0993  EEL     =   -25590.5757  HBOND      =        0.0000
  1-4 VDW =      180.5718  1-4 EEL =     1692.7792  RESTRAINT  =        0.0000
  
  
    NSTEP       ENERGY          RMS              GMAX          NAME     NUMBER
     440     -2.0223e+004    1.0084e+000    3.0062e+001     CZ        362
  
  BOND    =      572.1148  ANGLE   =      291.7911  DIHED      =      497.8364
  VDWAALS =     2176.3533  EEL     =   -25633.9857  HBOND      =        0.0000
  1-4 VDW =      180.4932  1-4 EEL =     1692.5741  RESTRAINT  =        0.0000
  
  
    NSTEP       ENERGY          RMS              GMAX          NAME     NUMBER
     450     -2.0247e+004    1.1169e+000    3.4337e+001     CZ        362
  
  BOND    =      574.6080  ANGLE   =      292.4788  DIHED      =      497.6757
  VDWAALS =     2192.1798  EEL     =   -25676.0671  HBOND      =        0.0000
  1-4 VDW =      180.3882  1-4 EEL =     1692.2251  RESTRAINT  =        0.0000
  
  
    NSTEP       ENERGY          RMS              GMAX          NAME     NUMBER
     460     -2.0270e+004    1.2311e+000    3.8385e+001     CZ        362
  
  BOND    =      577.1797  ANGLE   =      293.1241  DIHED      =      497.5213
  VDWAALS =     2207.9613  EEL     =   -25717.9680  HBOND      =        0.0000
  1-4 VDW =      180.2988  1-4 EEL =     1691.9563  RESTRAINT  =        0.0000
  
  
    NSTEP       ENERGY          RMS              GMAX          NAME     NUMBER
     470     -2.0293e+004    1.3187e+000    8.4802e+001     C         880
  
  BOND    =      579.2308  ANGLE   =      293.7911  DIHED      =      497.3704
  VDWAALS =     2223.2512  EEL     =   -25758.5350  HBOND      =        0.0000
  1-4 VDW =      180.2107  1-4 EEL =     1691.5606  RESTRAINT  =        0.0000
  
  
    NSTEP       ENERGY          RMS              GMAX          NAME     NUMBER
     480     -2.0320e+004    4.2503e-001    5.6586e+000     CZ        362
  
  BOND    =      576.8768  ANGLE   =      293.6711  DIHED      =      497.2312
  VDWAALS =     2237.8223  EEL     =   -25797.0865  HBOND      =        0.0000
  1-4 VDW =      180.1318  1-4 EEL =     1691.5733  RESTRAINT  =        0.0000
  
  
    NSTEP       ENERGY          RMS              GMAX          NAME     NUMBER
     490     -2.0336e+004    1.6372e+000    1.3940e+002     C         880
  
  BOND    =      584.7375  ANGLE   =      295.1030  DIHED      =      497.0928
  VDWAALS =     2252.8561  EEL     =   -25836.9719  HBOND      =        0.0000
  1-4 VDW =      180.0502  1-4 EEL =     1691.0012  RESTRAINT  =        0.0000
  
  
    NSTEP       ENERGY          RMS              GMAX          NAME     NUMBER
     500     -2.0357e+004    1.7266e+000    1.2565e+002     C         880
  
  BOND    =      587.4798  ANGLE   =      295.3486  DIHED      =      496.9730
  VDWAALS =     2267.8904  EEL     =   -25876.4695  HBOND      =        0.0000
  1-4 VDW =      180.0310  1-4 EEL =     1691.3925  RESTRAINT  =        0.0000
  
   Maximum number of minimization cycles reached. 
                   FINAL RESULTS        
  
    NSTEP       ENERGY          RMS              GMAX          NAME     NUMBER
     500     -2.0357e+004    1.7266e+000    1.2565e+002     C         880
  
  BOND    =      587.4798  ANGLE   =      295.3486  DIHED      =      496.9730
  VDWAALS =     2267.8904  EEL     =   -25876.4695  HBOND      =        0.0000
  1-4 VDW =      180.0310  1-4 EEL =     1691.3925  RESTRAINT  =        0.0000
  
