| Run on 05/29/2012 at 15:50:40

| Coordinate Index Table dimensions:     6    6    6
| Direct force subcell size =     7.5000    7.5000    7.5000

 BOX TYPE: RECTILINEAR,
 -----------------------------------------------------------------------------
    2.  CONTROL  DATA  FOR  THE  RUN
 -----------------------------------------------------------------------------
  Amber topology and parameter file for the molecule set bpti_box               
  
 General flags:
      imin  =        0  
 Nature and format of input:
      ntx   =        1   irest  =        0 
 Nature and format of output:
      ntxo  =        1   ntpr   =       10  ntwr  =      500 
      iwrap =        0   ntwx   =       10  ntwv  =        0 ntwe  =       10
      ioutfm =       0   ntwprt   =       0   rbornstat  =      0 
 Potential function:
      ntf   =        1   ntb    =        2  igb   =        0 nsnb  =       25 
      ipol  =        0   gbsa    =        0
      dielc =    1.00000  vdw_cutoff =   12.00000  intdiel =    1.00000 
      scnb =    2.00000  scee =    1.20000 
 Frozen or restrained atoms:
      ibelly  =        0   ntr  =        0
 Molecular dynamics:
      nstlim =      100 nscm    =     1000   nrespa  =        1 
      dt     =    0.00100  vlimit =   20.00000  
 Berendsen (weak-coupling) temperature regulation:
      temp0 =  300.00000  tempi =  300.00000  tautp =    0.50000 
 Pressure regulation:
      ntp =        1 
      pres0 =    1.00000  comp =   44.60000  taup =    1.00000 
 Ewald parameters:
      pme_verbose =        0 
      vdw_correction_flag =        1   netfrc  =        1   
      Box X =   45.00000  Box Y =   45.00000  Box Z =   45.00000 
      Alpha =   90.00000  Beta  =   90.00000  Gamma =   90.00000 
      pme_grid_nx =       48   pme_grid_ny =       45  pme_grid_nz =       45   
      Cutoff =   12.00000  Tol   =    0.00001 
      Ewald Coefficient =    0.22664 
      Interpolation order =     4 
  
 File Assignments: 
  MDOUT = bpti_box.out   RESTRT = bpti_box.rst
  REFC =    refc.dat 
  MDVEL = bpti_box.mdvel   MDEN = bpti_box.mden
  MDCRD = bpti_box.mdcrd   
 | Running MD/MIN simulations on 4  nodes 
  
 ---------------
   RESULTS 
 -----------------
  
  NSTEP =         0 TIME(PS) =       0.000 TEMP(K) =  301.75 PRESS =     0.0
  Etot =  -8992.91527953640 EKtot =   5635.98981643843
  EPtot = -14628.90509597484
  BOND =    107.90289003080  ANGLE =    190.95720255238
  DIHED =    522.68571518684
  1-4 NB =    236.84931421799  1-4 EEL =   1799.50811639180 
  VDWAALS =   1197.70278046428
  EELEC = -18684.51111481893 EHBOND =      0.00000000000 
  RESTRAINT =      0.00000000000
  EKCMT =   1635.52503315233  VIRIAL  =   4882.94260476347
  VOLUME =  91125.00000000000
                                   Density    =      0.70675410806
  Ewald error estimate: 5.69474767813e-004
 ----------------------------------------------------------------------------
  
  NSTEP =        10 TIME(PS) =       0.010 TEMP(K) =  295.22 PRESS = -2085.9
  Etot =  -8962.11576491888 EKtot =   5513.96796636322
  EPtot = -14476.08373128210
  BOND =    291.04440943408  ANGLE =   1015.31921534682
  DIHED =    576.71602194910
  1-4 NB =    235.66385625859  1-4 EEL =   1771.25106920342 
  VDWAALS =   1226.99961616232
  EELEC = -19593.07791963643 EHBOND =      0.00000000000 
  RESTRAINT =      0.00000000000
  EKCMT =   1630.67759048092  VIRIAL  =   5730.29374458995
  VOLUME =  91029.37504045726
                                   Density    =      0.70749654239
  Ewald error estimate: 3.49602477033e-004
 ----------------------------------------------------------------------------
  
  NSTEP =        20 TIME(PS) =       0.020 TEMP(K) =  277.97 PRESS = -1912.5
  Etot =  -8879.09968876019 EKtot =   5191.84057878661
  EPtot = -14070.94026754679
  BOND =   1160.14822640897  ANGLE =    972.31723548745
  DIHED =    591.37291661598
  1-4 NB =    234.30191052866  1-4 EEL =   1696.66319452537 
  VDWAALS =   1360.43903912000
  EELEC = -20086.18279023321 EHBOND =      0.00000000000 
  RESTRAINT =      0.00000000000
  EKCMT =   1618.23210012134  VIRIAL  =   5373.01226147917
  VOLUME =  90927.74563656944
                                   Density    =      0.70828730710
  Ewald error estimate: 2.90361141823e-004
 ----------------------------------------------------------------------------
  
  NSTEP =        30 TIME(PS) =       0.030 TEMP(K) =  290.26 PRESS = -1858.9
  Etot =  -8890.53069600696 EKtot =   5421.44324666776
  EPtot = -14311.97394267473
  BOND =   1557.81029586834  ANGLE =    530.69721153834
  DIHED =    577.44305866139
  1-4 NB =    225.62343945117  1-4 EEL =   1704.99086799674 
  VDWAALS =   1459.17853317965
  EELEC = -20367.71734937035 EHBOND =      0.00000000000 
  RESTRAINT =      0.00000000000
  EKCMT =   1647.88614640986  VIRIAL  =   5293.78012949806
  VOLUME =  90837.34033777991
                                   Density    =      0.70899222564
  Ewald error estimate: 2.49160408028e-004
 ----------------------------------------------------------------------------
  
  NSTEP =        40 TIME(PS) =       0.040 TEMP(K) =  308.90 PRESS = -2369.8
  Etot =  -8968.15170340696 EKtot =   5769.47413081319
  EPtot = -14737.62583422015
  BOND =   1323.62833384080  ANGLE =   1052.99275580531
  DIHED =    573.03992090159
  1-4 NB =    208.64601535869  1-4 EEL =   1734.90075924032 
  VDWAALS =   1517.18167143362
  EELEC = -21148.01529080048 EHBOND =      0.00000000000 
  RESTRAINT =      0.00000000000
  EKCMT =   1714.20147657034  VIRIAL  =   6357.55498521693
  VOLUME =  90750.68578425064
                                   Density    =      0.70966921672
  Ewald error estimate: 2.19540797726e-004
 ----------------------------------------------------------------------------
  
  NSTEP =        50 TIME(PS) =       0.050 TEMP(K) =  316.48 PRESS = -2587.5
  Etot =  -8962.25272505463 EKtot =   5911.06516547703
  EPtot = -14873.31789053166
  BOND =   1884.66897512190  ANGLE =    888.61007689420
  DIHED =    574.84711730437
  1-4 NB =    194.43436168428  1-4 EEL =   1667.29606645540 
  VDWAALS =   1569.49385422645
  EELEC = -21652.66834221825 EHBOND =      0.00000000000 
  RESTRAINT =      0.00000000000
  EKCMT =   1783.36156538763  VIRIAL  =   6849.01472675346
  VOLUME =  90673.20062569129
                                   Density    =      0.71027566748
  Ewald error estimate: 3.03746306096e-004
 ----------------------------------------------------------------------------
  
  NSTEP =        60 TIME(PS) =       0.060 TEMP(K) =  266.89 PRESS = -2166.7
  Etot =  -8864.29645584332 EKtot =   4984.85062470166
  EPtot = -13849.14708054498
  BOND =   2606.91002796292  ANGLE =    949.55955130532
  DIHED =    582.26609579348
  1-4 NB =    185.65326599800  1-4 EEL =   1669.78949226974 
  VDWAALS =   1617.85022676870
  EELEC = -21461.17574064312 EHBOND =      0.00000000000 
  RESTRAINT =      0.00000000000
  EKCMT =   1841.39147347422  VIRIAL  =   6079.74386036921
  VOLUME =  90599.68752379596
                                   Density    =      0.71085198920
  Ewald error estimate: 4.20641298509e-004
 ----------------------------------------------------------------------------
  
  NSTEP =        70 TIME(PS) =       0.070 TEMP(K) =  303.33 PRESS = -1600.1
  Etot =  -8929.82090069603 EKtot =   5665.47336591863
  EPtot = -14595.29426661466
  BOND =   1861.08625944917  ANGLE =    618.50658456653
  DIHED =    576.41298372765
  1-4 NB =    191.01288095022  1-4 EEL =   1684.21705268492 
  VDWAALS =   1693.96304015417
  EELEC = -21220.49306814733 EHBOND =      0.00000000000 
  RESTRAINT =      0.00000000000
  EKCMT =   1865.99933693335  VIRIAL  =   4993.85213230169
  VOLUME =  90534.01137440560
                                   Density    =      0.71136766304
  Ewald error estimate: 6.23325649022e-004
 ----------------------------------------------------------------------------
  
  NSTEP =        80 TIME(PS) =       0.080 TEMP(K) =  319.68 PRESS = -1128.6
  Etot =  -8984.05253038429 EKtot =   5970.98256934921
  EPtot = -14955.03509973350
  BOND =    880.47866878592  ANGLE =   1130.12740074357
  DIHED =    583.95335415817
  1-4 NB =    179.37146419908  1-4 EEL =   1672.82322895362 
  VDWAALS =   1743.85606660090
  EELEC = -21145.64528317478 EHBOND =      0.00000000000 
  RESTRAINT =      0.00000000000
  EKCMT =   1891.38959083805  VIRIAL  =   4096.16171688769
  VOLUME =  90481.42908414498
                                   Density    =      0.71178106656
  Ewald error estimate: 5.16290633122e-004
 ----------------------------------------------------------------------------
  
  NSTEP =        90 TIME(PS) =       0.090 TEMP(K) =  304.64 PRESS =  -630.6
  Etot =  -8930.68036629132 EKtot =   5689.95088992367
  EPtot = -14620.63125621499
  BOND =    947.63299777179  ANGLE =    971.00433155476
  DIHED =    580.05302795209
  1-4 NB =    179.41567311066  1-4 EEL =   1666.56266551863 
  VDWAALS =   1761.19160183153
  EELEC = -20726.49155395446 EHBOND =      0.00000000000 
  RESTRAINT =      0.00000000000
  EKCMT =   1933.79950926026  VIRIAL  =   3165.16761709519
  VOLUME =  90439.46037208522
                                   Density    =      0.71211137077
  Ewald error estimate: 5.05627062748e-004
 ----------------------------------------------------------------------------
  
  NSTEP =       100 TIME(PS) =       0.100 TEMP(K) =  304.08 PRESS =  -398.4
  Etot =  -8907.69719924645 EKtot =   5679.59805663706
  EPtot = -14587.29525588351
  BOND =   1112.84932699867  ANGLE =    587.74935313331
  DIHED =    580.64945656003
  1-4 NB =    182.75798548179  1-4 EEL =   1677.33020618762 
  VDWAALS =   1777.66063290151
  EELEC = -20506.29221714643 EHBOND =      0.00000000000 
  RESTRAINT =      0.00000000000
  EKCMT =   1947.53204122430  VIRIAL  =   2725.09344568851
  VOLUME =  90394.66940035841
                                   Density    =      0.71246422521
  Ewald error estimate: 6.37057813450e-004
 ----------------------------------------------------------------------------
      A V E R A G E S   O V E R       100    S T E P S 
  
  NSTEP =       100 TIME(PS) =       0.100 TEMP(K) =  296.64 PRESS = -1807.1
  Etot =  -8927.45772397399 EKtot =   5540.65231477792
  EPtot = -14468.11003875191
  BOND =   1438.24294573026  ANGLE =    849.31768315287
  DIHED =    577.07342527312
  1-4 NB =    203.93675048098  1-4 EEL =   1701.31941608129 
  VDWAALS =   1546.62587857898
  EELEC = -20784.62613804941 EHBOND =      0.00000000000 
  RESTRAINT =      0.00000000000
  EKCMT =   1773.67421361716  VIRIAL  =   5315.10571692873
  VOLUME =  90699.72369686695
                                   Density    =      0.71007193406
  Ewald error estimate: 3.60331585523e-004
 ----------------------------------------------------------------------------
      R M S  F L U C T U A T I O N S   
  
  NSTEP =       100 TIME(PS) =       0.100 TEMP(K) =   20.04 PRESS =   729.7
  Etot =    783.35165619924 EKtot =    374.37545854802
  EPtot =    408.97619765121
  BOND =    603.84734319536  ANGLE =    227.54549513601
  DIHED =     13.09861984855
  1-4 NB =     22.10717382877  1-4 EEL =     39.77347072915 
  VDWAALS =    186.84349608292
  EELEC =    654.95877291488 EHBOND =      0.00000000000 
  RESTRAINT =      0.00000000000
  EKCMT =    119.23190262528  VIRIAL  =   1351.57924114285
  VOLUME =    214.57080169405
                                   Density    =      0.00167836168
  Ewald error estimate: 1.52763802807e-004
 ----------------------------------------------------------------------------
