| Run on 05/29/2012 at 15:54:00

| Coordinate Index Table dimensions:     6    6    6
| Direct force subcell size =     7.5000    7.5000    7.5000

 BOX TYPE: RECTILINEAR,
 -----------------------------------------------------------------------------
    2.  CONTROL  DATA  FOR  THE  RUN
 -----------------------------------------------------------------------------
  Amber topology and parameter file for the molecule set bpti_box               
  
 General flags:
      imin  =        0  
 Nature and format of input:
      ntx   =        1   irest  =        0 
 Nature and format of output:
      ntxo  =        1   ntpr   =        1  ntwr  =      500 
      iwrap =        0   ntwx   =        1  ntwv  =        0 ntwe  =        1
      ioutfm =       0   ntwprt   =       0   rbornstat  =      0 
 Potential function:
      ntf   =        1   ntb    =        2  igb   =        0 nsnb  =       25 
      ipol  =        0   gbsa    =        0
      dielc =    1.00000  vdw_cutoff =   12.00000  intdiel =    1.00000 
      scnb =    2.00000  scee =    1.20000 
 Frozen or restrained atoms:
      ibelly  =        0   ntr  =        0
 Molecular dynamics:
      nstlim =       10 nscm    =     1000   nrespa  =        1 
      dt     =    0.00100  vlimit =   20.00000  
 Berendsen (weak-coupling) temperature regulation:
      temp0 =  300.00000  tempi =  300.00000  tautp =    0.50000 
 Pressure regulation:
      ntp =        1 
      pres0 =    1.00000  comp =   44.60000  taup =    1.00000 
 Ewald parameters:
      pme_verbose =        0 
      vdw_correction_flag =        1   netfrc  =        1   
      Box X =   45.00000  Box Y =   45.00000  Box Z =   45.00000 
      Alpha =   90.00000  Beta  =   90.00000  Gamma =   90.00000 
      pme_grid_nx =       48   pme_grid_ny =       45  pme_grid_nz =       45   
      Cutoff =   12.00000  Tol   =    0.00001 
      Ewald Coefficient =    0.22664 
      Interpolation order =     5 
  
 File Assignments: 
  MDOUT = bpti_box.out   RESTRT = bpti_box.rst
  REFC =    refc.dat 
  MDVEL = bpti_box.mdvel   MDEN = bpti_box.mden
  MDCRD = bpti_box.mdcrd   
 | Running MD/MIN simulations on 4  nodes 
  
 ---------------
   RESULTS 
 -----------------
  
  NSTEP =         0 TIME(PS) =       0.000 TEMP(K) =  301.75 PRESS =     0.0
  Etot =  -7864.25306635277 EKtot =   5635.98981633450
  EPtot = -13500.24288268728
  BOND =    216.91336572225  ANGLE =    668.13554569009
  DIHED =    -24.18234278935
  1-4 NB =    640.97663257030  1-4 EEL =      0.00000000000 
  VDWAALS =   5592.56426695259
  EELEC = -15150.09264166388 EHBOND =      0.00000000000 
  RESTRAINT =      0.00000000000
  EKCMT =      0.00000000000  VIRIAL  = -43348.02146204980
  VOLUME =  91125.00000000000
  E_POLAR =  -5444.55770916927 
                                    Density    =      0.70666895219
  Ewald error estimate: 0.00000000000e+000
 ----------------------------------------------------------------------------
  
  NSTEP =         1 TIME(PS) =       0.001 TEMP(K) =  301.75 PRESS = 13880.5
  Etot =  -7864.25306635278 EKtot =   5635.98981633450
  EPtot = -13500.24288268728
  BOND =    216.91336572225  ANGLE =    668.13554569009
  DIHED =    -24.18234278935
  1-4 NB =    640.97663257030  1-4 EEL =      0.00000000000 
  VDWAALS =   5592.56426695257
  EELEC = -15150.09264166387 EHBOND =      0.00000000000 
  RESTRAINT =      0.00000000000
  EKCMT =   5635.98981633450  VIRIAL  = -43348.02146204970
  VOLUME =  91125.00000000000
  E_POLAR =  -5444.55770916928 
                                    Density    =      0.70666895219
  Ewald error estimate: 0.00000000000e+000
 ----------------------------------------------------------------------------
  
  NSTEP =         2 TIME(PS) =       0.002 TEMP(K) =  276.34 PRESS = 12672.8
  Etot =  -7798.09798151255 EKtot =   5161.41349836354
  EPtot = -12959.51147987609
  BOND =    739.86319008248  ANGLE =    709.36068196977
  DIHED =    -23.47303335971
  1-4 NB =    637.97964416266  1-4 EEL =      0.00000000000 
  VDWAALS =   5620.11171080952
  EELEC = -15179.79837840182 EHBOND =      0.00000000000 
  RESTRAINT =      0.00000000000
  EKCMT =   5635.98981633450  VIRIAL  = -38626.40434160252
  VOLUME =  91181.40887568482
  E_POLAR =  -5463.55529513899 
                                    Density    =      0.70623177534
  Ewald error estimate: 0.00000000000e+000
 ----------------------------------------------------------------------------
  
  NSTEP =         3 TIME(PS) =       0.003 TEMP(K) =  244.11 PRESS =  7033.8
  Etot =  -7731.87513966145 EKtot =   4559.40187107037
  EPtot = -12291.27701073182
  BOND =   1455.10281340677  ANGLE =    808.13083679373
  DIHED =    -21.51664420562
  1-4 NB =    629.20286940367  1-4 EEL =      0.00000000000 
  VDWAALS =   5753.13007519812
  EELEC = -15349.02169681857 EHBOND =      0.00000000000 
  RESTRAINT =      0.00000000000
  EKCMT =   5161.41349836354  VIRIAL  = -17388.17039147583
  VOLUME =  91232.94114143308
  E_POLAR =  -5566.30526450992 
                                    Density    =      0.70583286544
  Ewald error estimate: 0.00000000000e+000
 ----------------------------------------------------------------------------
  
  NSTEP =         4 TIME(PS) =       0.004 TEMP(K) =  248.80 PRESS = -1699.8
  Etot =  -7773.67155591024 EKtot =   4647.07357566131
  EPtot = -12420.74513157155
  BOND =   1446.31785436697  ANGLE =    903.41463775527
  DIHED =    -18.62478884137
  1-4 NB =    617.14763153013  1-4 EEL =      0.00000000000 
  VDWAALS =   5919.41868524835
  EELEC = -15582.87425225267 EHBOND =      0.00000000000 
  RESTRAINT =      0.00000000000
  EKCMT =   4559.40187107037  VIRIAL  =  15817.63602580844
  VOLUME =  91261.55770220926
  E_POLAR =  -5705.54489937822 
                                    Density    =      0.70561153995
  Ewald error estimate: 0.00000000000e+000
 ----------------------------------------------------------------------------
  
  NSTEP =         5 TIME(PS) =       0.005 TEMP(K) =  266.15 PRESS = -8519.0
  Etot =  -7811.96877169714 EKtot =   4971.11172984316
  EPtot = -12783.08050154030
  BOND =   1198.93805930837  ANGLE =    978.43952307907
  DIHED =    -15.21395058165
  1-4 NB =    605.04844989502  1-4 EEL =      0.00000000000 
  VDWAALS =   6031.48841594150
  EELEC = -15770.05650039716 EHBOND =      0.00000000000 
  RESTRAINT =      0.00000000000
  EKCMT =   4647.07357566131  VIRIAL  =  42864.00992855922
  VOLUME =  91254.63490592447
  E_POLAR =  -5811.72449878545 
                                    Density    =      0.70566506934
  Ewald error estimate: 0.00000000000e+000
 ----------------------------------------------------------------------------
  
  NSTEP =         6 TIME(PS) =       0.006 TEMP(K) =  264.34 PRESS = -9545.7
  Etot =  -7811.64197953673 EKtot =   4937.35256650005
  EPtot = -12748.99454603678
  BOND =   1264.56441213740  ANGLE =   1022.20024530584
  DIHED =    -11.69258667309
  1-4 NB =    595.66153686090  1-4 EEL =      0.00000000000 
  VDWAALS =   6026.47159343614
  EELEC = -15814.48426512687 EHBOND =      0.00000000000 
  RESTRAINT =      0.00000000000
  EKCMT =   4971.11172984316  VIRIAL  =  47543.62058960362
  VOLUME =  91219.95901956354
  E_POLAR =  -5831.71548197710 
                                    Density    =      0.70593331723
  Ewald error estimate: 0.00000000000e+000
 ----------------------------------------------------------------------------
  
  NSTEP =         7 TIME(PS) =       0.007 TEMP(K) =  247.24 PRESS = -4718.3
  Etot =  -7780.15396833407 EKtot =   4617.94442352605
  EPtot = -12398.09839186012
  BOND =   1568.23603617915  ANGLE =   1008.56496108041
  DIHED =     -8.38590820503
  1-4 NB =    590.47330240844  1-4 EEL =      0.00000000000 
  VDWAALS =   5892.32885291298
  EELEC = -15697.99196726416 EHBOND =      0.00000000000 
  RESTRAINT =      0.00000000000
  EKCMT =   4937.35256650005  VIRIAL  =  28452.65644285304
  VOLUME =  91181.11926253345
  E_POLAR =  -5751.32366897191 
                                    Density    =      0.70623401850
  Ewald error estimate: 0.00000000000e+000
 ----------------------------------------------------------------------------
  
  NSTEP =         8 TIME(PS) =       0.008 TEMP(K) =  246.19 PRESS =  2679.4
  Etot =  -7732.43142073246 EKtot =   4598.26814550155
  EPtot = -12330.69956623401
  BOND =   1570.87938053405  ANGLE =    921.95422480703
  DIHED =     -5.50424798493
  1-4 NB =    589.56030934244  1-4 EEL =      0.00000000000 
  VDWAALS =   5673.65917540853
  EELEC = -15468.89221931135 EHBOND =      0.00000000000 
  RESTRAINT =      0.00000000000
  EKCMT =   4617.94442352605  VIRIAL  =  -1311.76091085621
  VOLUME =  91161.92741063116
  E_POLAR =  -5612.35618902979 
                                    Density    =      0.70638269832
  Ewald error estimate: 0.00000000000e+000
 ----------------------------------------------------------------------------
  
  NSTEP =         9 TIME(PS) =       0.009 TEMP(K) =  279.94 PRESS =  8674.2
  Etot =  -7787.60575609125 EKtot =   5228.73386660580
  EPtot = -13016.33962269705
  BOND =    893.63114546149  ANGLE =    794.12259618956
  DIHED =     -3.14419824455
  1-4 NB =    591.70882595264  1-4 EEL =      0.00000000000 
  VDWAALS =   5453.96556130128
  EELEC = -15266.11620546421 EHBOND =      0.00000000000 
  RESTRAINT =      0.00000000000
  EKCMT =   4598.26814550155  VIRIAL  = -24954.41649869224
  VOLUME =  91172.81722835975
  E_POLAR =  -5480.50734789326 
                                    Density    =      0.70629832691
  Ewald error estimate: 0.00000000000e+000
 ----------------------------------------------------------------------------
  
  NSTEP =        10 TIME(PS) =       0.010 TEMP(K) =  308.71 PRESS = 11807.9
  Etot =  -7838.87532524709 EKtot =   5765.98296116190
  EPtot = -13604.85828640899
  BOND =    350.45203460550  ANGLE =    707.91411398632
  DIHED =     -1.30511303671
  1-4 NB =    594.77064110085  1-4 EEL =      0.00000000000 
  VDWAALS =   5315.71540147704
  EELEC = -15162.33006395073 EHBOND =      0.00000000000 
  RESTRAINT =      0.00000000000
  EKCMT =   5228.73386660580  VIRIAL  = -36049.03352450389
  VOLUME =  91208.08514314452
  E_POLAR =  -5410.07530059128 
                                    Density    =      0.70602521879
  Ewald error estimate: 0.00000000000e+000
 ----------------------------------------------------------------------------
      A V E R A G E S   O V E R        10    S T E P S 
  
  NSTEP =        10 TIME(PS) =       0.010 TEMP(K) =  268.36 PRESS =  3226.6
  Etot =  -7793.05749650758 EKtot =   5012.32724545682
  EPtot = -12805.38474196440
  BOND =   1070.48982918044  ANGLE =    852.22373666571
  DIHED =    -13.30428139220
  1-4 NB =    609.25298432271  1-4 EEL =      0.00000000000 
  VDWAALS =   5727.88537386860
  EELEC = -15444.16581906514 EHBOND =      0.00000000000 
  RESTRAINT =      0.00000000000
  EKCMT =   4999.32793097408  VIRIAL  =  -2699.98841423561
  VOLUME =  91199.94506894841
  E_POLAR =  -5607.76656554452 
                                    Density    =      0.70608837820
  Ewald error estimate: 0.00000000000e+000
 ----------------------------------------------------------------------------
      R M S  F L U C T U A T I O N S   
  
  NSTEP =        10 TIME(PS) =       0.010 TEMP(K) =   22.07 PRESS =  8422.2
  Etot =    859.09375186219 EKtot =    412.17287445629
  EPtot =    446.92087740591
  BOND =    472.13545794439  ANGLE =    125.37598414651
  DIHED =      8.09919182306
  1-4 NB =     19.37099229678  1-4 EEL =      0.00000000000 
  VDWAALS =    228.79599967410
  EELEC =    245.79956562213 EHBOND =      0.00000000000 
  RESTRAINT =      0.00000000000
  EKCMT =    389.63226600273  VIRIAL  =  32683.24660094261
  VOLUME =     41.03496259873
  E_POLAR =    150.45666165700 
                                    Density    =      0.00031771492
  Ewald error estimate: 0.00000000000e+000
 ----------------------------------------------------------------------------
