 GLN001:A.CA        4.7626 
 PRO002:A.CA        3.0002 
 PHE003:A.CA        0.4616 
 GLN004:A.CA        0.5584 
 SER005:A.CA        0.5840 
 THR006:A.CA        0.4035 
 LEU007:A.CA        0.3626 
 TRP008:A.CA        0.4215 
 LEU009:A.CA        0.5102 
 LEU010:A.CA        0.5691 
 VAL011:A.CA        0.4851 
 GLY012:A.CA        0.4848 
 LEU013:A.CA        0.3944 
 SER014:A.CA        0.4993 
 VAL015:A.CA        0.4787 
 HIS016:A.CA        0.5030 
 VAL017:A.CA        0.4642 
 VAL018:A.CA        0.5249 
 ALA019:A.CA        0.6774 
 VAL020:A.CA        0.8020 
 MET021:A.CA        1.0271 
 LEU022:A.CA        1.0059 
 TYR023:A.CA        1.0842 
 LEU024:A.CA        1.4682 
 LEU025:A.CA        0.8825 
 ASP026:A.CA        1.1044 
 ARG027:A.CA        0.7686 
 PHE028:A.CA        1.2517 
 SER029:A.CA        0.8765 
 PRO030:A.CA        0.6330 
 PHE031:A.CA        1.4610 
 GLY032:A.CA        1.0911 
 ARG033:A.CA        0.7571 
 PHE034:A.CA        0.7190 
 LYS035:A.CA        1.9100 
 VAL036:A.CA        1.5948 
 ASN037:A.CA        1.1040 
 SER038:A.CA        1.1395 
 GLU039:A.CA        1.5820 
 GLU040:A.CA        1.1314 
 GLU041:A.CA        1.4595 
 GLU042:A.CA        2.7716 
 GLU043:A.CA        0.8302 
 ASP044:A.CA        1.4991 
 ALA045:A.CA        2.0908 
 LEU046:A.CA        0.9322 
 THR047:A.CA        1.0632 
 LEU048:A.CA        0.6288 
 SER049:A.CA        1.3113 
 SER050:A.CA        0.4204 
 ALA051:A.CA        0.8655 
 MET052:A.CA        1.0428 
 TRP053:A.CA        0.5769 
 PHE054:A.CA        0.4896 
 SER055:A.CA        0.5804 
 TRP056:A.CA        0.4828 
 GLY057:A.CA        0.6239 
 VAL058:A.CA        0.3848 
 LEU059:A.CA        0.5402 
 LEU060:A.CA        0.6407 
 ASN061:A.CA        0.7248 
 SER062:A.CA        0.8333 
 GLY063:A.CA        1.9621 
 ILE064:A.CA        0.8315 
 GLY065:A.CA        1.1114 
 GLU066:A.CA        0.7910 
 GLY067:A.CA        0.8178 
 ALA068:A.CA        0.9389 
 PRO069:A.CA        0.6798 
 ARG070:A.CA        0.5614 
 SER071:A.CA        0.7846 
 PHE072:A.CA        0.6198 
 SER073:A.CA        0.4864 
 ALA074:A.CA        0.5023 
 ARG075:A.CA        0.7594 
 ILE076:A.CA        0.7395 
 LEU077:A.CA        0.8276 
 GLY078:A.CA        0.8334 
 MET079:A.CA        0.6684 
 VAL080:A.CA        0.6071 
 TRP081:A.CA        0.5308 
 ALA082:A.CA        0.4373 
 GLY083:A.CA        0.6200 
 PHE084:A.CA        0.8576 
 ALA085:A.CA        0.6217 
 MET086:A.CA        0.6385 
 ILE087:A.CA        0.5071 
 ILE088:A.CA        0.8347 
 VAL089:A.CA        1.2755 
 ALA090:A.CA        1.0443 
 SER091:A.CA        0.8859 
 TYR092:A.CA        1.0200 
 THR093:A.CA        0.8806 
 ALA094:A.CA        0.6779 
 ASN095:A.CA        0.7729 
 LEU096:A.CA        0.8150 
 ALA097:A.CA        0.6451 
 ALA098:A.CA        0.8275 
 PHE099:A.CA        1.6848 
 LEU100:A.CA        1.8927 
 VAL101:A.CA        1.5321 
 LEU102:A.CA        3.6915 
 GLU103:B.CA        0.9167 
 PRO104:B.CA        0.7323 
 PHE105:B.CA        0.4605 
 SER106:B.CA        0.9411 
 ALA107:B.CA        0.9547 
 SER108:B.CA        0.4787 
 VAL109:B.CA        0.5040 
 TRP110:B.CA        0.4542 
 VAL111:B.CA        0.5065 
 MET112:B.CA        0.6098 
 MET113:B.CA        0.5496 
 PHE114:B.CA        0.4978 
 VAL115:B.CA        0.7078 
 MET116:B.CA        0.8086 
 LEU117:B.CA        0.5104 
 LEU118:B.CA        0.5688 
 ILE119:B.CA        1.3073 
 VAL120:B.CA        1.3918 
 SER121:B.CA        0.7581 
 ALA122:B.CA        0.6532 
 ILE123:B.CA        1.0429 
 ALA124:B.CA        0.8367 
 VAL125:B.CA        0.5732 
 PHE126:B.CA        0.8155 
 VAL127:B.CA        0.6200 
 PHE128:B.CA        0.9150 
 GLU129:B.CA        0.9266 
 TYR130:B.CA        0.9453 
 PHE131:B.CA        1.5706 
 SER132:B.CA        1.4322 
 PRO133:B.CA        1.0668 
 VAL134:B.CA        0.9382 
 GLY135:B.CA        1.4101 
 TYR136:B.CA        1.4001 
 ASN137:B.CA        2.5782 
 ARG138:B.CA        2.0662 
 ASN139:B.CA        1.4801 
 LEU140:B.CA        1.2280 
 ALA141:B.CA        0.8948 
 LYS142:B.CA        1.7032 
 GLY143:B.CA        1.4206 
 LYS144:B.CA        0.7384 
 ALA145:B.CA        0.6405 
 PRO146:B.CA        1.0166 
 HIS147:B.CA        2.1971 
 GLY148:B.CA        0.6799 
 PRO149:B.CA        0.7630 
 SER150:B.CA        0.5854 
 PHE151:B.CA        0.9357 
 THR152:B.CA        0.9923 
 ILE153:B.CA        0.7051 
 GLY154:B.CA        0.4793 
 LYS155:B.CA        0.8877 
 ALA156:B.CA        0.3606 
 ILE157:B.CA        0.4425 
 TRP158:B.CA        0.5370 
 LEU159:B.CA        0.4863 
 LEU160:B.CA        0.5289 
 TRP161:B.CA        0.5405 
 GLY162:B.CA        0.4817 
 LEU163:B.CA        0.4449 
 VAL164:B.CA        0.4840 
 PHE165:B.CA        0.4364 
 ASN166:B.CA        0.4649 
 ASN167:B.CA        1.0802 
 SER168:B.CA        1.1426 
 VAL169:B.CA        1.2722 
 PRO170:B.CA        1.8565 
 VAL171:B.CA        1.0826 
 GLN172:B.CA        1.1702 
 ASN173:B.CA        1.6061 
 PRO174:B.CA        0.8569 
 LYS175:B.CA        1.2994 
 GLY176:B.CA        1.4155 
 THR177:B.CA        0.9706 
 THR178:B.CA        1.0513 
 SER179:B.CA        0.9128 
 LYS180:B.CA        0.8884 
 ILE181:B.CA        0.9639 
 MET182:B.CA        0.7456 
 VAL183:B.CA        0.6331 
 SER184:B.CA        0.5755 
 VAL185:B.CA        0.5213 
 TRP186:B.CA        0.6981 
 ALA187:B.CA        0.8137 
 PHE188:B.CA        0.8308 
 PHE189:B.CA        0.7233 
 ALA190:B.CA        0.9470 
 VAL191:B.CA        0.9598 
 ILE192:B.CA        0.7178 
 PHE193:B.CA        0.7504 
 LEU194:B.CA        0.6076 
 ALA195:B.CA        0.5229 
 SER196:B.CA        0.7007 
 TYR197:B.CA        0.5486 
 THR198:B.CA        0.5586 
 ALA199:B.CA        0.4565 
 ASN200:B.CA        0.3986 
 LEU201:B.CA        0.6013 
 ALA202:B.CA        0.6241 
 ALA203:B.CA        0.5825 
 PHE204:B.CA        0.8880 
 MET205:B.CA        0.8968 
 ILE206:B.CA        0.7460 
 GLN207:B.CA        1.1689 
 GLU208:C.CA        1.7183 
 PRO209:C.CA        0.7647 
 PHE210:C.CA        0.9109 
 SER211:C.CA        1.0380 
 ALA212:C.CA        0.9706 
 SER213:C.CA        0.6241 
 VAL214:C.CA        0.9138 
 TRP215:C.CA        0.9726 
 VAL216:C.CA        0.6154 
 MET217:C.CA        0.6332 
 MET218:C.CA        0.8112 
 PHE219:C.CA        0.5180 
 VAL220:C.CA        0.7025 
 MET221:C.CA        1.2492 
 LEU222:C.CA        0.7895 
 LEU223:C.CA        0.5909 
 ILE224:C.CA        1.4443 
 VAL225:C.CA        1.4836 
 SER226:C.CA        0.6152 
 ALA227:C.CA        0.8214 
 ILE228:C.CA        1.1839 
 ALA229:C.CA        0.6712 
 VAL230:C.CA        0.5258 
 PHE231:C.CA        0.9515 
 VAL232:C.CA        1.1561 
 PHE233:C.CA        0.8179 
 GLU234:C.CA        0.8244 
 TYR235:C.CA        0.9002 
 PHE236:C.CA        1.3000 
 SER237:C.CA        1.3965 
 PRO238:C.CA        1.0123 
 VAL239:C.CA        0.7914 
 GLY240:C.CA        0.5970 
 TYR241:C.CA        1.7016 
 ASN242:C.CA        1.2644 
 ARG243:C.CA        0.9527 
 ASN244:C.CA        1.4151 
 LEU245:C.CA        1.4521 
 ALA246:C.CA        0.9184 
 LYS247:C.CA        1.3872 
 GLY248:C.CA        0.7380 
 LYS249:C.CA        1.5689 
 ALA250:C.CA        1.0048 
 PRO251:C.CA        0.6667 
 HIS252:C.CA        0.5492 
 GLY253:C.CA        1.0479 
 PRO254:C.CA        0.6180 
 SER255:C.CA        0.6687 
 PHE256:C.CA        0.6523 
 THR257:C.CA        0.6977 
 ILE258:C.CA        0.6032 
 GLY259:C.CA        0.8334 
 LYS260:C.CA        0.6556 
 ALA261:C.CA        0.3498 
 ILE262:C.CA        0.4405 
 TRP263:C.CA        0.4687 
 LEU264:C.CA        0.3343 
 LEU265:C.CA        0.3499 
 TRP266:C.CA        0.8330 
 GLY267:C.CA        1.0401 
 LEU268:C.CA        0.8575 
 VAL269:C.CA        0.9233 
 PHE270:C.CA        0.6385 
 ASN271:C.CA        0.6476 
 ASN272:C.CA        1.0806 
 SER273:C.CA        1.8389 
 VAL274:C.CA        0.8741 
 PRO275:C.CA        1.0186 
 VAL276:C.CA        0.6276 
 GLN277:C.CA        0.5426 
 ASN278:C.CA        0.7388 
 PRO279:C.CA        1.0685 
 LYS280:C.CA        0.8309 
 GLY281:C.CA        0.9015 
 THR282:C.CA        0.5760 
 THR283:C.CA        0.6445 
 SER284:C.CA        0.7532 
 LYS285:C.CA        0.5024 
 ILE286:C.CA        0.4620 
 MET287:C.CA        0.7459 
 VAL288:C.CA        0.6805 
 SER289:C.CA        0.4324 
 VAL290:C.CA        0.4666 
 TRP291:C.CA        0.7266 
 ALA292:C.CA        0.9700 
 PHE293:C.CA        0.8446 
 PHE294:C.CA        0.8991 
 ALA295:C.CA        1.2300 
 VAL296:C.CA        0.9757 
 ILE297:C.CA        0.8885 
 PHE298:C.CA        0.9794 
 LEU299:C.CA        0.5917 
 ALA300:C.CA        0.5393 
 SER301:C.CA        0.6027 
 TYR302:C.CA        0.5933 
 THR303:C.CA        0.7726 
 ALA304:C.CA        0.5711 
 ASN305:C.CA        0.4814 
 LEU306:C.CA        0.6597 
 ALA307:C.CA        0.5995 
 ALA308:C.CA        0.7050 
 PHE309:C.CA        0.8916 
 MET310:C.CA        0.8896 
 ILE311:C.CA        1.0967 
 GLN312:C.CA        1.3209 
 GLN313:D.CA        3.5297 
 PRO314:D.CA        2.0731 
 PHE315:D.CA        0.4430 
 GLN316:D.CA        0.7724 
 SER317:D.CA        0.5726 
 THR318:D.CA        0.4304 
 LEU319:D.CA        0.4092 
 TRP320:D.CA        0.4081 
 LEU321:D.CA        0.4446 
 LEU322:D.CA        0.4646 
 VAL323:D.CA        0.4189 
 GLY324:D.CA        0.5808 
 LEU325:D.CA        0.5969 
 SER326:D.CA        0.4838 
 VAL327:D.CA        0.4134 
 HIS328:D.CA        0.6970 
 VAL329:D.CA        0.5731 
 VAL330:D.CA        0.4092 
 ALA331:D.CA        0.3859 
 VAL332:D.CA        0.5655 
 MET333:D.CA        0.5154 
 LEU334:D.CA        0.4726 
 TYR335:D.CA        0.5664 
 LEU336:D.CA        0.7225 
 LEU337:D.CA        1.2321 
 ASP338:D.CA        1.3145 
 ARG339:D.CA        1.9192 
 PHE340:D.CA        0.8960 
 SER341:D.CA        1.4342 
 PRO342:D.CA        1.0538 
 PHE343:D.CA        0.9001 
 GLY344:D.CA        0.7807 
 ARG345:D.CA        0.7998 
 PHE346:D.CA        1.5620 
 LYS347:D.CA        1.0145 
 VAL348:D.CA        0.7472 
 ASN349:D.CA        1.3227 
 SER350:D.CA        1.2315 
 GLU351:D.CA        0.6506 
 GLU352:D.CA        0.5712 
 GLU353:D.CA        1.7137 
 GLU354:D.CA        3.9933 
 GLU355:D.CA        1.6046 
 ASP356:D.CA        2.5107 
 ALA357:D.CA        2.7287 
 LEU358:D.CA        1.0383 
 THR359:D.CA        1.2194 
 LEU360:D.CA        0.9237 
 SER361:D.CA        1.7282 
 SER362:D.CA        0.8750 
 ALA363:D.CA        0.5519 
 MET364:D.CA        1.0669 
 TRP365:D.CA        0.5326 
 PHE366:D.CA        0.3733 
 SER367:D.CA        0.6470 
 TRP368:D.CA        0.5298 
 GLY369:D.CA        0.6441 
 VAL370:D.CA        0.7842 
 LEU371:D.CA        1.1267 
 LEU372:D.CA        1.1748 
 ASN373:D.CA        1.0318 
 SER374:D.CA        0.8289 
 GLY375:D.CA        0.9013 
 ILE376:D.CA        0.7502 
 GLY377:D.CA        0.9023 
 GLU378:D.CA        0.9123 
 GLY379:D.CA        0.9550 
 ALA380:D.CA        0.9441 
 PRO381:D.CA        0.9897 
 ARG382:D.CA        1.1371 
 SER383:D.CA        0.8948 
 PHE384:D.CA        0.7112 
 SER385:D.CA        0.5650 
 ALA386:D.CA        0.6670 
 ARG387:D.CA        0.6137 
 ILE388:D.CA        0.5239 
 LEU389:D.CA        0.8129 
 GLY390:D.CA        0.7927 
 MET391:D.CA        1.0051 
 VAL392:D.CA        1.0268 
 TRP393:D.CA        0.9259 
 ALA394:D.CA        1.1028 
 GLY395:D.CA        0.8600 
 PHE396:D.CA        0.7113 
 ALA397:D.CA        1.6240 
 MET398:D.CA        1.6527 
 ILE399:D.CA        1.0805 
 ILE400:D.CA        1.0141 
 VAL401:D.CA        1.0156 
 ALA402:D.CA        0.8975 
 SER403:D.CA        0.6333 
 TYR404:D.CA        0.6556 
 THR405:D.CA        0.7937 
 ALA406:D.CA        0.6890 
 ASN407:D.CA        0.7942 
 LEU408:D.CA        0.7001 
 ALA409:D.CA        0.6897 
 ALA410:D.CA        1.0035 
 PHE411:D.CA        1.1133 
 LEU412:D.CA        1.3753 
 VAL413:D.CA        1.2946 
 LEU414:D.CA        2.2597 
 THR788:A.CA        2.4935 
 PHE789:A.CA        1.1158 
 GLU790:A.CA        0.5209 
 ASN791:A.CA        0.6309 
 MET792:A.CA        0.4087 
 ALA793:A.CA        0.5578 
 GLY794:A.CA        1.1814 
 VAL795:A.CA        1.4806 
 PHE796:A.CA        0.7803 
 MET797:A.CA        0.5661 
 LEU798:A.CA        0.5783 
 VAL799:A.CA        0.5714 
 ALA800:A.CA        0.4692 
 GLY801:A.CA        0.4758 
 GLY802:A.CA        0.6784 
 ILE803:A.CA        0.8718 
 VAL804:A.CA        0.6633 
 ALA805:A.CA        0.4982 
 GLY806:A.CA        0.8913 
 ILE807:A.CA        1.0603 
 PHE808:A.CA        0.7761 
 LEU809:A.CA        0.8433 
 ILE810:A.CA        0.8593 
 PHE811:A.CA        0.7653 
 ILE812:A.CA        0.5007 
 GLU813:A.CA        0.7656 
 ILE814:A.CA        0.7387 
 ALA815:A.CA        0.5869 
 TYR816:A.CA        1.9972 
 LYS817:A.CA        2.5426 
 THR788:D.CA        2.1750 
 PHE789:D.CA        1.2586 
 GLU790:D.CA        0.6331 
 ASN791:D.CA        0.5074 
 MET792:D.CA        0.6044 
 ALA793:D.CA        0.4924 
 GLY794:D.CA        0.9262 
 VAL795:D.CA        1.1912 
 PHE796:D.CA        0.5755 
 MET797:D.CA        0.6399 
 LEU798:D.CA        1.0703 
 VAL799:D.CA        0.9366 
 ALA800:D.CA        0.4481 
 GLY801:D.CA        0.8558 
 GLY802:D.CA        0.7661 
 ILE803:D.CA        0.5291 
 VAL804:D.CA        0.4839 
 ALA805:D.CA        0.4117 
 GLY806:D.CA        0.5277 
 ILE807:D.CA        0.6231 
 PHE808:D.CA        0.5374 
 LEU809:D.CA        0.5049 
 ILE810:D.CA        0.8529 
 PHE811:D.CA        0.8385 
 ILE812:D.CA        0.6913 
 GLU813:D.CA        0.8425 
 ILE814:D.CA        0.8463 
 ALA815:D.CA        0.8696 
 TYR816:D.CA        1.1643 
 LYS817:D.CA        1.3322 
 ASP788:B.CA        0.7677 
 ILE789:B.CA        0.7369 
 ASP790:B.CA        0.6336 
 ASN791:B.CA        0.9842 
 MET792:B.CA        0.8119 
 ALA793:B.CA        0.7352 
 GLY794:B.CA        0.7878 
 VAL795:B.CA        1.0780 
 PHE796:B.CA        0.6711 
 TYR797:B.CA        0.5887 
 MET798:B.CA        0.7643 
 LEU799:B.CA        0.8587 
 ALA800:B.CA        0.8364 
 ALA801:B.CA        0.7842 
 ALA802:B.CA        0.7729 
 MET803:B.CA        0.7429 
 ALA804:B.CA        0.6875 
 LEU805:B.CA        0.7118 
 SER806:B.CA        0.6890 
 LEU807:B.CA        0.6896 
 ILE808:B.CA        0.4993 
 THR809:B.CA        0.3221 
 PHE810:B.CA        0.3881 
 ILE811:B.CA        0.4044 
 TRP812:B.CA        0.6681 
 GLU813:B.CA        0.7554 
 HIS814:B.CA        0.8891 
 LEU815:B.CA        0.6872 
 PHE816:B.CA        0.8789 
 TYR817:B.CA        1.0379 
 ASP788:C.CA        0.7972 
 ILE789:C.CA        0.8539 
 ASP790:C.CA        1.2654 
 ASN791:C.CA        1.0458 
 MET792:C.CA        0.5023 
 ALA793:C.CA        0.4607 
 GLY794:C.CA        0.7199 
 VAL795:C.CA        0.7108 
 PHE796:C.CA        0.5497 
 TYR797:C.CA        0.5677 
 MET798:C.CA        0.4562 
 LEU799:C.CA        0.4906 
 ALA800:C.CA        0.5261 
 ALA801:C.CA        0.5606 
 ALA802:C.CA        0.6257 
 MET803:C.CA        0.4382 
 ALA804:C.CA        0.4045 
 LEU805:C.CA        0.7686 
 SER806:C.CA        0.7801 
 LEU807:C.CA        0.3534 
 ILE808:C.CA        0.5586 
 THR809:C.CA        0.4713 
 PHE810:C.CA        0.4366 
 ILE811:C.CA        0.7031 
 TRP812:C.CA        0.5099 
 GLU813:C.CA        0.9814 
 HIS814:C.CA        1.3753 
 LEU815:C.CA        1.0822 
 PHE816:C.CA        1.2733 
 TYR817:C.CA        1.3536 
